converting SSP058
INFO: Running heudiconv version 0.11.3 latest 1.3.2
INFO: Need to process 1 study sessions
INFO: PROCESSING STARTS: {'subject': 'SSP058', 'outdir': '/bgfs/bchandrasekaran/krs228/data/SSP/data_bids/', 'session': '1'}
INFO: Processing 12152 dicoms
INFO: Analyzing 12152 dicoms
INFO: Generated sequence info with 36 entries
INFO: Doing conversion using dcm2niix
INFO: Converting /bgfs/bchandrasekaran/krs228/data/SSP/data_bids/sub-SSP058/anat/sub-SSP058_T1w (176 DICOMs) -> /bgfs/bchandrasekaran/krs228/data/SSP/data_bids/sub-SSP058/anat . Converter: dcm2niix . Output types: ('nii.gz',)
250114-18:28:33,814 nipype.utils WARNING:
	 A newer version (1.8.4) of nipy/nipype is available. You are using 1.6.0
WARNING: A newer version (1.8.4) of nipy/nipype is available. You are using 1.6.0
250114-18:28:33,835 nipype.workflow INFO:
	 [Node] Setting-up "convert" in "/scratch/slurm-4829735/dcm2niixb0xp8uwd/convert".
INFO: [Node] Setting-up "convert" in "/scratch/slurm-4829735/dcm2niixb0xp8uwd/convert".
250114-18:28:33,883 nipype.workflow INFO:
	 [Node] Running "convert" ("nipype.interfaces.dcm2nii.Dcm2niix"), a CommandLine Interface with command:
dcm2niix -b y -z y -x n -t n -m n -f sub-SSP058_T1w_heudiconv648 -o /bgfs/bchandrasekaran/krs228/data/SSP/data_bids/sub-SSP058/anat -s n -v n /scratch/slurm-4829735/dcm2niixb0xp8uwd/convert
INFO: [Node] Running "convert" ("nipype.interfaces.dcm2nii.Dcm2niix"), a CommandLine Interface with command:
dcm2niix -b y -z y -x n -t n -m n -f sub-SSP058_T1w_heudiconv648 -o /bgfs/bchandrasekaran/krs228/data/SSP/data_bids/sub-SSP058/anat -s n -v n /scratch/slurm-4829735/dcm2niixb0xp8uwd/convert
250114-18:28:34,511 nipype.interface INFO:
	 stdout 2025-01-14T18:28:34.511090:Chris Rorden's dcm2niiX version v1.0.20240202  (JP2:OpenJPEG) (JP-LS:CharLS) GCC8.4.0 x86-64 (64-bit Linux)
INFO: stdout 2025-01-14T18:28:34.511090:Chris Rorden's dcm2niiX version v1.0.20240202  (JP2:OpenJPEG) (JP-LS:CharLS) GCC8.4.0 x86-64 (64-bit Linux)
250114-18:28:34,511 nipype.interface INFO:
	 stdout 2025-01-14T18:28:34.511090:Found 176 DICOM file(s)
INFO: stdout 2025-01-14T18:28:34.511090:Found 176 DICOM file(s)
250114-18:28:34,511 nipype.interface INFO:
	 stdout 2025-01-14T18:28:34.511090:Convert 176 DICOM as /bgfs/bchandrasekaran/krs228/data/SSP/data_bids/sub-SSP058/anat/sub-SSP058_T1w_heudiconv648 (256x256x176x1)
INFO: stdout 2025-01-14T18:28:34.511090:Convert 176 DICOM as /bgfs/bchandrasekaran/krs228/data/SSP/data_bids/sub-SSP058/anat/sub-SSP058_T1w_heudiconv648 (256x256x176x1)
250114-18:28:35,485 nipype.interface INFO:
	 stdout 2025-01-14T18:28:35.485506:Conversion required 1.396946 seconds (1.110000 for core code).
INFO: stdout 2025-01-14T18:28:35.485506:Conversion required 1.396946 seconds (1.110000 for core code).
250114-18:28:35,529 nipype.workflow INFO:
	 [Node] Finished "convert".
INFO: [Node] Finished "convert".
WARNING: Failed to find task field in /bgfs/bchandrasekaran/krs228/data/SSP/data_bids/sub-SSP058/anat/sub-SSP058_T1w.json.
250114-18:28:35,582 nipype.workflow INFO:
	 [Node] Setting-up "embedder" in "/scratch/slurm-4829735/embedmetauxu65ccg/embedder".
INFO: [Node] Setting-up "embedder" in "/scratch/slurm-4829735/embedmetauxu65ccg/embedder".
250114-18:28:35,602 nipype.workflow INFO:
	 [Node] Running "embedder" ("nipype.interfaces.utility.wrappers.Function")
INFO: [Node] Running "embedder" ("nipype.interfaces.utility.wrappers.Function")
250114-18:28:39,502 nipype.workflow INFO:
	 [Node] Finished "embedder".
INFO: [Node] Finished "embedder".
INFO: Post-treating /bgfs/bchandrasekaran/krs228/data/SSP/data_bids/sub-SSP058/anat/sub-SSP058_T1w.json file
INFO: Converting /bgfs/bchandrasekaran/krs228/data/SSP/data_bids/sub-SSP058/fmap/sub-SSP058_acq-func_dir-AP_run-01_epi (3 DICOMs) -> /bgfs/bchandrasekaran/krs228/data/SSP/data_bids/sub-SSP058/fmap . Converter: dcm2niix . Output types: ('nii.gz',)
250114-18:28:39,549 nipype.workflow INFO:
	 [Node] Setting-up "convert" in "/scratch/slurm-4829735/dcm2niixig5gx0h0/convert".
INFO: [Node] Setting-up "convert" in "/scratch/slurm-4829735/dcm2niixig5gx0h0/convert".
250114-18:28:39,554 nipype.workflow INFO:
	 [Node] Running "convert" ("nipype.interfaces.dcm2nii.Dcm2niix"), a CommandLine Interface with command:
dcm2niix -b y -z y -x n -t n -m n -f sub-SSP058_acq-func_dir-AP_run-01_epi_heudiconv302 -o /bgfs/bchandrasekaran/krs228/data/SSP/data_bids/sub-SSP058/fmap -s n -v n /scratch/slurm-4829735/dcm2niixig5gx0h0/convert
INFO: [Node] Running "convert" ("nipype.interfaces.dcm2nii.Dcm2niix"), a CommandLine Interface with command:
dcm2niix -b y -z y -x n -t n -m n -f sub-SSP058_acq-func_dir-AP_run-01_epi_heudiconv302 -o /bgfs/bchandrasekaran/krs228/data/SSP/data_bids/sub-SSP058/fmap -s n -v n /scratch/slurm-4829735/dcm2niixig5gx0h0/convert
250114-18:28:39,796 nipype.interface INFO:
	 stdout 2025-01-14T18:28:39.796077:Chris Rorden's dcm2niiX version v1.0.20240202  (JP2:OpenJPEG) (JP-LS:CharLS) GCC8.4.0 x86-64 (64-bit Linux)
INFO: stdout 2025-01-14T18:28:39.796077:Chris Rorden's dcm2niiX version v1.0.20240202  (JP2:OpenJPEG) (JP-LS:CharLS) GCC8.4.0 x86-64 (64-bit Linux)
250114-18:28:39,796 nipype.interface INFO:
	 stdout 2025-01-14T18:28:39.796077:Found 3 DICOM file(s)
INFO: stdout 2025-01-14T18:28:39.796077:Found 3 DICOM file(s)
250114-18:28:39,796 nipype.interface INFO:
	 stdout 2025-01-14T18:28:39.796077:Convert 3 DICOM as /bgfs/bchandrasekaran/krs228/data/SSP/data_bids/sub-SSP058/fmap/sub-SSP058_acq-func_dir-AP_run-01_epi_heudiconv302 (104x104x72x3)
INFO: stdout 2025-01-14T18:28:39.796077:Convert 3 DICOM as /bgfs/bchandrasekaran/krs228/data/SSP/data_bids/sub-SSP058/fmap/sub-SSP058_acq-func_dir-AP_run-01_epi_heudiconv302 (104x104x72x3)
250114-18:28:39,908 nipype.interface INFO:
	 stdout 2025-01-14T18:28:39.908612:Conversion required 0.267085 seconds (0.170000 for core code).
INFO: stdout 2025-01-14T18:28:39.908612:Conversion required 0.267085 seconds (0.170000 for core code).
250114-18:28:39,949 nipype.workflow INFO:
	 [Node] Finished "convert".
INFO: [Node] Finished "convert".
WARNING: Failed to find task field in /bgfs/bchandrasekaran/krs228/data/SSP/data_bids/sub-SSP058/fmap/sub-SSP058_acq-func_dir-AP_run-01_epi.json.
250114-18:28:39,994 nipype.workflow INFO:
	 [Node] Setting-up "embedder" in "/scratch/slurm-4829735/embedmetao739a26w/embedder".
INFO: [Node] Setting-up "embedder" in "/scratch/slurm-4829735/embedmetao739a26w/embedder".
250114-18:28:40,5 nipype.workflow INFO:
	 [Node] Running "embedder" ("nipype.interfaces.utility.wrappers.Function")
INFO: [Node] Running "embedder" ("nipype.interfaces.utility.wrappers.Function")
250114-18:28:40,166 nipype.workflow INFO:
	 [Node] Finished "embedder".
INFO: [Node] Finished "embedder".
INFO: Post-treating /bgfs/bchandrasekaran/krs228/data/SSP/data_bids/sub-SSP058/fmap/sub-SSP058_acq-func_dir-AP_run-01_epi.json file
INFO: Converting /bgfs/bchandrasekaran/krs228/data/SSP/data_bids/sub-SSP058/fmap/sub-SSP058_acq-func_dir-PA_run-01_epi (3 DICOMs) -> /bgfs/bchandrasekaran/krs228/data/SSP/data_bids/sub-SSP058/fmap . Converter: dcm2niix . Output types: ('nii.gz',)
250114-18:28:40,189 nipype.workflow INFO:
	 [Node] Setting-up "convert" in "/scratch/slurm-4829735/dcm2niix6r2w5i2o/convert".
INFO: [Node] Setting-up "convert" in "/scratch/slurm-4829735/dcm2niix6r2w5i2o/convert".
250114-18:28:40,194 nipype.workflow INFO:
	 [Node] Running "convert" ("nipype.interfaces.dcm2nii.Dcm2niix"), a CommandLine Interface with command:
dcm2niix -b y -z y -x n -t n -m n -f sub-SSP058_acq-func_dir-PA_run-01_epi_heudiconv652 -o /bgfs/bchandrasekaran/krs228/data/SSP/data_bids/sub-SSP058/fmap -s n -v n /scratch/slurm-4829735/dcm2niix6r2w5i2o/convert
INFO: [Node] Running "convert" ("nipype.interfaces.dcm2nii.Dcm2niix"), a CommandLine Interface with command:
dcm2niix -b y -z y -x n -t n -m n -f sub-SSP058_acq-func_dir-PA_run-01_epi_heudiconv652 -o /bgfs/bchandrasekaran/krs228/data/SSP/data_bids/sub-SSP058/fmap -s n -v n /scratch/slurm-4829735/dcm2niix6r2w5i2o/convert
250114-18:28:40,456 nipype.interface INFO:
	 stdout 2025-01-14T18:28:40.456081:Chris Rorden's dcm2niiX version v1.0.20240202  (JP2:OpenJPEG) (JP-LS:CharLS) GCC8.4.0 x86-64 (64-bit Linux)
INFO: stdout 2025-01-14T18:28:40.456081:Chris Rorden's dcm2niiX version v1.0.20240202  (JP2:OpenJPEG) (JP-LS:CharLS) GCC8.4.0 x86-64 (64-bit Linux)
250114-18:28:40,456 nipype.interface INFO:
	 stdout 2025-01-14T18:28:40.456081:Found 3 DICOM file(s)
INFO: stdout 2025-01-14T18:28:40.456081:Found 3 DICOM file(s)
250114-18:28:40,456 nipype.interface INFO:
	 stdout 2025-01-14T18:28:40.456081:Convert 3 DICOM as /bgfs/bchandrasekaran/krs228/data/SSP/data_bids/sub-SSP058/fmap/sub-SSP058_acq-func_dir-PA_run-01_epi_heudiconv652 (104x104x72x3)
INFO: stdout 2025-01-14T18:28:40.456081:Convert 3 DICOM as /bgfs/bchandrasekaran/krs228/data/SSP/data_bids/sub-SSP058/fmap/sub-SSP058_acq-func_dir-PA_run-01_epi_heudiconv652 (104x104x72x3)
250114-18:28:40,578 nipype.interface INFO:
	 stdout 2025-01-14T18:28:40.578627:Conversion required 0.306555 seconds (0.170000 for core code).
INFO: stdout 2025-01-14T18:28:40.578627:Conversion required 0.306555 seconds (0.170000 for core code).
250114-18:28:40,614 nipype.workflow INFO:
	 [Node] Finished "convert".
INFO: [Node] Finished "convert".
WARNING: Failed to find task field in /bgfs/bchandrasekaran/krs228/data/SSP/data_bids/sub-SSP058/fmap/sub-SSP058_acq-func_dir-PA_run-01_epi.json.
250114-18:28:40,663 nipype.workflow INFO:
	 [Node] Setting-up "embedder" in "/scratch/slurm-4829735/embedmetax6wjh8j9/embedder".
INFO: [Node] Setting-up "embedder" in "/scratch/slurm-4829735/embedmetax6wjh8j9/embedder".
250114-18:28:40,674 nipype.workflow INFO:
	 [Node] Running "embedder" ("nipype.interfaces.utility.wrappers.Function")
INFO: [Node] Running "embedder" ("nipype.interfaces.utility.wrappers.Function")
250114-18:28:40,834 nipype.workflow INFO:
	 [Node] Finished "embedder".
INFO: [Node] Finished "embedder".
INFO: Post-treating /bgfs/bchandrasekaran/krs228/data/SSP/data_bids/sub-SSP058/fmap/sub-SSP058_acq-func_dir-PA_run-01_epi.json file
INFO: Converting /bgfs/bchandrasekaran/krs228/data/SSP/data_bids/sub-SSP058/func/sub-SSP058_task-rest_run-01_bold (420 DICOMs) -> /bgfs/bchandrasekaran/krs228/data/SSP/data_bids/sub-SSP058/func . Converter: dcm2niix . Output types: ('nii.gz',)
250114-18:28:40,925 nipype.workflow INFO:
	 [Node] Setting-up "convert" in "/scratch/slurm-4829735/dcm2niixs2mwqff9/convert".
INFO: [Node] Setting-up "convert" in "/scratch/slurm-4829735/dcm2niixs2mwqff9/convert".
250114-18:28:41,26 nipype.workflow INFO:
	 [Node] Running "convert" ("nipype.interfaces.dcm2nii.Dcm2niix"), a CommandLine Interface with command:
dcm2niix -b y -z y -x n -t n -m n -f sub-SSP058_task-rest_run-01_bold_heudiconv621 -o /bgfs/bchandrasekaran/krs228/data/SSP/data_bids/sub-SSP058/func -s n -v n /scratch/slurm-4829735/dcm2niixs2mwqff9/convert
INFO: [Node] Running "convert" ("nipype.interfaces.dcm2nii.Dcm2niix"), a CommandLine Interface with command:
dcm2niix -b y -z y -x n -t n -m n -f sub-SSP058_task-rest_run-01_bold_heudiconv621 -o /bgfs/bchandrasekaran/krs228/data/SSP/data_bids/sub-SSP058/func -s n -v n /scratch/slurm-4829735/dcm2niixs2mwqff9/convert
250114-18:28:50,761 nipype.interface INFO:
	 stdout 2025-01-14T18:28:50.761086:Chris Rorden's dcm2niiX version v1.0.20240202  (JP2:OpenJPEG) (JP-LS:CharLS) GCC8.4.0 x86-64 (64-bit Linux)
INFO: stdout 2025-01-14T18:28:50.761086:Chris Rorden's dcm2niiX version v1.0.20240202  (JP2:OpenJPEG) (JP-LS:CharLS) GCC8.4.0 x86-64 (64-bit Linux)
250114-18:28:50,772 nipype.interface INFO:
	 stdout 2025-01-14T18:28:50.761086:Found 420 DICOM file(s)
INFO: stdout 2025-01-14T18:28:50.761086:Found 420 DICOM file(s)
250114-18:28:50,772 nipype.interface INFO:
	 stdout 2025-01-14T18:28:50.761086:Convert 420 DICOM as /bgfs/bchandrasekaran/krs228/data/SSP/data_bids/sub-SSP058/func/sub-SSP058_task-rest_run-01_bold_heudiconv621 (104x104x72x420)
INFO: stdout 2025-01-14T18:28:50.761086:Convert 420 DICOM as /bgfs/bchandrasekaran/krs228/data/SSP/data_bids/sub-SSP058/func/sub-SSP058_task-rest_run-01_bold_heudiconv621 (104x104x72x420)
250114-18:29:08,40 nipype.interface INFO:
	 stdout 2025-01-14T18:29:08.040452:Conversion required 26.935256 seconds (17.920000 for core code).
INFO: stdout 2025-01-14T18:29:08.040452:Conversion required 26.935256 seconds (17.920000 for core code).
250114-18:29:08,89 nipype.workflow INFO:
	 [Node] Finished "convert".
INFO: [Node] Finished "convert".
250114-18:29:08,149 nipype.workflow INFO:
	 [Node] Setting-up "embedder" in "/scratch/slurm-4829735/embedmetaafz5q3mb/embedder".
INFO: [Node] Setting-up "embedder" in "/scratch/slurm-4829735/embedmetaafz5q3mb/embedder".
250114-18:29:08,182 nipype.workflow INFO:
	 [Node] Running "embedder" ("nipype.interfaces.utility.wrappers.Function")
INFO: [Node] Running "embedder" ("nipype.interfaces.utility.wrappers.Function")
250114-18:29:30,731 nipype.workflow INFO:
	 [Node] Finished "embedder".
INFO: [Node] Finished "embedder".
INFO: Post-treating /bgfs/bchandrasekaran/krs228/data/SSP/data_bids/sub-SSP058/func/sub-SSP058_task-rest_run-01_bold.json file
INFO: Converting /bgfs/bchandrasekaran/krs228/data/SSP/data_bids/sub-SSP058/func/sub-SSP058_task-rest_run-01_sbref (1 DICOMs) -> /bgfs/bchandrasekaran/krs228/data/SSP/data_bids/sub-SSP058/func . Converter: dcm2niix . Output types: ('nii.gz',)
250114-18:29:30,885 nipype.workflow INFO:
	 [Node] Setting-up "convert" in "/scratch/slurm-4829735/dcm2niixr12ja6en/convert".
INFO: [Node] Setting-up "convert" in "/scratch/slurm-4829735/dcm2niixr12ja6en/convert".
250114-18:29:30,889 nipype.workflow INFO:
	 [Node] Running "convert" ("nipype.interfaces.dcm2nii.Dcm2niix"), a CommandLine Interface with command:
dcm2niix -b y -z y -x n -t n -m n -f sub-SSP058_task-rest_run-01_sbref_heudiconv365 -o /bgfs/bchandrasekaran/krs228/data/SSP/data_bids/sub-SSP058/func -s n -v n /scratch/slurm-4829735/dcm2niixr12ja6en/convert
INFO: [Node] Running "convert" ("nipype.interfaces.dcm2nii.Dcm2niix"), a CommandLine Interface with command:
dcm2niix -b y -z y -x n -t n -m n -f sub-SSP058_task-rest_run-01_sbref_heudiconv365 -o /bgfs/bchandrasekaran/krs228/data/SSP/data_bids/sub-SSP058/func -s n -v n /scratch/slurm-4829735/dcm2niixr12ja6en/convert
250114-18:29:31,177 nipype.interface INFO:
	 stdout 2025-01-14T18:29:31.177086:Chris Rorden's dcm2niiX version v1.0.20240202  (JP2:OpenJPEG) (JP-LS:CharLS) GCC8.4.0 x86-64 (64-bit Linux)
INFO: stdout 2025-01-14T18:29:31.177086:Chris Rorden's dcm2niiX version v1.0.20240202  (JP2:OpenJPEG) (JP-LS:CharLS) GCC8.4.0 x86-64 (64-bit Linux)
250114-18:29:31,177 nipype.interface INFO:
	 stdout 2025-01-14T18:29:31.177086:Found 1 DICOM file(s)
INFO: stdout 2025-01-14T18:29:31.177086:Found 1 DICOM file(s)
250114-18:29:31,177 nipype.interface INFO:
	 stdout 2025-01-14T18:29:31.177086:Convert 1 DICOM as /bgfs/bchandrasekaran/krs228/data/SSP/data_bids/sub-SSP058/func/sub-SSP058_task-rest_run-01_sbref_heudiconv365 (104x104x72x1)
INFO: stdout 2025-01-14T18:29:31.177086:Convert 1 DICOM as /bgfs/bchandrasekaran/krs228/data/SSP/data_bids/sub-SSP058/func/sub-SSP058_task-rest_run-01_sbref_heudiconv365 (104x104x72x1)
250114-18:29:31,210 nipype.interface INFO:
	 stdout 2025-01-14T18:29:31.210543:Conversion required 0.116243 seconds (0.080000 for core code).
INFO: stdout 2025-01-14T18:29:31.210543:Conversion required 0.116243 seconds (0.080000 for core code).
250114-18:29:31,259 nipype.workflow INFO:
	 [Node] Finished "convert".
INFO: [Node] Finished "convert".
250114-18:29:31,334 nipype.workflow INFO:
	 [Node] Setting-up "embedder" in "/scratch/slurm-4829735/embedmetaw_36xdkk/embedder".
INFO: [Node] Setting-up "embedder" in "/scratch/slurm-4829735/embedmetaw_36xdkk/embedder".
250114-18:29:31,349 nipype.workflow INFO:
	 [Node] Running "embedder" ("nipype.interfaces.utility.wrappers.Function")
INFO: [Node] Running "embedder" ("nipype.interfaces.utility.wrappers.Function")
250114-18:29:31,440 nipype.workflow INFO:
	 [Node] Finished "embedder".
INFO: [Node] Finished "embedder".
INFO: Post-treating /bgfs/bchandrasekaran/krs228/data/SSP/data_bids/sub-SSP058/func/sub-SSP058_task-rest_run-01_sbref.json file
INFO: Converting /bgfs/bchandrasekaran/krs228/data/SSP/data_bids/sub-SSP058/func/sub-SSP058_task-badaga_run-01_bold (184 DICOMs) -> /bgfs/bchandrasekaran/krs228/data/SSP/data_bids/sub-SSP058/func . Converter: dcm2niix . Output types: ('nii.gz',)
250114-18:29:31,494 nipype.workflow INFO:
	 [Node] Setting-up "convert" in "/scratch/slurm-4829735/dcm2niixynjl1_m3/convert".
INFO: [Node] Setting-up "convert" in "/scratch/slurm-4829735/dcm2niixynjl1_m3/convert".
250114-18:29:31,540 nipype.workflow INFO:
	 [Node] Running "convert" ("nipype.interfaces.dcm2nii.Dcm2niix"), a CommandLine Interface with command:
dcm2niix -b y -z y -x n -t n -m n -f sub-SSP058_task-badaga_run-01_bold_heudiconv713 -o /bgfs/bchandrasekaran/krs228/data/SSP/data_bids/sub-SSP058/func -s n -v n /scratch/slurm-4829735/dcm2niixynjl1_m3/convert
INFO: [Node] Running "convert" ("nipype.interfaces.dcm2nii.Dcm2niix"), a CommandLine Interface with command:
dcm2niix -b y -z y -x n -t n -m n -f sub-SSP058_task-badaga_run-01_bold_heudiconv713 -o /bgfs/bchandrasekaran/krs228/data/SSP/data_bids/sub-SSP058/func -s n -v n /scratch/slurm-4829735/dcm2niixynjl1_m3/convert
250114-18:29:34,953 nipype.interface INFO:
	 stdout 2025-01-14T18:29:34.953082:Chris Rorden's dcm2niiX version v1.0.20240202  (JP2:OpenJPEG) (JP-LS:CharLS) GCC8.4.0 x86-64 (64-bit Linux)
INFO: stdout 2025-01-14T18:29:34.953082:Chris Rorden's dcm2niiX version v1.0.20240202  (JP2:OpenJPEG) (JP-LS:CharLS) GCC8.4.0 x86-64 (64-bit Linux)
250114-18:29:34,964 nipype.interface INFO:
	 stdout 2025-01-14T18:29:34.953082:Found 184 DICOM file(s)
INFO: stdout 2025-01-14T18:29:34.953082:Found 184 DICOM file(s)
250114-18:29:34,964 nipype.interface INFO:
	 stdout 2025-01-14T18:29:34.953082:Convert 184 DICOM as /bgfs/bchandrasekaran/krs228/data/SSP/data_bids/sub-SSP058/func/sub-SSP058_task-badaga_run-01_bold_heudiconv713 (104x104x72x184)
INFO: stdout 2025-01-14T18:29:34.953082:Convert 184 DICOM as /bgfs/bchandrasekaran/krs228/data/SSP/data_bids/sub-SSP058/func/sub-SSP058_task-badaga_run-01_bold_heudiconv713 (104x104x72x184)
250114-18:29:42,469 nipype.interface INFO:
	 stdout 2025-01-14T18:29:42.469569:Conversion required 10.730200 seconds (7.770000 for core code).
INFO: stdout 2025-01-14T18:29:42.469569:Conversion required 10.730200 seconds (7.770000 for core code).
250114-18:29:42,512 nipype.workflow INFO:
	 [Node] Finished "convert".
INFO: [Node] Finished "convert".
250114-18:29:42,561 nipype.workflow INFO:
	 [Node] Setting-up "embedder" in "/scratch/slurm-4829735/embedmeta8to85r62/embedder".
INFO: [Node] Setting-up "embedder" in "/scratch/slurm-4829735/embedmeta8to85r62/embedder".
250114-18:29:42,582 nipype.workflow INFO:
	 [Node] Running "embedder" ("nipype.interfaces.utility.wrappers.Function")
INFO: [Node] Running "embedder" ("nipype.interfaces.utility.wrappers.Function")
250114-18:29:52,306 nipype.workflow INFO:
	 [Node] Finished "embedder".
INFO: [Node] Finished "embedder".
INFO: Post-treating /bgfs/bchandrasekaran/krs228/data/SSP/data_bids/sub-SSP058/func/sub-SSP058_task-badaga_run-01_bold.json file
INFO: Converting /bgfs/bchandrasekaran/krs228/data/SSP/data_bids/sub-SSP058/func/sub-SSP058_task-badaga_run-02_bold (184 DICOMs) -> /bgfs/bchandrasekaran/krs228/data/SSP/data_bids/sub-SSP058/func . Converter: dcm2niix . Output types: ('nii.gz',)
250114-18:29:52,406 nipype.workflow INFO:
	 [Node] Setting-up "convert" in "/scratch/slurm-4829735/dcm2niixnxfozgdr/convert".
INFO: [Node] Setting-up "convert" in "/scratch/slurm-4829735/dcm2niixnxfozgdr/convert".
250114-18:29:52,452 nipype.workflow INFO:
	 [Node] Running "convert" ("nipype.interfaces.dcm2nii.Dcm2niix"), a CommandLine Interface with command:
dcm2niix -b y -z y -x n -t n -m n -f sub-SSP058_task-badaga_run-02_bold_heudiconv256 -o /bgfs/bchandrasekaran/krs228/data/SSP/data_bids/sub-SSP058/func -s n -v n /scratch/slurm-4829735/dcm2niixnxfozgdr/convert
INFO: [Node] Running "convert" ("nipype.interfaces.dcm2nii.Dcm2niix"), a CommandLine Interface with command:
dcm2niix -b y -z y -x n -t n -m n -f sub-SSP058_task-badaga_run-02_bold_heudiconv256 -o /bgfs/bchandrasekaran/krs228/data/SSP/data_bids/sub-SSP058/func -s n -v n /scratch/slurm-4829735/dcm2niixnxfozgdr/convert
250114-18:29:56,277 nipype.interface INFO:
	 stdout 2025-01-14T18:29:56.277084:Chris Rorden's dcm2niiX version v1.0.20240202  (JP2:OpenJPEG) (JP-LS:CharLS) GCC8.4.0 x86-64 (64-bit Linux)
INFO: stdout 2025-01-14T18:29:56.277084:Chris Rorden's dcm2niiX version v1.0.20240202  (JP2:OpenJPEG) (JP-LS:CharLS) GCC8.4.0 x86-64 (64-bit Linux)
250114-18:29:56,288 nipype.interface INFO:
	 stdout 2025-01-14T18:29:56.277084:Found 184 DICOM file(s)
INFO: stdout 2025-01-14T18:29:56.277084:Found 184 DICOM file(s)
250114-18:29:56,288 nipype.interface INFO:
	 stdout 2025-01-14T18:29:56.277084:Convert 184 DICOM as /bgfs/bchandrasekaran/krs228/data/SSP/data_bids/sub-SSP058/func/sub-SSP058_task-badaga_run-02_bold_heudiconv256 (104x104x72x184)
INFO: stdout 2025-01-14T18:29:56.277084:Convert 184 DICOM as /bgfs/bchandrasekaran/krs228/data/SSP/data_bids/sub-SSP058/func/sub-SSP058_task-badaga_run-02_bold_heudiconv256 (104x104x72x184)
250114-18:30:03,907 nipype.interface INFO:
	 stdout 2025-01-14T18:30:03.907235:Conversion required 11.258209 seconds (7.790000 for core code).
INFO: stdout 2025-01-14T18:30:03.907235:Conversion required 11.258209 seconds (7.790000 for core code).
250114-18:30:03,953 nipype.workflow INFO:
	 [Node] Finished "convert".
INFO: [Node] Finished "convert".
250114-18:30:04,67 nipype.workflow INFO:
	 [Node] Setting-up "embedder" in "/scratch/slurm-4829735/embedmetaflu4dav2/embedder".
INFO: [Node] Setting-up "embedder" in "/scratch/slurm-4829735/embedmetaflu4dav2/embedder".
250114-18:30:04,86 nipype.workflow INFO:
	 [Node] Running "embedder" ("nipype.interfaces.utility.wrappers.Function")
INFO: [Node] Running "embedder" ("nipype.interfaces.utility.wrappers.Function")
250114-18:30:13,769 nipype.workflow INFO:
	 [Node] Finished "embedder".
INFO: [Node] Finished "embedder".
INFO: Post-treating /bgfs/bchandrasekaran/krs228/data/SSP/data_bids/sub-SSP058/func/sub-SSP058_task-badaga_run-02_bold.json file
INFO: Converting /bgfs/bchandrasekaran/krs228/data/SSP/data_bids/sub-SSP058/func/sub-SSP058_task-badaga_run-03_bold (184 DICOMs) -> /bgfs/bchandrasekaran/krs228/data/SSP/data_bids/sub-SSP058/func . Converter: dcm2niix . Output types: ('nii.gz',)
250114-18:30:13,866 nipype.workflow INFO:
	 [Node] Setting-up "convert" in "/scratch/slurm-4829735/dcm2niix8ihudnzs/convert".
INFO: [Node] Setting-up "convert" in "/scratch/slurm-4829735/dcm2niix8ihudnzs/convert".
250114-18:30:13,912 nipype.workflow INFO:
	 [Node] Running "convert" ("nipype.interfaces.dcm2nii.Dcm2niix"), a CommandLine Interface with command:
dcm2niix -b y -z y -x n -t n -m n -f sub-SSP058_task-badaga_run-03_bold_heudiconv846 -o /bgfs/bchandrasekaran/krs228/data/SSP/data_bids/sub-SSP058/func -s n -v n /scratch/slurm-4829735/dcm2niix8ihudnzs/convert
INFO: [Node] Running "convert" ("nipype.interfaces.dcm2nii.Dcm2niix"), a CommandLine Interface with command:
dcm2niix -b y -z y -x n -t n -m n -f sub-SSP058_task-badaga_run-03_bold_heudiconv846 -o /bgfs/bchandrasekaran/krs228/data/SSP/data_bids/sub-SSP058/func -s n -v n /scratch/slurm-4829735/dcm2niix8ihudnzs/convert
250114-18:30:17,485 nipype.interface INFO:
	 stdout 2025-01-14T18:30:17.485085:Chris Rorden's dcm2niiX version v1.0.20240202  (JP2:OpenJPEG) (JP-LS:CharLS) GCC8.4.0 x86-64 (64-bit Linux)
INFO: stdout 2025-01-14T18:30:17.485085:Chris Rorden's dcm2niiX version v1.0.20240202  (JP2:OpenJPEG) (JP-LS:CharLS) GCC8.4.0 x86-64 (64-bit Linux)
250114-18:30:17,496 nipype.interface INFO:
	 stdout 2025-01-14T18:30:17.485085:Found 184 DICOM file(s)
INFO: stdout 2025-01-14T18:30:17.485085:Found 184 DICOM file(s)
250114-18:30:17,496 nipype.interface INFO:
	 stdout 2025-01-14T18:30:17.485085:Convert 184 DICOM as /bgfs/bchandrasekaran/krs228/data/SSP/data_bids/sub-SSP058/func/sub-SSP058_task-badaga_run-03_bold_heudiconv846 (104x104x72x184)
INFO: stdout 2025-01-14T18:30:17.485085:Convert 184 DICOM as /bgfs/bchandrasekaran/krs228/data/SSP/data_bids/sub-SSP058/func/sub-SSP058_task-badaga_run-03_bold_heudiconv846 (104x104x72x184)
250114-18:30:25,117 nipype.interface INFO:
	 stdout 2025-01-14T18:30:25.117256:Conversion required 11.038710 seconds (7.770000 for core code).
INFO: stdout 2025-01-14T18:30:25.117256:Conversion required 11.038710 seconds (7.770000 for core code).
250114-18:30:25,159 nipype.workflow INFO:
	 [Node] Finished "convert".
INFO: [Node] Finished "convert".
250114-18:30:25,206 nipype.workflow INFO:
	 [Node] Setting-up "embedder" in "/scratch/slurm-4829735/embedmetafutp6y20/embedder".
INFO: [Node] Setting-up "embedder" in "/scratch/slurm-4829735/embedmetafutp6y20/embedder".
250114-18:30:25,226 nipype.workflow INFO:
	 [Node] Running "embedder" ("nipype.interfaces.utility.wrappers.Function")
INFO: [Node] Running "embedder" ("nipype.interfaces.utility.wrappers.Function")
250114-18:30:34,909 nipype.workflow INFO:
	 [Node] Finished "embedder".
INFO: [Node] Finished "embedder".
INFO: Post-treating /bgfs/bchandrasekaran/krs228/data/SSP/data_bids/sub-SSP058/func/sub-SSP058_task-badaga_run-03_bold.json file
INFO: Converting /bgfs/bchandrasekaran/krs228/data/SSP/data_bids/sub-SSP058/func/sub-SSP058_task-badaga_run-01_sbref (1 DICOMs) -> /bgfs/bchandrasekaran/krs228/data/SSP/data_bids/sub-SSP058/func . Converter: dcm2niix . Output types: ('nii.gz',)
250114-18:30:34,980 nipype.workflow INFO:
	 [Node] Setting-up "convert" in "/scratch/slurm-4829735/dcm2niixs2gknw_v/convert".
INFO: [Node] Setting-up "convert" in "/scratch/slurm-4829735/dcm2niixs2gknw_v/convert".
250114-18:30:34,985 nipype.workflow INFO:
	 [Node] Running "convert" ("nipype.interfaces.dcm2nii.Dcm2niix"), a CommandLine Interface with command:
dcm2niix -b y -z y -x n -t n -m n -f sub-SSP058_task-badaga_run-01_sbref_heudiconv902 -o /bgfs/bchandrasekaran/krs228/data/SSP/data_bids/sub-SSP058/func -s n -v n /scratch/slurm-4829735/dcm2niixs2gknw_v/convert
INFO: [Node] Running "convert" ("nipype.interfaces.dcm2nii.Dcm2niix"), a CommandLine Interface with command:
dcm2niix -b y -z y -x n -t n -m n -f sub-SSP058_task-badaga_run-01_sbref_heudiconv902 -o /bgfs/bchandrasekaran/krs228/data/SSP/data_bids/sub-SSP058/func -s n -v n /scratch/slurm-4829735/dcm2niixs2gknw_v/convert
250114-18:30:35,213 nipype.interface INFO:
	 stdout 2025-01-14T18:30:35.213090:Chris Rorden's dcm2niiX version v1.0.20240202  (JP2:OpenJPEG) (JP-LS:CharLS) GCC8.4.0 x86-64 (64-bit Linux)
INFO: stdout 2025-01-14T18:30:35.213090:Chris Rorden's dcm2niiX version v1.0.20240202  (JP2:OpenJPEG) (JP-LS:CharLS) GCC8.4.0 x86-64 (64-bit Linux)
250114-18:30:35,213 nipype.interface INFO:
	 stdout 2025-01-14T18:30:35.213090:Found 1 DICOM file(s)
INFO: stdout 2025-01-14T18:30:35.213090:Found 1 DICOM file(s)
250114-18:30:35,213 nipype.interface INFO:
	 stdout 2025-01-14T18:30:35.213090:Convert 1 DICOM as /bgfs/bchandrasekaran/krs228/data/SSP/data_bids/sub-SSP058/func/sub-SSP058_task-badaga_run-01_sbref_heudiconv902 (104x104x72x1)
INFO: stdout 2025-01-14T18:30:35.213090:Convert 1 DICOM as /bgfs/bchandrasekaran/krs228/data/SSP/data_bids/sub-SSP058/func/sub-SSP058_task-badaga_run-01_sbref_heudiconv902 (104x104x72x1)
250114-18:30:35,245 nipype.interface INFO:
	 stdout 2025-01-14T18:30:35.245909:Conversion required 0.096367 seconds (0.070000 for core code).
INFO: stdout 2025-01-14T18:30:35.245909:Conversion required 0.096367 seconds (0.070000 for core code).
250114-18:30:35,289 nipype.workflow INFO:
	 [Node] Finished "convert".
INFO: [Node] Finished "convert".
250114-18:30:35,340 nipype.workflow INFO:
	 [Node] Setting-up "embedder" in "/scratch/slurm-4829735/embedmetaomqso460/embedder".
INFO: [Node] Setting-up "embedder" in "/scratch/slurm-4829735/embedmetaomqso460/embedder".
250114-18:30:35,351 nipype.workflow INFO:
	 [Node] Running "embedder" ("nipype.interfaces.utility.wrappers.Function")
INFO: [Node] Running "embedder" ("nipype.interfaces.utility.wrappers.Function")
250114-18:30:35,429 nipype.workflow INFO:
	 [Node] Finished "embedder".
INFO: [Node] Finished "embedder".
INFO: Post-treating /bgfs/bchandrasekaran/krs228/data/SSP/data_bids/sub-SSP058/func/sub-SSP058_task-badaga_run-01_sbref.json file
INFO: Converting /bgfs/bchandrasekaran/krs228/data/SSP/data_bids/sub-SSP058/func/sub-SSP058_task-badaga_run-02_sbref (1 DICOMs) -> /bgfs/bchandrasekaran/krs228/data/SSP/data_bids/sub-SSP058/func . Converter: dcm2niix . Output types: ('nii.gz',)
250114-18:30:35,451 nipype.workflow INFO:
	 [Node] Setting-up "convert" in "/scratch/slurm-4829735/dcm2niixwfcanpul/convert".
INFO: [Node] Setting-up "convert" in "/scratch/slurm-4829735/dcm2niixwfcanpul/convert".
250114-18:30:35,456 nipype.workflow INFO:
	 [Node] Running "convert" ("nipype.interfaces.dcm2nii.Dcm2niix"), a CommandLine Interface with command:
dcm2niix -b y -z y -x n -t n -m n -f sub-SSP058_task-badaga_run-02_sbref_heudiconv198 -o /bgfs/bchandrasekaran/krs228/data/SSP/data_bids/sub-SSP058/func -s n -v n /scratch/slurm-4829735/dcm2niixwfcanpul/convert
INFO: [Node] Running "convert" ("nipype.interfaces.dcm2nii.Dcm2niix"), a CommandLine Interface with command:
dcm2niix -b y -z y -x n -t n -m n -f sub-SSP058_task-badaga_run-02_sbref_heudiconv198 -o /bgfs/bchandrasekaran/krs228/data/SSP/data_bids/sub-SSP058/func -s n -v n /scratch/slurm-4829735/dcm2niixwfcanpul/convert
250114-18:30:35,702 nipype.interface INFO:
	 stdout 2025-01-14T18:30:35.702090:Chris Rorden's dcm2niiX version v1.0.20240202  (JP2:OpenJPEG) (JP-LS:CharLS) GCC8.4.0 x86-64 (64-bit Linux)
INFO: stdout 2025-01-14T18:30:35.702090:Chris Rorden's dcm2niiX version v1.0.20240202  (JP2:OpenJPEG) (JP-LS:CharLS) GCC8.4.0 x86-64 (64-bit Linux)
250114-18:30:35,702 nipype.interface INFO:
	 stdout 2025-01-14T18:30:35.702090:Found 1 DICOM file(s)
INFO: stdout 2025-01-14T18:30:35.702090:Found 1 DICOM file(s)
250114-18:30:35,702 nipype.interface INFO:
	 stdout 2025-01-14T18:30:35.702090:Convert 1 DICOM as /bgfs/bchandrasekaran/krs228/data/SSP/data_bids/sub-SSP058/func/sub-SSP058_task-badaga_run-02_sbref_heudiconv198 (104x104x72x1)
INFO: stdout 2025-01-14T18:30:35.702090:Convert 1 DICOM as /bgfs/bchandrasekaran/krs228/data/SSP/data_bids/sub-SSP058/func/sub-SSP058_task-badaga_run-02_sbref_heudiconv198 (104x104x72x1)
250114-18:30:35,735 nipype.interface INFO:
	 stdout 2025-01-14T18:30:35.735245:Conversion required 0.099138 seconds (0.080000 for core code).
INFO: stdout 2025-01-14T18:30:35.735245:Conversion required 0.099138 seconds (0.080000 for core code).
250114-18:30:35,772 nipype.workflow INFO:
	 [Node] Finished "convert".
INFO: [Node] Finished "convert".
250114-18:30:35,850 nipype.workflow INFO:
	 [Node] Setting-up "embedder" in "/scratch/slurm-4829735/embedmeta72dpehsh/embedder".
INFO: [Node] Setting-up "embedder" in "/scratch/slurm-4829735/embedmeta72dpehsh/embedder".
250114-18:30:35,862 nipype.workflow INFO:
	 [Node] Running "embedder" ("nipype.interfaces.utility.wrappers.Function")
INFO: [Node] Running "embedder" ("nipype.interfaces.utility.wrappers.Function")
250114-18:30:35,941 nipype.workflow INFO:
	 [Node] Finished "embedder".
INFO: [Node] Finished "embedder".
INFO: Post-treating /bgfs/bchandrasekaran/krs228/data/SSP/data_bids/sub-SSP058/func/sub-SSP058_task-badaga_run-02_sbref.json file
INFO: Converting /bgfs/bchandrasekaran/krs228/data/SSP/data_bids/sub-SSP058/func/sub-SSP058_task-badaga_run-03_sbref (1 DICOMs) -> /bgfs/bchandrasekaran/krs228/data/SSP/data_bids/sub-SSP058/func . Converter: dcm2niix . Output types: ('nii.gz',)
250114-18:30:35,963 nipype.workflow INFO:
	 [Node] Setting-up "convert" in "/scratch/slurm-4829735/dcm2niixx4x330r8/convert".
INFO: [Node] Setting-up "convert" in "/scratch/slurm-4829735/dcm2niixx4x330r8/convert".
250114-18:30:35,968 nipype.workflow INFO:
	 [Node] Running "convert" ("nipype.interfaces.dcm2nii.Dcm2niix"), a CommandLine Interface with command:
dcm2niix -b y -z y -x n -t n -m n -f sub-SSP058_task-badaga_run-03_sbref_heudiconv012 -o /bgfs/bchandrasekaran/krs228/data/SSP/data_bids/sub-SSP058/func -s n -v n /scratch/slurm-4829735/dcm2niixx4x330r8/convert
INFO: [Node] Running "convert" ("nipype.interfaces.dcm2nii.Dcm2niix"), a CommandLine Interface with command:
dcm2niix -b y -z y -x n -t n -m n -f sub-SSP058_task-badaga_run-03_sbref_heudiconv012 -o /bgfs/bchandrasekaran/krs228/data/SSP/data_bids/sub-SSP058/func -s n -v n /scratch/slurm-4829735/dcm2niixx4x330r8/convert
250114-18:30:36,232 nipype.interface INFO:
	 stdout 2025-01-14T18:30:36.232089:Chris Rorden's dcm2niiX version v1.0.20240202  (JP2:OpenJPEG) (JP-LS:CharLS) GCC8.4.0 x86-64 (64-bit Linux)
INFO: stdout 2025-01-14T18:30:36.232089:Chris Rorden's dcm2niiX version v1.0.20240202  (JP2:OpenJPEG) (JP-LS:CharLS) GCC8.4.0 x86-64 (64-bit Linux)
250114-18:30:36,232 nipype.interface INFO:
	 stdout 2025-01-14T18:30:36.232089:Found 1 DICOM file(s)
INFO: stdout 2025-01-14T18:30:36.232089:Found 1 DICOM file(s)
250114-18:30:36,232 nipype.interface INFO:
	 stdout 2025-01-14T18:30:36.232089:Convert 1 DICOM as /bgfs/bchandrasekaran/krs228/data/SSP/data_bids/sub-SSP058/func/sub-SSP058_task-badaga_run-03_sbref_heudiconv012 (104x104x72x1)
INFO: stdout 2025-01-14T18:30:36.232089:Convert 1 DICOM as /bgfs/bchandrasekaran/krs228/data/SSP/data_bids/sub-SSP058/func/sub-SSP058_task-badaga_run-03_sbref_heudiconv012 (104x104x72x1)
250114-18:30:36,268 nipype.interface INFO:
	 stdout 2025-01-14T18:30:36.268739:Conversion required 0.125748 seconds (0.080000 for core code).
INFO: stdout 2025-01-14T18:30:36.268739:Conversion required 0.125748 seconds (0.080000 for core code).
250114-18:30:36,310 nipype.workflow INFO:
	 [Node] Finished "convert".
INFO: [Node] Finished "convert".
250114-18:30:36,389 nipype.workflow INFO:
	 [Node] Setting-up "embedder" in "/scratch/slurm-4829735/embedmeta87t_sm80/embedder".
INFO: [Node] Setting-up "embedder" in "/scratch/slurm-4829735/embedmeta87t_sm80/embedder".
250114-18:30:36,404 nipype.workflow INFO:
	 [Node] Running "embedder" ("nipype.interfaces.utility.wrappers.Function")
INFO: [Node] Running "embedder" ("nipype.interfaces.utility.wrappers.Function")
250114-18:30:36,483 nipype.workflow INFO:
	 [Node] Finished "embedder".
INFO: [Node] Finished "embedder".
INFO: Post-treating /bgfs/bchandrasekaran/krs228/data/SSP/data_bids/sub-SSP058/func/sub-SSP058_task-badaga_run-03_sbref.json file
INFO: Converting /bgfs/bchandrasekaran/krs228/data/SSP/data_bids/sub-SSP058/func/sub-SSP058_task-alice_run-01_bold (610 DICOMs) -> /bgfs/bchandrasekaran/krs228/data/SSP/data_bids/sub-SSP058/func . Converter: dcm2niix . Output types: ('nii.gz',)
250114-18:30:36,577 nipype.workflow INFO:
	 [Node] Setting-up "convert" in "/scratch/slurm-4829735/dcm2niix_muqsvop/convert".
INFO: [Node] Setting-up "convert" in "/scratch/slurm-4829735/dcm2niix_muqsvop/convert".
250114-18:30:36,729 nipype.workflow INFO:
	 [Node] Running "convert" ("nipype.interfaces.dcm2nii.Dcm2niix"), a CommandLine Interface with command:
dcm2niix -b y -z y -x n -t n -m n -f sub-SSP058_task-alice_run-01_bold_heudiconv973 -o /bgfs/bchandrasekaran/krs228/data/SSP/data_bids/sub-SSP058/func -s n -v n /scratch/slurm-4829735/dcm2niix_muqsvop/convert
INFO: [Node] Running "convert" ("nipype.interfaces.dcm2nii.Dcm2niix"), a CommandLine Interface with command:
dcm2niix -b y -z y -x n -t n -m n -f sub-SSP058_task-alice_run-01_bold_heudiconv973 -o /bgfs/bchandrasekaran/krs228/data/SSP/data_bids/sub-SSP058/func -s n -v n /scratch/slurm-4829735/dcm2niix_muqsvop/convert
250114-18:30:49,740 nipype.interface INFO:
	 stdout 2025-01-14T18:30:49.740098:Chris Rorden's dcm2niiX version v1.0.20240202  (JP2:OpenJPEG) (JP-LS:CharLS) GCC8.4.0 x86-64 (64-bit Linux)
INFO: stdout 2025-01-14T18:30:49.740098:Chris Rorden's dcm2niiX version v1.0.20240202  (JP2:OpenJPEG) (JP-LS:CharLS) GCC8.4.0 x86-64 (64-bit Linux)
250114-18:30:49,751 nipype.interface INFO:
	 stdout 2025-01-14T18:30:49.740098:Found 610 DICOM file(s)
INFO: stdout 2025-01-14T18:30:49.740098:Found 610 DICOM file(s)
250114-18:30:49,751 nipype.interface INFO:
	 stdout 2025-01-14T18:30:49.740098:Convert 610 DICOM as /bgfs/bchandrasekaran/krs228/data/SSP/data_bids/sub-SSP058/func/sub-SSP058_task-alice_run-01_bold_heudiconv973 (104x104x72x610)
INFO: stdout 2025-01-14T18:30:49.740098:Convert 610 DICOM as /bgfs/bchandrasekaran/krs228/data/SSP/data_bids/sub-SSP058/func/sub-SSP058_task-alice_run-01_bold_heudiconv973 (104x104x72x610)
250114-18:31:15,919 nipype.interface INFO:
	 stdout 2025-01-14T18:31:15.919590:Conversion required 39.015123 seconds (26.990000 for core code).
INFO: stdout 2025-01-14T18:31:15.919590:Conversion required 39.015123 seconds (26.990000 for core code).
250114-18:31:16,78 nipype.workflow INFO:
	 [Node] Finished "convert".
INFO: [Node] Finished "convert".
250114-18:31:16,149 nipype.workflow INFO:
	 [Node] Setting-up "embedder" in "/scratch/slurm-4829735/embedmetavr5rihgk/embedder".
INFO: [Node] Setting-up "embedder" in "/scratch/slurm-4829735/embedmetavr5rihgk/embedder".
250114-18:31:16,193 nipype.workflow INFO:
	 [Node] Running "embedder" ("nipype.interfaces.utility.wrappers.Function")
INFO: [Node] Running "embedder" ("nipype.interfaces.utility.wrappers.Function")
250114-18:31:50,444 nipype.workflow INFO:
	 [Node] Finished "embedder".
INFO: [Node] Finished "embedder".
INFO: Post-treating /bgfs/bchandrasekaran/krs228/data/SSP/data_bids/sub-SSP058/func/sub-SSP058_task-alice_run-01_bold.json file
INFO: Converting /bgfs/bchandrasekaran/krs228/data/SSP/data_bids/sub-SSP058/func/sub-SSP058_task-alice_run-02_bold (610 DICOMs) -> /bgfs/bchandrasekaran/krs228/data/SSP/data_bids/sub-SSP058/func . Converter: dcm2niix . Output types: ('nii.gz',)
250114-18:31:50,743 nipype.workflow INFO:
	 [Node] Setting-up "convert" in "/scratch/slurm-4829735/dcm2niixgbio5fux/convert".
INFO: [Node] Setting-up "convert" in "/scratch/slurm-4829735/dcm2niixgbio5fux/convert".
250114-18:31:50,888 nipype.workflow INFO:
	 [Node] Running "convert" ("nipype.interfaces.dcm2nii.Dcm2niix"), a CommandLine Interface with command:
dcm2niix -b y -z y -x n -t n -m n -f sub-SSP058_task-alice_run-02_bold_heudiconv093 -o /bgfs/bchandrasekaran/krs228/data/SSP/data_bids/sub-SSP058/func -s n -v n /scratch/slurm-4829735/dcm2niixgbio5fux/convert
INFO: [Node] Running "convert" ("nipype.interfaces.dcm2nii.Dcm2niix"), a CommandLine Interface with command:
dcm2niix -b y -z y -x n -t n -m n -f sub-SSP058_task-alice_run-02_bold_heudiconv093 -o /bgfs/bchandrasekaran/krs228/data/SSP/data_bids/sub-SSP058/func -s n -v n /scratch/slurm-4829735/dcm2niixgbio5fux/convert
250114-18:32:06,794 nipype.interface INFO:
	 stdout 2025-01-14T18:32:06.794090:Chris Rorden's dcm2niiX version v1.0.20240202  (JP2:OpenJPEG) (JP-LS:CharLS) GCC8.4.0 x86-64 (64-bit Linux)
INFO: stdout 2025-01-14T18:32:06.794090:Chris Rorden's dcm2niiX version v1.0.20240202  (JP2:OpenJPEG) (JP-LS:CharLS) GCC8.4.0 x86-64 (64-bit Linux)
250114-18:32:06,805 nipype.interface INFO:
	 stdout 2025-01-14T18:32:06.794090:Found 610 DICOM file(s)
INFO: stdout 2025-01-14T18:32:06.794090:Found 610 DICOM file(s)
250114-18:32:06,805 nipype.interface INFO:
	 stdout 2025-01-14T18:32:06.794090:Convert 610 DICOM as /bgfs/bchandrasekaran/krs228/data/SSP/data_bids/sub-SSP058/func/sub-SSP058_task-alice_run-02_bold_heudiconv093 (104x104x72x610)
INFO: stdout 2025-01-14T18:32:06.794090:Convert 610 DICOM as /bgfs/bchandrasekaran/krs228/data/SSP/data_bids/sub-SSP058/func/sub-SSP058_task-alice_run-02_bold_heudiconv093 (104x104x72x610)
250114-18:32:32,496 nipype.interface INFO:
	 stdout 2025-01-14T18:32:32.496836:Conversion required 41.302324 seconds (26.990000 for core code).
INFO: stdout 2025-01-14T18:32:32.496836:Conversion required 41.302324 seconds (26.990000 for core code).
250114-18:32:32,620 nipype.workflow INFO:
	 [Node] Finished "convert".
INFO: [Node] Finished "convert".
250114-18:32:32,730 nipype.workflow INFO:
	 [Node] Setting-up "embedder" in "/scratch/slurm-4829735/embedmetanlm7f0qc/embedder".
INFO: [Node] Setting-up "embedder" in "/scratch/slurm-4829735/embedmetanlm7f0qc/embedder".
250114-18:32:32,774 nipype.workflow INFO:
	 [Node] Running "embedder" ("nipype.interfaces.utility.wrappers.Function")
INFO: [Node] Running "embedder" ("nipype.interfaces.utility.wrappers.Function")
250114-18:33:05,970 nipype.workflow INFO:
	 [Node] Finished "embedder".
INFO: [Node] Finished "embedder".
INFO: Post-treating /bgfs/bchandrasekaran/krs228/data/SSP/data_bids/sub-SSP058/func/sub-SSP058_task-alice_run-02_bold.json file
INFO: Converting /bgfs/bchandrasekaran/krs228/data/SSP/data_bids/sub-SSP058/func/sub-SSP058_task-alice_run-01_sbref (1 DICOMs) -> /bgfs/bchandrasekaran/krs228/data/SSP/data_bids/sub-SSP058/func . Converter: dcm2niix . Output types: ('nii.gz',)
250114-18:33:06,187 nipype.workflow INFO:
	 [Node] Setting-up "convert" in "/scratch/slurm-4829735/dcm2niixuht4ktfg/convert".
INFO: [Node] Setting-up "convert" in "/scratch/slurm-4829735/dcm2niixuht4ktfg/convert".
250114-18:33:06,191 nipype.workflow INFO:
	 [Node] Running "convert" ("nipype.interfaces.dcm2nii.Dcm2niix"), a CommandLine Interface with command:
dcm2niix -b y -z y -x n -t n -m n -f sub-SSP058_task-alice_run-01_sbref_heudiconv083 -o /bgfs/bchandrasekaran/krs228/data/SSP/data_bids/sub-SSP058/func -s n -v n /scratch/slurm-4829735/dcm2niixuht4ktfg/convert
INFO: [Node] Running "convert" ("nipype.interfaces.dcm2nii.Dcm2niix"), a CommandLine Interface with command:
dcm2niix -b y -z y -x n -t n -m n -f sub-SSP058_task-alice_run-01_sbref_heudiconv083 -o /bgfs/bchandrasekaran/krs228/data/SSP/data_bids/sub-SSP058/func -s n -v n /scratch/slurm-4829735/dcm2niixuht4ktfg/convert
250114-18:33:06,569 nipype.interface INFO:
	 stdout 2025-01-14T18:33:06.569086:Chris Rorden's dcm2niiX version v1.0.20240202  (JP2:OpenJPEG) (JP-LS:CharLS) GCC8.4.0 x86-64 (64-bit Linux)
INFO: stdout 2025-01-14T18:33:06.569086:Chris Rorden's dcm2niiX version v1.0.20240202  (JP2:OpenJPEG) (JP-LS:CharLS) GCC8.4.0 x86-64 (64-bit Linux)
250114-18:33:06,569 nipype.interface INFO:
	 stdout 2025-01-14T18:33:06.569086:Found 1 DICOM file(s)
INFO: stdout 2025-01-14T18:33:06.569086:Found 1 DICOM file(s)
250114-18:33:06,569 nipype.interface INFO:
	 stdout 2025-01-14T18:33:06.569086:Convert 1 DICOM as /bgfs/bchandrasekaran/krs228/data/SSP/data_bids/sub-SSP058/func/sub-SSP058_task-alice_run-01_sbref_heudiconv083 (104x104x72x1)
INFO: stdout 2025-01-14T18:33:06.569086:Convert 1 DICOM as /bgfs/bchandrasekaran/krs228/data/SSP/data_bids/sub-SSP058/func/sub-SSP058_task-alice_run-01_sbref_heudiconv083 (104x104x72x1)
250114-18:33:06,602 nipype.interface INFO:
	 stdout 2025-01-14T18:33:06.602886:Conversion required 0.124110 seconds (0.080000 for core code).
INFO: stdout 2025-01-14T18:33:06.602886:Conversion required 0.124110 seconds (0.080000 for core code).
250114-18:33:06,659 nipype.workflow INFO:
	 [Node] Finished "convert".
INFO: [Node] Finished "convert".
250114-18:33:06,703 nipype.workflow INFO:
	 [Node] Setting-up "embedder" in "/scratch/slurm-4829735/embedmeta7k5z44gx/embedder".
INFO: [Node] Setting-up "embedder" in "/scratch/slurm-4829735/embedmeta7k5z44gx/embedder".
250114-18:33:06,712 nipype.workflow INFO:
	 [Node] Running "embedder" ("nipype.interfaces.utility.wrappers.Function")
INFO: [Node] Running "embedder" ("nipype.interfaces.utility.wrappers.Function")
250114-18:33:06,790 nipype.workflow INFO:
	 [Node] Finished "embedder".
INFO: [Node] Finished "embedder".
INFO: Post-treating /bgfs/bchandrasekaran/krs228/data/SSP/data_bids/sub-SSP058/func/sub-SSP058_task-alice_run-01_sbref.json file
INFO: Converting /bgfs/bchandrasekaran/krs228/data/SSP/data_bids/sub-SSP058/func/sub-SSP058_task-alice_run-02_sbref (1 DICOMs) -> /bgfs/bchandrasekaran/krs228/data/SSP/data_bids/sub-SSP058/func . Converter: dcm2niix . Output types: ('nii.gz',)
250114-18:33:06,810 nipype.workflow INFO:
	 [Node] Setting-up "convert" in "/scratch/slurm-4829735/dcm2niixd3av03zx/convert".
INFO: [Node] Setting-up "convert" in "/scratch/slurm-4829735/dcm2niixd3av03zx/convert".
250114-18:33:06,814 nipype.workflow INFO:
	 [Node] Running "convert" ("nipype.interfaces.dcm2nii.Dcm2niix"), a CommandLine Interface with command:
dcm2niix -b y -z y -x n -t n -m n -f sub-SSP058_task-alice_run-02_sbref_heudiconv310 -o /bgfs/bchandrasekaran/krs228/data/SSP/data_bids/sub-SSP058/func -s n -v n /scratch/slurm-4829735/dcm2niixd3av03zx/convert
INFO: [Node] Running "convert" ("nipype.interfaces.dcm2nii.Dcm2niix"), a CommandLine Interface with command:
dcm2niix -b y -z y -x n -t n -m n -f sub-SSP058_task-alice_run-02_sbref_heudiconv310 -o /bgfs/bchandrasekaran/krs228/data/SSP/data_bids/sub-SSP058/func -s n -v n /scratch/slurm-4829735/dcm2niixd3av03zx/convert
250114-18:33:07,169 nipype.interface INFO:
	 stdout 2025-01-14T18:33:07.169098:Chris Rorden's dcm2niiX version v1.0.20240202  (JP2:OpenJPEG) (JP-LS:CharLS) GCC8.4.0 x86-64 (64-bit Linux)
INFO: stdout 2025-01-14T18:33:07.169098:Chris Rorden's dcm2niiX version v1.0.20240202  (JP2:OpenJPEG) (JP-LS:CharLS) GCC8.4.0 x86-64 (64-bit Linux)
250114-18:33:07,169 nipype.interface INFO:
	 stdout 2025-01-14T18:33:07.169098:Found 1 DICOM file(s)
INFO: stdout 2025-01-14T18:33:07.169098:Found 1 DICOM file(s)
250114-18:33:07,169 nipype.interface INFO:
	 stdout 2025-01-14T18:33:07.169098:Convert 1 DICOM as /bgfs/bchandrasekaran/krs228/data/SSP/data_bids/sub-SSP058/func/sub-SSP058_task-alice_run-02_sbref_heudiconv310 (104x104x72x1)
INFO: stdout 2025-01-14T18:33:07.169098:Convert 1 DICOM as /bgfs/bchandrasekaran/krs228/data/SSP/data_bids/sub-SSP058/func/sub-SSP058_task-alice_run-02_sbref_heudiconv310 (104x104x72x1)
250114-18:33:07,210 nipype.interface INFO:
	 stdout 2025-01-14T18:33:07.210787:Conversion required 0.128194 seconds (0.070000 for core code).
INFO: stdout 2025-01-14T18:33:07.210787:Conversion required 0.128194 seconds (0.070000 for core code).
250114-18:33:07,249 nipype.workflow INFO:
	 [Node] Finished "convert".
INFO: [Node] Finished "convert".
250114-18:33:07,295 nipype.workflow INFO:
	 [Node] Setting-up "embedder" in "/scratch/slurm-4829735/embedmetamy8wo52n/embedder".
INFO: [Node] Setting-up "embedder" in "/scratch/slurm-4829735/embedmetamy8wo52n/embedder".
250114-18:33:07,305 nipype.workflow INFO:
	 [Node] Running "embedder" ("nipype.interfaces.utility.wrappers.Function")
INFO: [Node] Running "embedder" ("nipype.interfaces.utility.wrappers.Function")
250114-18:33:07,400 nipype.workflow INFO:
	 [Node] Finished "embedder".
INFO: [Node] Finished "embedder".
INFO: Post-treating /bgfs/bchandrasekaran/krs228/data/SSP/data_bids/sub-SSP058/func/sub-SSP058_task-alice_run-02_sbref.json file
INFO: Converting /bgfs/bchandrasekaran/krs228/data/SSP/data_bids/sub-SSP058/dwi/sub-SSP058_dwi (103 DICOMs) -> /bgfs/bchandrasekaran/krs228/data/SSP/data_bids/sub-SSP058/dwi . Converter: dcm2niix . Output types: ('nii.gz',)
250114-18:33:07,459 nipype.workflow INFO:
	 [Node] Setting-up "convert" in "/scratch/slurm-4829735/dcm2niixukt5ozep/convert".
INFO: [Node] Setting-up "convert" in "/scratch/slurm-4829735/dcm2niixukt5ozep/convert".
250114-18:33:07,487 nipype.workflow INFO:
	 [Node] Running "convert" ("nipype.interfaces.dcm2nii.Dcm2niix"), a CommandLine Interface with command:
dcm2niix -b y -z y -x n -t n -m n -f sub-SSP058_dwi_heudiconv289 -o /bgfs/bchandrasekaran/krs228/data/SSP/data_bids/sub-SSP058/dwi -s n -v n /scratch/slurm-4829735/dcm2niixukt5ozep/convert
INFO: [Node] Running "convert" ("nipype.interfaces.dcm2nii.Dcm2niix"), a CommandLine Interface with command:
dcm2niix -b y -z y -x n -t n -m n -f sub-SSP058_dwi_heudiconv289 -o /bgfs/bchandrasekaran/krs228/data/SSP/data_bids/sub-SSP058/dwi -s n -v n /scratch/slurm-4829735/dcm2niixukt5ozep/convert
250114-18:33:13,319 nipype.interface INFO:
	 stdout 2025-01-14T18:33:13.319088:Chris Rorden's dcm2niiX version v1.0.20240202  (JP2:OpenJPEG) (JP-LS:CharLS) GCC8.4.0 x86-64 (64-bit Linux)
INFO: stdout 2025-01-14T18:33:13.319088:Chris Rorden's dcm2niiX version v1.0.20240202  (JP2:OpenJPEG) (JP-LS:CharLS) GCC8.4.0 x86-64 (64-bit Linux)
250114-18:33:13,330 nipype.interface INFO:
	 stdout 2025-01-14T18:33:13.319088:Found 103 DICOM file(s)
INFO: stdout 2025-01-14T18:33:13.319088:Found 103 DICOM file(s)
250114-18:33:13,330 nipype.interface INFO:
	 stdout 2025-01-14T18:33:13.319088:Convert 103 DICOM as /bgfs/bchandrasekaran/krs228/data/SSP/data_bids/sub-SSP058/dwi/sub-SSP058_dwi_heudiconv289 (120x120x75x103)
INFO: stdout 2025-01-14T18:33:13.319088:Convert 103 DICOM as /bgfs/bchandrasekaran/krs228/data/SSP/data_bids/sub-SSP058/dwi/sub-SSP058_dwi_heudiconv289 (120x120x75x103)
250114-18:33:23,818 nipype.interface INFO:
	 stdout 2025-01-14T18:33:23.818051:Conversion required 16.068653 seconds (10.790000 for core code).
INFO: stdout 2025-01-14T18:33:23.818051:Conversion required 16.068653 seconds (10.790000 for core code).
250114-18:33:23,901 nipype.workflow INFO:
	 [Node] Finished "convert".
INFO: [Node] Finished "convert".
WARNING: Failed to find task field in /bgfs/bchandrasekaran/krs228/data/SSP/data_bids/sub-SSP058/dwi/sub-SSP058_dwi.json.
250114-18:33:23,958 nipype.workflow INFO:
	 [Node] Setting-up "embedder" in "/scratch/slurm-4829735/embedmetalwbfwn_n/embedder".
INFO: [Node] Setting-up "embedder" in "/scratch/slurm-4829735/embedmetalwbfwn_n/embedder".
250114-18:33:23,973 nipype.workflow INFO:
	 [Node] Running "embedder" ("nipype.interfaces.utility.wrappers.Function")
INFO: [Node] Running "embedder" ("nipype.interfaces.utility.wrappers.Function")
250114-18:33:30,232 nipype.workflow INFO:
	 [Node] Finished "embedder".
INFO: [Node] Finished "embedder".
INFO: Post-treating /bgfs/bchandrasekaran/krs228/data/SSP/data_bids/sub-SSP058/dwi/sub-SSP058_dwi.json file
INFO: Converting /bgfs/bchandrasekaran/krs228/data/SSP/data_bids/sub-SSP058/fmap/sub-SSP058_acq-dwi_dir-AP_run-01_ge (75 DICOMs) -> /bgfs/bchandrasekaran/krs228/data/SSP/data_bids/sub-SSP058/fmap . Converter: dcm2niix . Output types: ('nii.gz',)
250114-18:33:30,310 nipype.workflow INFO:
	 [Node] Setting-up "convert" in "/scratch/slurm-4829735/dcm2niixo4w6ybw9/convert".
INFO: [Node] Setting-up "convert" in "/scratch/slurm-4829735/dcm2niixo4w6ybw9/convert".
250114-18:33:30,331 nipype.workflow INFO:
	 [Node] Running "convert" ("nipype.interfaces.dcm2nii.Dcm2niix"), a CommandLine Interface with command:
dcm2niix -b y -z y -x n -t n -m n -f sub-SSP058_acq-dwi_dir-AP_run-01_ge_heudiconv769 -o /bgfs/bchandrasekaran/krs228/data/SSP/data_bids/sub-SSP058/fmap -s n -v n /scratch/slurm-4829735/dcm2niixo4w6ybw9/convert
INFO: [Node] Running "convert" ("nipype.interfaces.dcm2nii.Dcm2niix"), a CommandLine Interface with command:
dcm2niix -b y -z y -x n -t n -m n -f sub-SSP058_acq-dwi_dir-AP_run-01_ge_heudiconv769 -o /bgfs/bchandrasekaran/krs228/data/SSP/data_bids/sub-SSP058/fmap -s n -v n /scratch/slurm-4829735/dcm2niixo4w6ybw9/convert
250114-18:33:31,911 nipype.interface INFO:
	 stdout 2025-01-14T18:33:31.911092:Chris Rorden's dcm2niiX version v1.0.20240202  (JP2:OpenJPEG) (JP-LS:CharLS) GCC8.4.0 x86-64 (64-bit Linux)
INFO: stdout 2025-01-14T18:33:31.911092:Chris Rorden's dcm2niiX version v1.0.20240202  (JP2:OpenJPEG) (JP-LS:CharLS) GCC8.4.0 x86-64 (64-bit Linux)
250114-18:33:31,911 nipype.interface INFO:
	 stdout 2025-01-14T18:33:31.911092:Found 75 DICOM file(s)
INFO: stdout 2025-01-14T18:33:31.911092:Found 75 DICOM file(s)
250114-18:33:31,911 nipype.interface INFO:
	 stdout 2025-01-14T18:33:31.911092:Convert 75 DICOM as /bgfs/bchandrasekaran/krs228/data/SSP/data_bids/sub-SSP058/fmap/sub-SSP058_acq-dwi_dir-AP_run-01_ge_heudiconv769 (120x120x75x1)
INFO: stdout 2025-01-14T18:33:31.911092:Convert 75 DICOM as /bgfs/bchandrasekaran/krs228/data/SSP/data_bids/sub-SSP058/fmap/sub-SSP058_acq-dwi_dir-AP_run-01_ge_heudiconv769 (120x120x75x1)
250114-18:33:32,13 nipype.interface INFO:
	 stdout 2025-01-14T18:33:32.013674:Conversion required 1.461138 seconds (0.190000 for core code).
INFO: stdout 2025-01-14T18:33:32.013674:Conversion required 1.461138 seconds (0.190000 for core code).
250114-18:33:32,54 nipype.workflow INFO:
	 [Node] Finished "convert".
INFO: [Node] Finished "convert".
WARNING: Failed to find task field in /bgfs/bchandrasekaran/krs228/data/SSP/data_bids/sub-SSP058/fmap/sub-SSP058_acq-dwi_dir-AP_run-01_ge.json.
250114-18:33:32,94 nipype.workflow INFO:
	 [Node] Setting-up "embedder" in "/scratch/slurm-4829735/embedmetajk78dh2s/embedder".
INFO: [Node] Setting-up "embedder" in "/scratch/slurm-4829735/embedmetajk78dh2s/embedder".
250114-18:33:32,107 nipype.workflow INFO:
	 [Node] Running "embedder" ("nipype.interfaces.utility.wrappers.Function")
INFO: [Node] Running "embedder" ("nipype.interfaces.utility.wrappers.Function")
250114-18:33:34,5 nipype.workflow INFO:
	 [Node] Finished "embedder".
INFO: [Node] Finished "embedder".
INFO: Post-treating /bgfs/bchandrasekaran/krs228/data/SSP/data_bids/sub-SSP058/fmap/sub-SSP058_acq-dwi_dir-AP_run-01_ge.json file
INFO: Converting /bgfs/bchandrasekaran/krs228/data/SSP/data_bids/sub-SSP058/fmap/sub-SSP058_acq-dwi_dir-PA_run-01_ge (75 DICOMs) -> /bgfs/bchandrasekaran/krs228/data/SSP/data_bids/sub-SSP058/fmap . Converter: dcm2niix . Output types: ('nii.gz',)
250114-18:33:34,54 nipype.workflow INFO:
	 [Node] Setting-up "convert" in "/scratch/slurm-4829735/dcm2niixn34r8zif/convert".
INFO: [Node] Setting-up "convert" in "/scratch/slurm-4829735/dcm2niixn34r8zif/convert".
250114-18:33:34,84 nipype.workflow INFO:
	 [Node] Running "convert" ("nipype.interfaces.dcm2nii.Dcm2niix"), a CommandLine Interface with command:
dcm2niix -b y -z y -x n -t n -m n -f sub-SSP058_acq-dwi_dir-PA_run-01_ge_heudiconv627 -o /bgfs/bchandrasekaran/krs228/data/SSP/data_bids/sub-SSP058/fmap -s n -v n /scratch/slurm-4829735/dcm2niixn34r8zif/convert
INFO: [Node] Running "convert" ("nipype.interfaces.dcm2nii.Dcm2niix"), a CommandLine Interface with command:
dcm2niix -b y -z y -x n -t n -m n -f sub-SSP058_acq-dwi_dir-PA_run-01_ge_heudiconv627 -o /bgfs/bchandrasekaran/krs228/data/SSP/data_bids/sub-SSP058/fmap -s n -v n /scratch/slurm-4829735/dcm2niixn34r8zif/convert
250114-18:33:35,657 nipype.interface INFO:
	 stdout 2025-01-14T18:33:35.657081:Chris Rorden's dcm2niiX version v1.0.20240202  (JP2:OpenJPEG) (JP-LS:CharLS) GCC8.4.0 x86-64 (64-bit Linux)
INFO: stdout 2025-01-14T18:33:35.657081:Chris Rorden's dcm2niiX version v1.0.20240202  (JP2:OpenJPEG) (JP-LS:CharLS) GCC8.4.0 x86-64 (64-bit Linux)
250114-18:33:35,657 nipype.interface INFO:
	 stdout 2025-01-14T18:33:35.657081:Found 75 DICOM file(s)
INFO: stdout 2025-01-14T18:33:35.657081:Found 75 DICOM file(s)
250114-18:33:35,657 nipype.interface INFO:
	 stdout 2025-01-14T18:33:35.657081:Convert 75 DICOM as /bgfs/bchandrasekaran/krs228/data/SSP/data_bids/sub-SSP058/fmap/sub-SSP058_acq-dwi_dir-PA_run-01_ge_heudiconv627 (120x120x75x1)
INFO: stdout 2025-01-14T18:33:35.657081:Convert 75 DICOM as /bgfs/bchandrasekaran/krs228/data/SSP/data_bids/sub-SSP058/fmap/sub-SSP058_acq-dwi_dir-PA_run-01_ge_heudiconv627 (120x120x75x1)
250114-18:33:35,741 nipype.interface INFO:
	 stdout 2025-01-14T18:33:35.741673:Conversion required 1.429985 seconds (0.180000 for core code).
INFO: stdout 2025-01-14T18:33:35.741673:Conversion required 1.429985 seconds (0.180000 for core code).
250114-18:33:35,784 nipype.workflow INFO:
	 [Node] Finished "convert".
INFO: [Node] Finished "convert".
WARNING: Failed to find task field in /bgfs/bchandrasekaran/krs228/data/SSP/data_bids/sub-SSP058/fmap/sub-SSP058_acq-dwi_dir-PA_run-01_ge.json.
250114-18:33:35,830 nipype.workflow INFO:
	 [Node] Setting-up "embedder" in "/scratch/slurm-4829735/embedmetaouboj2pd/embedder".
INFO: [Node] Setting-up "embedder" in "/scratch/slurm-4829735/embedmetaouboj2pd/embedder".
250114-18:33:35,845 nipype.workflow INFO:
	 [Node] Running "embedder" ("nipype.interfaces.utility.wrappers.Function")
INFO: [Node] Running "embedder" ("nipype.interfaces.utility.wrappers.Function")
250114-18:33:37,825 nipype.workflow INFO:
	 [Node] Finished "embedder".
INFO: [Node] Finished "embedder".
INFO: Post-treating /bgfs/bchandrasekaran/krs228/data/SSP/data_bids/sub-SSP058/fmap/sub-SSP058_acq-dwi_dir-PA_run-01_ge.json file
INFO: Converting /bgfs/bchandrasekaran/krs228/data/SSP/data_bids/sub-SSP058/anat/sub-SSP058_acq-t1w_echo-1_MPM (1408 DICOMs) -> /bgfs/bchandrasekaran/krs228/data/SSP/data_bids/sub-SSP058/anat . Converter: dcm2niix . Output types: ('nii.gz',)
250114-18:33:38,34 nipype.workflow INFO:
	 [Node] Setting-up "convert" in "/scratch/slurm-4829735/dcm2niixtlqkv8gr/convert".
INFO: [Node] Setting-up "convert" in "/scratch/slurm-4829735/dcm2niixtlqkv8gr/convert".
250114-18:33:38,365 nipype.workflow INFO:
	 [Node] Running "convert" ("nipype.interfaces.dcm2nii.Dcm2niix"), a CommandLine Interface with command:
dcm2niix -b y -z y -x n -t n -m n -f sub-SSP058_acq-t1w_echo-1_MPM_heudiconv373 -o /bgfs/bchandrasekaran/krs228/data/SSP/data_bids/sub-SSP058/anat -s n -v n /scratch/slurm-4829735/dcm2niixtlqkv8gr/convert
INFO: [Node] Running "convert" ("nipype.interfaces.dcm2nii.Dcm2niix"), a CommandLine Interface with command:
dcm2niix -b y -z y -x n -t n -m n -f sub-SSP058_acq-t1w_echo-1_MPM_heudiconv373 -o /bgfs/bchandrasekaran/krs228/data/SSP/data_bids/sub-SSP058/anat -s n -v n /scratch/slurm-4829735/dcm2niixtlqkv8gr/convert
250114-18:33:55,2 nipype.interface INFO:
	 stdout 2025-01-14T18:33:55.002099:Chris Rorden's dcm2niiX version v1.0.20240202  (JP2:OpenJPEG) (JP-LS:CharLS) GCC8.4.0 x86-64 (64-bit Linux)
INFO: stdout 2025-01-14T18:33:55.002099:Chris Rorden's dcm2niiX version v1.0.20240202  (JP2:OpenJPEG) (JP-LS:CharLS) GCC8.4.0 x86-64 (64-bit Linux)
250114-18:33:55,13 nipype.interface INFO:
	 stdout 2025-01-14T18:33:55.002099:Found 1408 DICOM file(s)
INFO: stdout 2025-01-14T18:33:55.002099:Found 1408 DICOM file(s)
250114-18:33:55,13 nipype.interface INFO:
	 stdout 2025-01-14T18:33:55.002099:Slices not stacked: echo varies (TE 6.9, 2.3; echo 3, 1). Use 'merge 2D slices' option to force stacking
INFO: stdout 2025-01-14T18:33:55.002099:Slices not stacked: echo varies (TE 6.9, 2.3; echo 3, 1). Use 'merge 2D slices' option to force stacking
250114-18:33:55,13 nipype.interface INFO:
	 stdout 2025-01-14T18:33:55.002099:::autoBids:Siemens CSAseqFname:'%CustomerSeq%\mfc_3dflash' pulseSeq:'' seqName:'fl3dr1n3d8'
INFO: stdout 2025-01-14T18:33:55.002099:::autoBids:Siemens CSAseqFname:'%CustomerSeq%\mfc_3dflash' pulseSeq:'' seqName:'fl3dr1n3d8'
250114-18:33:55,13 nipype.interface INFO:
	 stdout 2025-01-14T18:33:55.002099:Convert 176 DICOM as /bgfs/bchandrasekaran/krs228/data/SSP/data_bids/sub-SSP058/anat/sub-SSP058_acq-t1w_echo-1_MPM_heudiconv373_e3 (224x256x176x1)
INFO: stdout 2025-01-14T18:33:55.002099:Convert 176 DICOM as /bgfs/bchandrasekaran/krs228/data/SSP/data_bids/sub-SSP058/anat/sub-SSP058_acq-t1w_echo-1_MPM_heudiconv373_e3 (224x256x176x1)
250114-18:33:55,871 nipype.interface INFO:
	 stdout 2025-01-14T18:33:55.871071:::autoBids:Siemens CSAseqFname:'%CustomerSeq%\mfc_3dflash' pulseSeq:'' seqName:'fl3dr1n3d8'
INFO: stdout 2025-01-14T18:33:55.871071:::autoBids:Siemens CSAseqFname:'%CustomerSeq%\mfc_3dflash' pulseSeq:'' seqName:'fl3dr1n3d8'
250114-18:33:55,871 nipype.interface INFO:
	 stdout 2025-01-14T18:33:55.871071:Convert 176 DICOM as /bgfs/bchandrasekaran/krs228/data/SSP/data_bids/sub-SSP058/anat/sub-SSP058_acq-t1w_echo-1_MPM_heudiconv373_e1 (224x256x176x1)
INFO: stdout 2025-01-14T18:33:55.871071:Convert 176 DICOM as /bgfs/bchandrasekaran/krs228/data/SSP/data_bids/sub-SSP058/anat/sub-SSP058_acq-t1w_echo-1_MPM_heudiconv373_e1 (224x256x176x1)
250114-18:33:56,767 nipype.interface INFO:
	 stdout 2025-01-14T18:33:56.767078:::autoBids:Siemens CSAseqFname:'%CustomerSeq%\mfc_3dflash' pulseSeq:'' seqName:'fl3dr1n3d8'
INFO: stdout 2025-01-14T18:33:56.767078:::autoBids:Siemens CSAseqFname:'%CustomerSeq%\mfc_3dflash' pulseSeq:'' seqName:'fl3dr1n3d8'
250114-18:33:56,767 nipype.interface INFO:
	 stdout 2025-01-14T18:33:56.767078:Convert 176 DICOM as /bgfs/bchandrasekaran/krs228/data/SSP/data_bids/sub-SSP058/anat/sub-SSP058_acq-t1w_echo-1_MPM_heudiconv373_e2 (224x256x176x1)
INFO: stdout 2025-01-14T18:33:56.767078:Convert 176 DICOM as /bgfs/bchandrasekaran/krs228/data/SSP/data_bids/sub-SSP058/anat/sub-SSP058_acq-t1w_echo-1_MPM_heudiconv373_e2 (224x256x176x1)
250114-18:33:57,640 nipype.interface INFO:
	 stdout 2025-01-14T18:33:57.640073:::autoBids:Siemens CSAseqFname:'%CustomerSeq%\mfc_3dflash' pulseSeq:'' seqName:'fl3dr1n3d8'
INFO: stdout 2025-01-14T18:33:57.640073:::autoBids:Siemens CSAseqFname:'%CustomerSeq%\mfc_3dflash' pulseSeq:'' seqName:'fl3dr1n3d8'
250114-18:33:57,640 nipype.interface INFO:
	 stdout 2025-01-14T18:33:57.640073:Convert 176 DICOM as /bgfs/bchandrasekaran/krs228/data/SSP/data_bids/sub-SSP058/anat/sub-SSP058_acq-t1w_echo-1_MPM_heudiconv373_e5 (224x256x176x1)
INFO: stdout 2025-01-14T18:33:57.640073:Convert 176 DICOM as /bgfs/bchandrasekaran/krs228/data/SSP/data_bids/sub-SSP058/anat/sub-SSP058_acq-t1w_echo-1_MPM_heudiconv373_e5 (224x256x176x1)
250114-18:33:58,581 nipype.interface INFO:
	 stdout 2025-01-14T18:33:58.581075:::autoBids:Siemens CSAseqFname:'%CustomerSeq%\mfc_3dflash' pulseSeq:'' seqName:'fl3dr1n3d8'
INFO: stdout 2025-01-14T18:33:58.581075:::autoBids:Siemens CSAseqFname:'%CustomerSeq%\mfc_3dflash' pulseSeq:'' seqName:'fl3dr1n3d8'
250114-18:33:58,581 nipype.interface INFO:
	 stdout 2025-01-14T18:33:58.581075:Convert 176 DICOM as /bgfs/bchandrasekaran/krs228/data/SSP/data_bids/sub-SSP058/anat/sub-SSP058_acq-t1w_echo-1_MPM_heudiconv373_e6 (224x256x176x1)
INFO: stdout 2025-01-14T18:33:58.581075:Convert 176 DICOM as /bgfs/bchandrasekaran/krs228/data/SSP/data_bids/sub-SSP058/anat/sub-SSP058_acq-t1w_echo-1_MPM_heudiconv373_e6 (224x256x176x1)
250114-18:33:59,495 nipype.interface INFO:
	 stdout 2025-01-14T18:33:59.495073:::autoBids:Siemens CSAseqFname:'%CustomerSeq%\mfc_3dflash' pulseSeq:'' seqName:'fl3dr1n3d8'
INFO: stdout 2025-01-14T18:33:59.495073:::autoBids:Siemens CSAseqFname:'%CustomerSeq%\mfc_3dflash' pulseSeq:'' seqName:'fl3dr1n3d8'
250114-18:33:59,495 nipype.interface INFO:
	 stdout 2025-01-14T18:33:59.495073:Convert 176 DICOM as /bgfs/bchandrasekaran/krs228/data/SSP/data_bids/sub-SSP058/anat/sub-SSP058_acq-t1w_echo-1_MPM_heudiconv373_e8 (224x256x176x1)
INFO: stdout 2025-01-14T18:33:59.495073:Convert 176 DICOM as /bgfs/bchandrasekaran/krs228/data/SSP/data_bids/sub-SSP058/anat/sub-SSP058_acq-t1w_echo-1_MPM_heudiconv373_e8 (224x256x176x1)
250114-18:34:00,391 nipype.interface INFO:
	 stdout 2025-01-14T18:34:00.391078:::autoBids:Siemens CSAseqFname:'%CustomerSeq%\mfc_3dflash' pulseSeq:'' seqName:'fl3dr1n3d8'
INFO: stdout 2025-01-14T18:34:00.391078:::autoBids:Siemens CSAseqFname:'%CustomerSeq%\mfc_3dflash' pulseSeq:'' seqName:'fl3dr1n3d8'
250114-18:34:00,391 nipype.interface INFO:
	 stdout 2025-01-14T18:34:00.391078:Convert 176 DICOM as /bgfs/bchandrasekaran/krs228/data/SSP/data_bids/sub-SSP058/anat/sub-SSP058_acq-t1w_echo-1_MPM_heudiconv373_e4 (224x256x176x1)
INFO: stdout 2025-01-14T18:34:00.391078:Convert 176 DICOM as /bgfs/bchandrasekaran/krs228/data/SSP/data_bids/sub-SSP058/anat/sub-SSP058_acq-t1w_echo-1_MPM_heudiconv373_e4 (224x256x176x1)
250114-18:34:01,301 nipype.interface INFO:
	 stdout 2025-01-14T18:34:01.301071:::autoBids:Siemens CSAseqFname:'%CustomerSeq%\mfc_3dflash' pulseSeq:'' seqName:'fl3dr1n3d8'
INFO: stdout 2025-01-14T18:34:01.301071:::autoBids:Siemens CSAseqFname:'%CustomerSeq%\mfc_3dflash' pulseSeq:'' seqName:'fl3dr1n3d8'
250114-18:34:01,301 nipype.interface INFO:
	 stdout 2025-01-14T18:34:01.301071:Convert 176 DICOM as /bgfs/bchandrasekaran/krs228/data/SSP/data_bids/sub-SSP058/anat/sub-SSP058_acq-t1w_echo-1_MPM_heudiconv373_e7 (224x256x176x1)
INFO: stdout 2025-01-14T18:34:01.301071:Convert 176 DICOM as /bgfs/bchandrasekaran/krs228/data/SSP/data_bids/sub-SSP058/anat/sub-SSP058_acq-t1w_echo-1_MPM_heudiconv373_e7 (224x256x176x1)
250114-18:34:02,53 nipype.interface INFO:
	 stdout 2025-01-14T18:34:02.053913:Conversion required 23.474277 seconds (7.260000 for core code).
INFO: stdout 2025-01-14T18:34:02.053913:Conversion required 23.474277 seconds (7.260000 for core code).
250114-18:34:02,180 nipype.workflow INFO:
	 [Node] Finished "convert".
INFO: [Node] Finished "convert".
WARNING: Failed to find task field in /bgfs/bchandrasekaran/krs228/data/SSP/data_bids/sub-SSP058/anat/sub-SSP058_acq-t1w_echo-1_echo-1_MPM.json.
WARNING: Failed to find task field in /bgfs/bchandrasekaran/krs228/data/SSP/data_bids/sub-SSP058/anat/sub-SSP058_acq-t1w_echo-1_echo-2_MPM.json.
WARNING: Failed to find task field in /bgfs/bchandrasekaran/krs228/data/SSP/data_bids/sub-SSP058/anat/sub-SSP058_acq-t1w_echo-1_echo-3_MPM.json.
WARNING: Failed to find task field in /bgfs/bchandrasekaran/krs228/data/SSP/data_bids/sub-SSP058/anat/sub-SSP058_acq-t1w_echo-1_echo-4_MPM.json.
WARNING: Failed to find task field in /bgfs/bchandrasekaran/krs228/data/SSP/data_bids/sub-SSP058/anat/sub-SSP058_acq-t1w_echo-1_echo-5_MPM.json.
WARNING: Failed to find task field in /bgfs/bchandrasekaran/krs228/data/SSP/data_bids/sub-SSP058/anat/sub-SSP058_acq-t1w_echo-1_echo-6_MPM.json.
WARNING: Failed to find task field in /bgfs/bchandrasekaran/krs228/data/SSP/data_bids/sub-SSP058/anat/sub-SSP058_acq-t1w_echo-1_echo-7_MPM.json.
WARNING: Failed to find task field in /bgfs/bchandrasekaran/krs228/data/SSP/data_bids/sub-SSP058/anat/sub-SSP058_acq-t1w_echo-1_echo-8_MPM.json.
WARNING: For now not embedding BIDS and info generated .nii.gz itself since sequence produced multiple files
INFO: Converting /bgfs/bchandrasekaran/krs228/data/SSP/data_bids/sub-SSP058/anat/sub-SSP058_acq-pd_echo-1_MPM (1408 DICOMs) -> /bgfs/bchandrasekaran/krs228/data/SSP/data_bids/sub-SSP058/anat . Converter: dcm2niix . Output types: ('nii.gz',)
250114-18:34:02,695 nipype.workflow INFO:
	 [Node] Setting-up "convert" in "/scratch/slurm-4829735/dcm2niix9nxcs1r0/convert".
INFO: [Node] Setting-up "convert" in "/scratch/slurm-4829735/dcm2niix9nxcs1r0/convert".
250114-18:34:03,23 nipype.workflow INFO:
	 [Node] Running "convert" ("nipype.interfaces.dcm2nii.Dcm2niix"), a CommandLine Interface with command:
dcm2niix -b y -z y -x n -t n -m n -f sub-SSP058_acq-pd_echo-1_MPM_heudiconv895 -o /bgfs/bchandrasekaran/krs228/data/SSP/data_bids/sub-SSP058/anat -s n -v n /scratch/slurm-4829735/dcm2niix9nxcs1r0/convert
INFO: [Node] Running "convert" ("nipype.interfaces.dcm2nii.Dcm2niix"), a CommandLine Interface with command:
dcm2niix -b y -z y -x n -t n -m n -f sub-SSP058_acq-pd_echo-1_MPM_heudiconv895 -o /bgfs/bchandrasekaran/krs228/data/SSP/data_bids/sub-SSP058/anat -s n -v n /scratch/slurm-4829735/dcm2niix9nxcs1r0/convert
250114-18:34:09,228 nipype.interface INFO:
	 stdout 2025-01-14T18:34:09.228096:Chris Rorden's dcm2niiX version v1.0.20240202  (JP2:OpenJPEG) (JP-LS:CharLS) GCC8.4.0 x86-64 (64-bit Linux)
INFO: stdout 2025-01-14T18:34:09.228096:Chris Rorden's dcm2niiX version v1.0.20240202  (JP2:OpenJPEG) (JP-LS:CharLS) GCC8.4.0 x86-64 (64-bit Linux)
250114-18:34:09,239 nipype.interface INFO:
	 stdout 2025-01-14T18:34:09.228096:Found 1408 DICOM file(s)
INFO: stdout 2025-01-14T18:34:09.228096:Found 1408 DICOM file(s)
250114-18:34:09,239 nipype.interface INFO:
	 stdout 2025-01-14T18:34:09.228096:Slices not stacked: echo varies (TE 11.5, 13.8; echo 5, 6). Use 'merge 2D slices' option to force stacking
INFO: stdout 2025-01-14T18:34:09.228096:Slices not stacked: echo varies (TE 11.5, 13.8; echo 5, 6). Use 'merge 2D slices' option to force stacking
250114-18:34:09,239 nipype.interface INFO:
	 stdout 2025-01-14T18:34:09.228096:::autoBids:Siemens CSAseqFname:'%CustomerSeq%\mfc_3dflash' pulseSeq:'' seqName:'fl3dr1n3d8'
INFO: stdout 2025-01-14T18:34:09.228096:::autoBids:Siemens CSAseqFname:'%CustomerSeq%\mfc_3dflash' pulseSeq:'' seqName:'fl3dr1n3d8'
250114-18:34:09,239 nipype.interface INFO:
	 stdout 2025-01-14T18:34:09.228096:Convert 176 DICOM as /bgfs/bchandrasekaran/krs228/data/SSP/data_bids/sub-SSP058/anat/sub-SSP058_acq-pd_echo-1_MPM_heudiconv895_e5 (224x256x176x1)
INFO: stdout 2025-01-14T18:34:09.228096:Convert 176 DICOM as /bgfs/bchandrasekaran/krs228/data/SSP/data_bids/sub-SSP058/anat/sub-SSP058_acq-pd_echo-1_MPM_heudiconv895_e5 (224x256x176x1)
250114-18:34:10,143 nipype.interface INFO:
	 stdout 2025-01-14T18:34:10.143080:::autoBids:Siemens CSAseqFname:'%CustomerSeq%\mfc_3dflash' pulseSeq:'' seqName:'fl3dr1n3d8'
INFO: stdout 2025-01-14T18:34:10.143080:::autoBids:Siemens CSAseqFname:'%CustomerSeq%\mfc_3dflash' pulseSeq:'' seqName:'fl3dr1n3d8'
250114-18:34:10,143 nipype.interface INFO:
	 stdout 2025-01-14T18:34:10.143080:Convert 176 DICOM as /bgfs/bchandrasekaran/krs228/data/SSP/data_bids/sub-SSP058/anat/sub-SSP058_acq-pd_echo-1_MPM_heudiconv895_e6 (224x256x176x1)
INFO: stdout 2025-01-14T18:34:10.143080:Convert 176 DICOM as /bgfs/bchandrasekaran/krs228/data/SSP/data_bids/sub-SSP058/anat/sub-SSP058_acq-pd_echo-1_MPM_heudiconv895_e6 (224x256x176x1)
250114-18:34:11,50 nipype.interface INFO:
	 stdout 2025-01-14T18:34:11.050071:::autoBids:Siemens CSAseqFname:'%CustomerSeq%\mfc_3dflash' pulseSeq:'' seqName:'fl3dr1n3d8'
INFO: stdout 2025-01-14T18:34:11.050071:::autoBids:Siemens CSAseqFname:'%CustomerSeq%\mfc_3dflash' pulseSeq:'' seqName:'fl3dr1n3d8'
250114-18:34:11,50 nipype.interface INFO:
	 stdout 2025-01-14T18:34:11.050071:Convert 176 DICOM as /bgfs/bchandrasekaran/krs228/data/SSP/data_bids/sub-SSP058/anat/sub-SSP058_acq-pd_echo-1_MPM_heudiconv895_e2 (224x256x176x1)
INFO: stdout 2025-01-14T18:34:11.050071:Convert 176 DICOM as /bgfs/bchandrasekaran/krs228/data/SSP/data_bids/sub-SSP058/anat/sub-SSP058_acq-pd_echo-1_MPM_heudiconv895_e2 (224x256x176x1)
250114-18:34:11,954 nipype.interface INFO:
	 stdout 2025-01-14T18:34:11.954074:::autoBids:Siemens CSAseqFname:'%CustomerSeq%\mfc_3dflash' pulseSeq:'' seqName:'fl3dr1n3d8'
INFO: stdout 2025-01-14T18:34:11.954074:::autoBids:Siemens CSAseqFname:'%CustomerSeq%\mfc_3dflash' pulseSeq:'' seqName:'fl3dr1n3d8'
250114-18:34:11,954 nipype.interface INFO:
	 stdout 2025-01-14T18:34:11.954074:Convert 176 DICOM as /bgfs/bchandrasekaran/krs228/data/SSP/data_bids/sub-SSP058/anat/sub-SSP058_acq-pd_echo-1_MPM_heudiconv895_e4 (224x256x176x1)
INFO: stdout 2025-01-14T18:34:11.954074:Convert 176 DICOM as /bgfs/bchandrasekaran/krs228/data/SSP/data_bids/sub-SSP058/anat/sub-SSP058_acq-pd_echo-1_MPM_heudiconv895_e4 (224x256x176x1)
250114-18:34:12,835 nipype.interface INFO:
	 stdout 2025-01-14T18:34:12.835079:::autoBids:Siemens CSAseqFname:'%CustomerSeq%\mfc_3dflash' pulseSeq:'' seqName:'fl3dr1n3d8'
INFO: stdout 2025-01-14T18:34:12.835079:::autoBids:Siemens CSAseqFname:'%CustomerSeq%\mfc_3dflash' pulseSeq:'' seqName:'fl3dr1n3d8'
250114-18:34:12,835 nipype.interface INFO:
	 stdout 2025-01-14T18:34:12.835079:Convert 176 DICOM as /bgfs/bchandrasekaran/krs228/data/SSP/data_bids/sub-SSP058/anat/sub-SSP058_acq-pd_echo-1_MPM_heudiconv895_e7 (224x256x176x1)
INFO: stdout 2025-01-14T18:34:12.835079:Convert 176 DICOM as /bgfs/bchandrasekaran/krs228/data/SSP/data_bids/sub-SSP058/anat/sub-SSP058_acq-pd_echo-1_MPM_heudiconv895_e7 (224x256x176x1)
250114-18:34:13,719 nipype.interface INFO:
	 stdout 2025-01-14T18:34:13.719079:::autoBids:Siemens CSAseqFname:'%CustomerSeq%\mfc_3dflash' pulseSeq:'' seqName:'fl3dr1n3d8'
INFO: stdout 2025-01-14T18:34:13.719079:::autoBids:Siemens CSAseqFname:'%CustomerSeq%\mfc_3dflash' pulseSeq:'' seqName:'fl3dr1n3d8'
250114-18:34:13,719 nipype.interface INFO:
	 stdout 2025-01-14T18:34:13.719079:Convert 176 DICOM as /bgfs/bchandrasekaran/krs228/data/SSP/data_bids/sub-SSP058/anat/sub-SSP058_acq-pd_echo-1_MPM_heudiconv895_e3 (224x256x176x1)
INFO: stdout 2025-01-14T18:34:13.719079:Convert 176 DICOM as /bgfs/bchandrasekaran/krs228/data/SSP/data_bids/sub-SSP058/anat/sub-SSP058_acq-pd_echo-1_MPM_heudiconv895_e3 (224x256x176x1)
250114-18:34:14,609 nipype.interface INFO:
	 stdout 2025-01-14T18:34:14.609078:::autoBids:Siemens CSAseqFname:'%CustomerSeq%\mfc_3dflash' pulseSeq:'' seqName:'fl3dr1n3d8'
INFO: stdout 2025-01-14T18:34:14.609078:::autoBids:Siemens CSAseqFname:'%CustomerSeq%\mfc_3dflash' pulseSeq:'' seqName:'fl3dr1n3d8'
250114-18:34:14,609 nipype.interface INFO:
	 stdout 2025-01-14T18:34:14.609078:Convert 176 DICOM as /bgfs/bchandrasekaran/krs228/data/SSP/data_bids/sub-SSP058/anat/sub-SSP058_acq-pd_echo-1_MPM_heudiconv895_e8 (224x256x176x1)
INFO: stdout 2025-01-14T18:34:14.609078:Convert 176 DICOM as /bgfs/bchandrasekaran/krs228/data/SSP/data_bids/sub-SSP058/anat/sub-SSP058_acq-pd_echo-1_MPM_heudiconv895_e8 (224x256x176x1)
250114-18:34:15,501 nipype.interface INFO:
	 stdout 2025-01-14T18:34:15.501075:::autoBids:Siemens CSAseqFname:'%CustomerSeq%\mfc_3dflash' pulseSeq:'' seqName:'fl3dr1n3d8'
INFO: stdout 2025-01-14T18:34:15.501075:::autoBids:Siemens CSAseqFname:'%CustomerSeq%\mfc_3dflash' pulseSeq:'' seqName:'fl3dr1n3d8'
250114-18:34:15,512 nipype.interface INFO:
	 stdout 2025-01-14T18:34:15.501075:Convert 176 DICOM as /bgfs/bchandrasekaran/krs228/data/SSP/data_bids/sub-SSP058/anat/sub-SSP058_acq-pd_echo-1_MPM_heudiconv895_e1 (224x256x176x1)
INFO: stdout 2025-01-14T18:34:15.501075:Convert 176 DICOM as /bgfs/bchandrasekaran/krs228/data/SSP/data_bids/sub-SSP058/anat/sub-SSP058_acq-pd_echo-1_MPM_heudiconv895_e1 (224x256x176x1)
250114-18:34:16,280 nipype.interface INFO:
	 stdout 2025-01-14T18:34:16.280163:Conversion required 13.050235 seconds (7.460000 for core code).
INFO: stdout 2025-01-14T18:34:16.280163:Conversion required 13.050235 seconds (7.460000 for core code).
250114-18:34:16,409 nipype.workflow INFO:
	 [Node] Finished "convert".
INFO: [Node] Finished "convert".
WARNING: Failed to find task field in /bgfs/bchandrasekaran/krs228/data/SSP/data_bids/sub-SSP058/anat/sub-SSP058_acq-pd_echo-1_echo-1_MPM.json.
WARNING: Failed to find task field in /bgfs/bchandrasekaran/krs228/data/SSP/data_bids/sub-SSP058/anat/sub-SSP058_acq-pd_echo-1_echo-2_MPM.json.
WARNING: Failed to find task field in /bgfs/bchandrasekaran/krs228/data/SSP/data_bids/sub-SSP058/anat/sub-SSP058_acq-pd_echo-1_echo-3_MPM.json.
WARNING: Failed to find task field in /bgfs/bchandrasekaran/krs228/data/SSP/data_bids/sub-SSP058/anat/sub-SSP058_acq-pd_echo-1_echo-4_MPM.json.
WARNING: Failed to find task field in /bgfs/bchandrasekaran/krs228/data/SSP/data_bids/sub-SSP058/anat/sub-SSP058_acq-pd_echo-1_echo-5_MPM.json.
WARNING: Failed to find task field in /bgfs/bchandrasekaran/krs228/data/SSP/data_bids/sub-SSP058/anat/sub-SSP058_acq-pd_echo-1_echo-6_MPM.json.
WARNING: Failed to find task field in /bgfs/bchandrasekaran/krs228/data/SSP/data_bids/sub-SSP058/anat/sub-SSP058_acq-pd_echo-1_echo-7_MPM.json.
WARNING: Failed to find task field in /bgfs/bchandrasekaran/krs228/data/SSP/data_bids/sub-SSP058/anat/sub-SSP058_acq-pd_echo-1_echo-8_MPM.json.
WARNING: For now not embedding BIDS and info generated .nii.gz itself since sequence produced multiple files
INFO: Converting /bgfs/bchandrasekaran/krs228/data/SSP/data_bids/sub-SSP058/anat/sub-SSP058_acq-MTw_echo-1_mt-on_MPM (1056 DICOMs) -> /bgfs/bchandrasekaran/krs228/data/SSP/data_bids/sub-SSP058/anat . Converter: dcm2niix . Output types: ('nii.gz',)
250114-18:34:16,738 nipype.workflow INFO:
	 [Node] Setting-up "convert" in "/scratch/slurm-4829735/dcm2niixbduv06bt/convert".
INFO: [Node] Setting-up "convert" in "/scratch/slurm-4829735/dcm2niixbduv06bt/convert".
250114-18:34:16,988 nipype.workflow INFO:
	 [Node] Running "convert" ("nipype.interfaces.dcm2nii.Dcm2niix"), a CommandLine Interface with command:
dcm2niix -b y -z y -x n -t n -m n -f sub-SSP058_acq-MTw_echo-1_mt-on_MPM_heudiconv522 -o /bgfs/bchandrasekaran/krs228/data/SSP/data_bids/sub-SSP058/anat -s n -v n /scratch/slurm-4829735/dcm2niixbduv06bt/convert
INFO: [Node] Running "convert" ("nipype.interfaces.dcm2nii.Dcm2niix"), a CommandLine Interface with command:
dcm2niix -b y -z y -x n -t n -m n -f sub-SSP058_acq-MTw_echo-1_mt-on_MPM_heudiconv522 -o /bgfs/bchandrasekaran/krs228/data/SSP/data_bids/sub-SSP058/anat -s n -v n /scratch/slurm-4829735/dcm2niixbduv06bt/convert
250114-18:34:20,366 nipype.interface INFO:
	 stdout 2025-01-14T18:34:20.366086:Chris Rorden's dcm2niiX version v1.0.20240202  (JP2:OpenJPEG) (JP-LS:CharLS) GCC8.4.0 x86-64 (64-bit Linux)
INFO: stdout 2025-01-14T18:34:20.366086:Chris Rorden's dcm2niiX version v1.0.20240202  (JP2:OpenJPEG) (JP-LS:CharLS) GCC8.4.0 x86-64 (64-bit Linux)
250114-18:34:20,377 nipype.interface INFO:
	 stdout 2025-01-14T18:34:20.366086:Found 1056 DICOM file(s)
INFO: stdout 2025-01-14T18:34:20.366086:Found 1056 DICOM file(s)
250114-18:34:20,377 nipype.interface INFO:
	 stdout 2025-01-14T18:34:20.366086:Slices not stacked: echo varies (TE 11.5, 9.2; echo 5, 4). Use 'merge 2D slices' option to force stacking
INFO: stdout 2025-01-14T18:34:20.366086:Slices not stacked: echo varies (TE 11.5, 9.2; echo 5, 4). Use 'merge 2D slices' option to force stacking
250114-18:34:20,377 nipype.interface INFO:
	 stdout 2025-01-14T18:34:20.366086:::autoBids:Siemens CSAseqFname:'%CustomerSeq%\mfc_3dflash' pulseSeq:'' seqName:'fl3dr1n3d6'
INFO: stdout 2025-01-14T18:34:20.366086:::autoBids:Siemens CSAseqFname:'%CustomerSeq%\mfc_3dflash' pulseSeq:'' seqName:'fl3dr1n3d6'
250114-18:34:20,377 nipype.interface INFO:
	 stdout 2025-01-14T18:34:20.366086:Convert 176 DICOM as /bgfs/bchandrasekaran/krs228/data/SSP/data_bids/sub-SSP058/anat/sub-SSP058_acq-MTw_echo-1_mt-on_MPM_heudiconv522_e5 (224x256x176x1)
INFO: stdout 2025-01-14T18:34:20.366086:Convert 176 DICOM as /bgfs/bchandrasekaran/krs228/data/SSP/data_bids/sub-SSP058/anat/sub-SSP058_acq-MTw_echo-1_mt-on_MPM_heudiconv522_e5 (224x256x176x1)
250114-18:34:21,252 nipype.interface INFO:
	 stdout 2025-01-14T18:34:21.252075:::autoBids:Siemens CSAseqFname:'%CustomerSeq%\mfc_3dflash' pulseSeq:'' seqName:'fl3dr1n3d6'
INFO: stdout 2025-01-14T18:34:21.252075:::autoBids:Siemens CSAseqFname:'%CustomerSeq%\mfc_3dflash' pulseSeq:'' seqName:'fl3dr1n3d6'
250114-18:34:21,252 nipype.interface INFO:
	 stdout 2025-01-14T18:34:21.252075:Convert 176 DICOM as /bgfs/bchandrasekaran/krs228/data/SSP/data_bids/sub-SSP058/anat/sub-SSP058_acq-MTw_echo-1_mt-on_MPM_heudiconv522_e4 (224x256x176x1)
INFO: stdout 2025-01-14T18:34:21.252075:Convert 176 DICOM as /bgfs/bchandrasekaran/krs228/data/SSP/data_bids/sub-SSP058/anat/sub-SSP058_acq-MTw_echo-1_mt-on_MPM_heudiconv522_e4 (224x256x176x1)
250114-18:34:22,151 nipype.interface INFO:
	 stdout 2025-01-14T18:34:22.151076:::autoBids:Siemens CSAseqFname:'%CustomerSeq%\mfc_3dflash' pulseSeq:'' seqName:'fl3dr1n3d6'
INFO: stdout 2025-01-14T18:34:22.151076:::autoBids:Siemens CSAseqFname:'%CustomerSeq%\mfc_3dflash' pulseSeq:'' seqName:'fl3dr1n3d6'
250114-18:34:22,151 nipype.interface INFO:
	 stdout 2025-01-14T18:34:22.151076:Convert 176 DICOM as /bgfs/bchandrasekaran/krs228/data/SSP/data_bids/sub-SSP058/anat/sub-SSP058_acq-MTw_echo-1_mt-on_MPM_heudiconv522_e3 (224x256x176x1)
INFO: stdout 2025-01-14T18:34:22.151076:Convert 176 DICOM as /bgfs/bchandrasekaran/krs228/data/SSP/data_bids/sub-SSP058/anat/sub-SSP058_acq-MTw_echo-1_mt-on_MPM_heudiconv522_e3 (224x256x176x1)
250114-18:34:23,33 nipype.interface INFO:
	 stdout 2025-01-14T18:34:23.033073:::autoBids:Siemens CSAseqFname:'%CustomerSeq%\mfc_3dflash' pulseSeq:'' seqName:'fl3dr1n3d6'
INFO: stdout 2025-01-14T18:34:23.033073:::autoBids:Siemens CSAseqFname:'%CustomerSeq%\mfc_3dflash' pulseSeq:'' seqName:'fl3dr1n3d6'
250114-18:34:23,33 nipype.interface INFO:
	 stdout 2025-01-14T18:34:23.033073:Convert 176 DICOM as /bgfs/bchandrasekaran/krs228/data/SSP/data_bids/sub-SSP058/anat/sub-SSP058_acq-MTw_echo-1_mt-on_MPM_heudiconv522_e6 (224x256x176x1)
INFO: stdout 2025-01-14T18:34:23.033073:Convert 176 DICOM as /bgfs/bchandrasekaran/krs228/data/SSP/data_bids/sub-SSP058/anat/sub-SSP058_acq-MTw_echo-1_mt-on_MPM_heudiconv522_e6 (224x256x176x1)
250114-18:34:23,899 nipype.interface INFO:
	 stdout 2025-01-14T18:34:23.899075:::autoBids:Siemens CSAseqFname:'%CustomerSeq%\mfc_3dflash' pulseSeq:'' seqName:'fl3dr1n3d6'
INFO: stdout 2025-01-14T18:34:23.899075:::autoBids:Siemens CSAseqFname:'%CustomerSeq%\mfc_3dflash' pulseSeq:'' seqName:'fl3dr1n3d6'
250114-18:34:23,899 nipype.interface INFO:
	 stdout 2025-01-14T18:34:23.899075:Convert 176 DICOM as /bgfs/bchandrasekaran/krs228/data/SSP/data_bids/sub-SSP058/anat/sub-SSP058_acq-MTw_echo-1_mt-on_MPM_heudiconv522_e1 (224x256x176x1)
INFO: stdout 2025-01-14T18:34:23.899075:Convert 176 DICOM as /bgfs/bchandrasekaran/krs228/data/SSP/data_bids/sub-SSP058/anat/sub-SSP058_acq-MTw_echo-1_mt-on_MPM_heudiconv522_e1 (224x256x176x1)
250114-18:34:24,757 nipype.interface INFO:
	 stdout 2025-01-14T18:34:24.757074:::autoBids:Siemens CSAseqFname:'%CustomerSeq%\mfc_3dflash' pulseSeq:'' seqName:'fl3dr1n3d6'
INFO: stdout 2025-01-14T18:34:24.757074:::autoBids:Siemens CSAseqFname:'%CustomerSeq%\mfc_3dflash' pulseSeq:'' seqName:'fl3dr1n3d6'
250114-18:34:24,768 nipype.interface INFO:
	 stdout 2025-01-14T18:34:24.757074:Convert 176 DICOM as /bgfs/bchandrasekaran/krs228/data/SSP/data_bids/sub-SSP058/anat/sub-SSP058_acq-MTw_echo-1_mt-on_MPM_heudiconv522_e2 (224x256x176x1)
INFO: stdout 2025-01-14T18:34:24.757074:Convert 176 DICOM as /bgfs/bchandrasekaran/krs228/data/SSP/data_bids/sub-SSP058/anat/sub-SSP058_acq-MTw_echo-1_mt-on_MPM_heudiconv522_e2 (224x256x176x1)
250114-18:34:25,521 nipype.interface INFO:
	 stdout 2025-01-14T18:34:25.521696:Conversion required 8.318598 seconds (5.550000 for core code).
INFO: stdout 2025-01-14T18:34:25.521696:Conversion required 8.318598 seconds (5.550000 for core code).
250114-18:34:25,623 nipype.workflow INFO:
	 [Node] Finished "convert".
INFO: [Node] Finished "convert".
WARNING: Failed to find task field in /bgfs/bchandrasekaran/krs228/data/SSP/data_bids/sub-SSP058/anat/sub-SSP058_acq-MTw_echo-1_echo-1_mt-on_MPM.json.
WARNING: Failed to find task field in /bgfs/bchandrasekaran/krs228/data/SSP/data_bids/sub-SSP058/anat/sub-SSP058_acq-MTw_echo-1_echo-2_mt-on_MPM.json.
WARNING: Failed to find task field in /bgfs/bchandrasekaran/krs228/data/SSP/data_bids/sub-SSP058/anat/sub-SSP058_acq-MTw_echo-1_echo-3_mt-on_MPM.json.
WARNING: Failed to find task field in /bgfs/bchandrasekaran/krs228/data/SSP/data_bids/sub-SSP058/anat/sub-SSP058_acq-MTw_echo-1_echo-4_mt-on_MPM.json.
WARNING: Failed to find task field in /bgfs/bchandrasekaran/krs228/data/SSP/data_bids/sub-SSP058/anat/sub-SSP058_acq-MTw_echo-1_echo-5_mt-on_MPM.json.
WARNING: Failed to find task field in /bgfs/bchandrasekaran/krs228/data/SSP/data_bids/sub-SSP058/anat/sub-SSP058_acq-MTw_echo-1_echo-6_mt-on_MPM.json.
WARNING: For now not embedding BIDS and info generated .nii.gz itself since sequence produced multiple files
INFO: Converting /bgfs/bchandrasekaran/krs228/data/SSP/data_bids/sub-SSP058/fmap/sub-SSP058_acq-b1_echo-1_MPM (1056 DICOMs) -> /bgfs/bchandrasekaran/krs228/data/SSP/data_bids/sub-SSP058/fmap . Converter: dcm2niix . Output types: ('nii.gz',)
250114-18:34:25,928 nipype.workflow INFO:
	 [Node] Setting-up "convert" in "/scratch/slurm-4829735/dcm2niix462vso2z/convert".
INFO: [Node] Setting-up "convert" in "/scratch/slurm-4829735/dcm2niix462vso2z/convert".
250114-18:34:26,175 nipype.workflow INFO:
	 [Node] Running "convert" ("nipype.interfaces.dcm2nii.Dcm2niix"), a CommandLine Interface with command:
dcm2niix -b y -z y -x n -t n -m n -f sub-SSP058_acq-b1_echo-1_MPM_heudiconv484 -o /bgfs/bchandrasekaran/krs228/data/SSP/data_bids/sub-SSP058/fmap -s n -v n /scratch/slurm-4829735/dcm2niix462vso2z/convert
INFO: [Node] Running "convert" ("nipype.interfaces.dcm2nii.Dcm2niix"), a CommandLine Interface with command:
dcm2niix -b y -z y -x n -t n -m n -f sub-SSP058_acq-b1_echo-1_MPM_heudiconv484 -o /bgfs/bchandrasekaran/krs228/data/SSP/data_bids/sub-SSP058/fmap -s n -v n /scratch/slurm-4829735/dcm2niix462vso2z/convert
250114-18:34:29,387 nipype.interface INFO:
	 stdout 2025-01-14T18:34:29.387089:Chris Rorden's dcm2niiX version v1.0.20240202  (JP2:OpenJPEG) (JP-LS:CharLS) GCC8.4.0 x86-64 (64-bit Linux)
INFO: stdout 2025-01-14T18:34:29.387089:Chris Rorden's dcm2niiX version v1.0.20240202  (JP2:OpenJPEG) (JP-LS:CharLS) GCC8.4.0 x86-64 (64-bit Linux)
250114-18:34:29,398 nipype.interface INFO:
	 stdout 2025-01-14T18:34:29.387089:Found 1056 DICOM file(s)
INFO: stdout 2025-01-14T18:34:29.387089:Found 1056 DICOM file(s)
250114-18:34:29,398 nipype.interface INFO:
	 stdout 2025-01-14T18:34:29.387089:Slices not stacked: echo varies (TE 39.06, 130; echo 1, 2). Use 'merge 2D slices' option to force stacking
INFO: stdout 2025-01-14T18:34:29.387089:Slices not stacked: echo varies (TE 39.06, 130; echo 1, 2). Use 'merge 2D slices' option to force stacking
250114-18:34:29,398 nipype.interface INFO:
	 stdout 2025-01-14T18:34:29.387089:Warning: Discrepancy between reported (0.5s) and estimated (12s) repetition time (issue 560).
INFO: stdout 2025-01-14T18:34:29.387089:Warning: Discrepancy between reported (0.5s) and estimated (12s) repetition time (issue 560).
250114-18:34:29,398 nipype.interface INFO:
	 stdout 2025-01-14T18:34:29.387089:Convert 528 DICOM as /bgfs/bchandrasekaran/krs228/data/SSP/data_bids/sub-SSP058/fmap/sub-SSP058_acq-b1_echo-1_MPM_heudiconv484_e1 (48x64x48x11)
INFO: stdout 2025-01-14T18:34:29.387089:Convert 528 DICOM as /bgfs/bchandrasekaran/krs228/data/SSP/data_bids/sub-SSP058/fmap/sub-SSP058_acq-b1_echo-1_MPM_heudiconv484_e1 (48x64x48x11)
250114-18:34:29,685 nipype.interface INFO:
	 stdout 2025-01-14T18:34:29.685079:Warning: Discrepancy between reported (0.5s) and estimated (12s) repetition time (issue 560).
INFO: stdout 2025-01-14T18:34:29.685079:Warning: Discrepancy between reported (0.5s) and estimated (12s) repetition time (issue 560).
250114-18:34:29,685 nipype.interface INFO:
	 stdout 2025-01-14T18:34:29.685079:Convert 528 DICOM as /bgfs/bchandrasekaran/krs228/data/SSP/data_bids/sub-SSP058/fmap/sub-SSP058_acq-b1_echo-1_MPM_heudiconv484_e2 (48x64x48x11)
INFO: stdout 2025-01-14T18:34:29.685079:Convert 528 DICOM as /bgfs/bchandrasekaran/krs228/data/SSP/data_bids/sub-SSP058/fmap/sub-SSP058_acq-b1_echo-1_MPM_heudiconv484_e2 (48x64x48x11)
250114-18:34:29,769 nipype.interface INFO:
	 stdout 2025-01-14T18:34:29.769858:Conversion required 3.378710 seconds (0.900000 for core code).
INFO: stdout 2025-01-14T18:34:29.769858:Conversion required 3.378710 seconds (0.900000 for core code).
250114-18:34:29,849 nipype.workflow INFO:
	 [Node] Finished "convert".
INFO: [Node] Finished "convert".
WARNING: Failed to find task field in /bgfs/bchandrasekaran/krs228/data/SSP/data_bids/sub-SSP058/fmap/sub-SSP058_acq-b1_echo-1_echo-1_MPM.json.
WARNING: Failed to find task field in /bgfs/bchandrasekaran/krs228/data/SSP/data_bids/sub-SSP058/fmap/sub-SSP058_acq-b1_echo-1_echo-2_MPM.json.
WARNING: For now not embedding BIDS and info generated .nii.gz itself since sequence produced multiple files
INFO: Converting /bgfs/bchandrasekaran/krs228/data/SSP/data_bids/sub-SSP058/fmap/sub-SSP058_desc-fmap_echo-1_part-mag_gre_MPM (128 DICOMs) -> /bgfs/bchandrasekaran/krs228/data/SSP/data_bids/sub-SSP058/fmap . Converter: dcm2niix . Output types: ('nii.gz',)
250114-18:34:29,927 nipype.workflow INFO:
	 [Node] Setting-up "convert" in "/scratch/slurm-4829735/dcm2niixf2jhihka/convert".
INFO: [Node] Setting-up "convert" in "/scratch/slurm-4829735/dcm2niixf2jhihka/convert".
250114-18:34:29,960 nipype.workflow INFO:
	 [Node] Running "convert" ("nipype.interfaces.dcm2nii.Dcm2niix"), a CommandLine Interface with command:
dcm2niix -b y -z y -x n -t n -m n -f sub-SSP058_desc-fmap_echo-1_part-mag_gre_MPM_heudiconv409 -o /bgfs/bchandrasekaran/krs228/data/SSP/data_bids/sub-SSP058/fmap -s n -v n /scratch/slurm-4829735/dcm2niixf2jhihka/convert
INFO: [Node] Running "convert" ("nipype.interfaces.dcm2nii.Dcm2niix"), a CommandLine Interface with command:
dcm2niix -b y -z y -x n -t n -m n -f sub-SSP058_desc-fmap_echo-1_part-mag_gre_MPM_heudiconv409 -o /bgfs/bchandrasekaran/krs228/data/SSP/data_bids/sub-SSP058/fmap -s n -v n /scratch/slurm-4829735/dcm2niixf2jhihka/convert
250114-18:34:30,612 nipype.interface INFO:
	 stdout 2025-01-14T18:34:30.612083:Chris Rorden's dcm2niiX version v1.0.20240202  (JP2:OpenJPEG) (JP-LS:CharLS) GCC8.4.0 x86-64 (64-bit Linux)
INFO: stdout 2025-01-14T18:34:30.612083:Chris Rorden's dcm2niiX version v1.0.20240202  (JP2:OpenJPEG) (JP-LS:CharLS) GCC8.4.0 x86-64 (64-bit Linux)
250114-18:34:30,612 nipype.interface INFO:
	 stdout 2025-01-14T18:34:30.612083:Found 128 DICOM file(s)
INFO: stdout 2025-01-14T18:34:30.612083:Found 128 DICOM file(s)
250114-18:34:30,612 nipype.interface INFO:
	 stdout 2025-01-14T18:34:30.612083:Slices not stacked: echo varies (TE 12.46, 10; echo 2, 1). Use 'merge 2D slices' option to force stacking
INFO: stdout 2025-01-14T18:34:30.612083:Slices not stacked: echo varies (TE 12.46, 10; echo 2, 1). Use 'merge 2D slices' option to force stacking
250114-18:34:30,612 nipype.interface INFO:
	 stdout 2025-01-14T18:34:30.612083:Convert 64 DICOM as /bgfs/bchandrasekaran/krs228/data/SSP/data_bids/sub-SSP058/fmap/sub-SSP058_desc-fmap_echo-1_part-mag_gre_MPM_heudiconv409_e2 (64x64x64x1)
INFO: stdout 2025-01-14T18:34:30.612083:Convert 64 DICOM as /bgfs/bchandrasekaran/krs228/data/SSP/data_bids/sub-SSP058/fmap/sub-SSP058_desc-fmap_echo-1_part-mag_gre_MPM_heudiconv409_e2 (64x64x64x1)
250114-18:34:30,664 nipype.interface INFO:
	 stdout 2025-01-14T18:34:30.664070:Convert 64 DICOM as /bgfs/bchandrasekaran/krs228/data/SSP/data_bids/sub-SSP058/fmap/sub-SSP058_desc-fmap_echo-1_part-mag_gre_MPM_heudiconv409_e1 (64x64x64x1)
INFO: stdout 2025-01-14T18:34:30.664070:Convert 64 DICOM as /bgfs/bchandrasekaran/krs228/data/SSP/data_bids/sub-SSP058/fmap/sub-SSP058_desc-fmap_echo-1_part-mag_gre_MPM_heudiconv409_e1 (64x64x64x1)
250114-18:34:30,670 nipype.interface INFO:
	 stdout 2025-01-14T18:34:30.670894:Conversion required 0.490371 seconds (0.120000 for core code).
INFO: stdout 2025-01-14T18:34:30.670894:Conversion required 0.490371 seconds (0.120000 for core code).
250114-18:34:30,715 nipype.workflow INFO:
	 [Node] Finished "convert".
INFO: [Node] Finished "convert".
WARNING: Failed to find task field in /bgfs/bchandrasekaran/krs228/data/SSP/data_bids/sub-SSP058/fmap/sub-SSP058_desc-fmap_echo-1_echo-1_part-mag_gre_MPM.json.
WARNING: Failed to find task field in /bgfs/bchandrasekaran/krs228/data/SSP/data_bids/sub-SSP058/fmap/sub-SSP058_desc-fmap_echo-1_echo-2_part-mag_gre_MPM.json.
WARNING: For now not embedding BIDS and info generated .nii.gz itself since sequence produced multiple files
INFO: Converting /bgfs/bchandrasekaran/krs228/data/SSP/data_bids/sub-SSP058/fmap/sub-SSP058_desc-fmap_echo-1_MPM (64 DICOMs) -> /bgfs/bchandrasekaran/krs228/data/SSP/data_bids/sub-SSP058/fmap . Converter: dcm2niix . Output types: ('nii.gz',)
250114-18:34:30,784 nipype.workflow INFO:
	 [Node] Setting-up "convert" in "/scratch/slurm-4829735/dcm2niixd9lg3ljl/convert".
INFO: [Node] Setting-up "convert" in "/scratch/slurm-4829735/dcm2niixd9lg3ljl/convert".
250114-18:34:30,802 nipype.workflow INFO:
	 [Node] Running "convert" ("nipype.interfaces.dcm2nii.Dcm2niix"), a CommandLine Interface with command:
dcm2niix -b y -z y -x n -t n -m n -f sub-SSP058_desc-fmap_echo-1_MPM_heudiconv623 -o /bgfs/bchandrasekaran/krs228/data/SSP/data_bids/sub-SSP058/fmap -s n -v n /scratch/slurm-4829735/dcm2niixd9lg3ljl/convert
INFO: [Node] Running "convert" ("nipype.interfaces.dcm2nii.Dcm2niix"), a CommandLine Interface with command:
dcm2niix -b y -z y -x n -t n -m n -f sub-SSP058_desc-fmap_echo-1_MPM_heudiconv623 -o /bgfs/bchandrasekaran/krs228/data/SSP/data_bids/sub-SSP058/fmap -s n -v n /scratch/slurm-4829735/dcm2niixd9lg3ljl/convert
250114-18:34:31,262 nipype.interface INFO:
	 stdout 2025-01-14T18:34:31.262087:Chris Rorden's dcm2niiX version v1.0.20240202  (JP2:OpenJPEG) (JP-LS:CharLS) GCC8.4.0 x86-64 (64-bit Linux)
INFO: stdout 2025-01-14T18:34:31.262087:Chris Rorden's dcm2niiX version v1.0.20240202  (JP2:OpenJPEG) (JP-LS:CharLS) GCC8.4.0 x86-64 (64-bit Linux)
250114-18:34:31,262 nipype.interface INFO:
	 stdout 2025-01-14T18:34:31.262087:Found 64 DICOM file(s)
INFO: stdout 2025-01-14T18:34:31.262087:Found 64 DICOM file(s)
250114-18:34:31,262 nipype.interface INFO:
	 stdout 2025-01-14T18:34:31.262087:Convert 64 DICOM as /bgfs/bchandrasekaran/krs228/data/SSP/data_bids/sub-SSP058/fmap/sub-SSP058_desc-fmap_echo-1_MPM_heudiconv623_e2_ph (64x64x64x1)
INFO: stdout 2025-01-14T18:34:31.262087:Convert 64 DICOM as /bgfs/bchandrasekaran/krs228/data/SSP/data_bids/sub-SSP058/fmap/sub-SSP058_desc-fmap_echo-1_MPM_heudiconv623_e2_ph (64x64x64x1)
250114-18:34:31,268 nipype.interface INFO:
	 stdout 2025-01-14T18:34:31.268405:Conversion required 0.257140 seconds (0.060000 for core code).
INFO: stdout 2025-01-14T18:34:31.268405:Conversion required 0.257140 seconds (0.060000 for core code).
250114-18:34:31,302 nipype.workflow INFO:
	 [Node] Finished "convert".
INFO: [Node] Finished "convert".
WARNING: Failed to find task field in /bgfs/bchandrasekaran/krs228/data/SSP/data_bids/sub-SSP058/fmap/sub-SSP058_desc-fmap_echo-1_MPM.json.
250114-18:34:31,336 nipype.workflow INFO:
	 [Node] Setting-up "embedder" in "/scratch/slurm-4829735/embedmeta0zgvo2x_/embedder".
INFO: [Node] Setting-up "embedder" in "/scratch/slurm-4829735/embedmeta0zgvo2x_/embedder".
250114-18:34:31,349 nipype.workflow INFO:
	 [Node] Running "embedder" ("nipype.interfaces.utility.wrappers.Function")
INFO: [Node] Running "embedder" ("nipype.interfaces.utility.wrappers.Function")
250114-18:34:32,735 nipype.workflow INFO:
	 [Node] Finished "embedder".
INFO: [Node] Finished "embedder".
INFO: Post-treating /bgfs/bchandrasekaran/krs228/data/SSP/data_bids/sub-SSP058/fmap/sub-SSP058_desc-fmap_echo-1_MPM.json file
INFO: Adding "IntendedFor" to the fieldmaps in /bgfs/bchandrasekaran/krs228/data/SSP/data_bids/sub-SSP058.
Traceback (most recent call last):
  File "/bgfs/bchandrasekaran/krs228/software/miniconda3/envs/py3/bin/heudiconv", line 8, in <module>
    sys.exit(main())
  File "/bgfs/bchandrasekaran/krs228/software/miniconda3/envs/py3/lib/python3.9/site-packages/heudiconv/cli/run.py", line 24, in main
    workflow(**kwargs)
  File "/bgfs/bchandrasekaran/krs228/software/miniconda3/envs/py3/lib/python3.9/site-packages/heudiconv/main.py", line 379, in workflow
    prep_conversion(sid,
  File "/bgfs/bchandrasekaran/krs228/software/miniconda3/envs/py3/lib/python3.9/site-packages/heudiconv/convert.py", line 207, in prep_conversion
    convert(cinfo,
  File "/bgfs/bchandrasekaran/krs228/software/miniconda3/envs/py3/lib/python3.9/site-packages/heudiconv/convert.py", line 602, in convert
    populate_intended_for(session_path, **populate_intended_for_opts)
  File "/bgfs/bchandrasekaran/krs228/software/miniconda3/envs/py3/lib/python3.9/site-packages/heudiconv/bids.py", line 904, in populate_intended_for
    compatible_fmaps = find_compatible_fmaps_for_session(
  File "/bgfs/bchandrasekaran/krs228/software/miniconda3/envs/py3/lib/python3.9/site-packages/heudiconv/bids.py", line 757, in find_compatible_fmaps_for_session
    compatible_fmaps = {
  File "/bgfs/bchandrasekaran/krs228/software/miniconda3/envs/py3/lib/python3.9/site-packages/heudiconv/bids.py", line 758, in <dictcomp>
    j: find_compatible_fmaps_for_run(j, fmap_groups, matching_parameters)
  File "/bgfs/bchandrasekaran/krs228/software/miniconda3/envs/py3/lib/python3.9/site-packages/heudiconv/bids.py", line 699, in find_compatible_fmaps_for_run
    fm_info = get_key_info_for_fmap_assignment(fm_group[0], param)
  File "/bgfs/bchandrasekaran/krs228/software/miniconda3/envs/py3/lib/python3.9/site-packages/heudiconv/bids.py", line 661, in get_key_info_for_fmap_assignment
    return key_info
UnboundLocalError: local variable 'key_info' referenced before assignment
