converting SSP054
INFO: Running heudiconv version 0.11.3 latest 1.3.2
INFO: Need to process 1 study sessions
INFO: PROCESSING STARTS: {'subject': 'SSP054', 'outdir': '/bgfs/bchandrasekaran/krs228/data/SSP/data_bids/', 'session': '1'}
INFO: Processing 12130 dicoms
INFO: Analyzing 12130 dicoms
INFO: Generated sequence info with 36 entries
INFO: Doing conversion using dcm2niix
INFO: Converting /bgfs/bchandrasekaran/krs228/data/SSP/data_bids/sub-SSP054/anat/sub-SSP054_T1w (176 DICOMs) -> /bgfs/bchandrasekaran/krs228/data/SSP/data_bids/sub-SSP054/anat . Converter: dcm2niix . Output types: ('nii.gz',)
250114-18:28:33,438 nipype.utils WARNING:
	 A newer version (1.8.4) of nipy/nipype is available. You are using 1.6.0
WARNING: A newer version (1.8.4) of nipy/nipype is available. You are using 1.6.0
250114-18:28:33,458 nipype.workflow INFO:
	 [Node] Setting-up "convert" in "/scratch/slurm-4829734/dcm2niix0t7_ac6w/convert".
INFO: [Node] Setting-up "convert" in "/scratch/slurm-4829734/dcm2niix0t7_ac6w/convert".
250114-18:28:33,506 nipype.workflow INFO:
	 [Node] Running "convert" ("nipype.interfaces.dcm2nii.Dcm2niix"), a CommandLine Interface with command:
dcm2niix -b y -z y -x n -t n -m n -f sub-SSP054_T1w_heudiconv435 -o /bgfs/bchandrasekaran/krs228/data/SSP/data_bids/sub-SSP054/anat -s n -v n /scratch/slurm-4829734/dcm2niix0t7_ac6w/convert
INFO: [Node] Running "convert" ("nipype.interfaces.dcm2nii.Dcm2niix"), a CommandLine Interface with command:
dcm2niix -b y -z y -x n -t n -m n -f sub-SSP054_T1w_heudiconv435 -o /bgfs/bchandrasekaran/krs228/data/SSP/data_bids/sub-SSP054/anat -s n -v n /scratch/slurm-4829734/dcm2niix0t7_ac6w/convert
250114-18:28:34,141 nipype.interface INFO:
	 stdout 2025-01-14T18:28:34.141086:Chris Rorden's dcm2niiX version v1.0.20240202  (JP2:OpenJPEG) (JP-LS:CharLS) GCC8.4.0 x86-64 (64-bit Linux)
INFO: stdout 2025-01-14T18:28:34.141086:Chris Rorden's dcm2niiX version v1.0.20240202  (JP2:OpenJPEG) (JP-LS:CharLS) GCC8.4.0 x86-64 (64-bit Linux)
250114-18:28:34,141 nipype.interface INFO:
	 stdout 2025-01-14T18:28:34.141086:Found 176 DICOM file(s)
INFO: stdout 2025-01-14T18:28:34.141086:Found 176 DICOM file(s)
250114-18:28:34,141 nipype.interface INFO:
	 stdout 2025-01-14T18:28:34.141086:Convert 176 DICOM as /bgfs/bchandrasekaran/krs228/data/SSP/data_bids/sub-SSP054/anat/sub-SSP054_T1w_heudiconv435 (256x256x176x1)
INFO: stdout 2025-01-14T18:28:34.141086:Convert 176 DICOM as /bgfs/bchandrasekaran/krs228/data/SSP/data_bids/sub-SSP054/anat/sub-SSP054_T1w_heudiconv435 (256x256x176x1)
250114-18:28:35,193 nipype.interface INFO:
	 stdout 2025-01-14T18:28:35.193220:Conversion required 1.472101 seconds (1.180000 for core code).
INFO: stdout 2025-01-14T18:28:35.193220:Conversion required 1.472101 seconds (1.180000 for core code).
250114-18:28:35,237 nipype.workflow INFO:
	 [Node] Finished "convert".
INFO: [Node] Finished "convert".
WARNING: Failed to find task field in /bgfs/bchandrasekaran/krs228/data/SSP/data_bids/sub-SSP054/anat/sub-SSP054_T1w.json.
250114-18:28:35,295 nipype.workflow INFO:
	 [Node] Setting-up "embedder" in "/scratch/slurm-4829734/embedmetapatrdgwk/embedder".
INFO: [Node] Setting-up "embedder" in "/scratch/slurm-4829734/embedmetapatrdgwk/embedder".
250114-18:28:35,315 nipype.workflow INFO:
	 [Node] Running "embedder" ("nipype.interfaces.utility.wrappers.Function")
INFO: [Node] Running "embedder" ("nipype.interfaces.utility.wrappers.Function")
250114-18:28:39,226 nipype.workflow INFO:
	 [Node] Finished "embedder".
INFO: [Node] Finished "embedder".
INFO: Post-treating /bgfs/bchandrasekaran/krs228/data/SSP/data_bids/sub-SSP054/anat/sub-SSP054_T1w.json file
INFO: Converting /bgfs/bchandrasekaran/krs228/data/SSP/data_bids/sub-SSP054/fmap/sub-SSP054_acq-func_dir-AP_run-01_epi (3 DICOMs) -> /bgfs/bchandrasekaran/krs228/data/SSP/data_bids/sub-SSP054/fmap . Converter: dcm2niix . Output types: ('nii.gz',)
250114-18:28:39,288 nipype.workflow INFO:
	 [Node] Setting-up "convert" in "/scratch/slurm-4829734/dcm2niixj12ot2se/convert".
INFO: [Node] Setting-up "convert" in "/scratch/slurm-4829734/dcm2niixj12ot2se/convert".
250114-18:28:39,294 nipype.workflow INFO:
	 [Node] Running "convert" ("nipype.interfaces.dcm2nii.Dcm2niix"), a CommandLine Interface with command:
dcm2niix -b y -z y -x n -t n -m n -f sub-SSP054_acq-func_dir-AP_run-01_epi_heudiconv185 -o /bgfs/bchandrasekaran/krs228/data/SSP/data_bids/sub-SSP054/fmap -s n -v n /scratch/slurm-4829734/dcm2niixj12ot2se/convert
INFO: [Node] Running "convert" ("nipype.interfaces.dcm2nii.Dcm2niix"), a CommandLine Interface with command:
dcm2niix -b y -z y -x n -t n -m n -f sub-SSP054_acq-func_dir-AP_run-01_epi_heudiconv185 -o /bgfs/bchandrasekaran/krs228/data/SSP/data_bids/sub-SSP054/fmap -s n -v n /scratch/slurm-4829734/dcm2niixj12ot2se/convert
250114-18:28:39,563 nipype.interface INFO:
	 stdout 2025-01-14T18:28:39.563086:Chris Rorden's dcm2niiX version v1.0.20240202  (JP2:OpenJPEG) (JP-LS:CharLS) GCC8.4.0 x86-64 (64-bit Linux)
INFO: stdout 2025-01-14T18:28:39.563086:Chris Rorden's dcm2niiX version v1.0.20240202  (JP2:OpenJPEG) (JP-LS:CharLS) GCC8.4.0 x86-64 (64-bit Linux)
250114-18:28:39,563 nipype.interface INFO:
	 stdout 2025-01-14T18:28:39.563086:Found 3 DICOM file(s)
INFO: stdout 2025-01-14T18:28:39.563086:Found 3 DICOM file(s)
250114-18:28:39,563 nipype.interface INFO:
	 stdout 2025-01-14T18:28:39.563086:Convert 3 DICOM as /bgfs/bchandrasekaran/krs228/data/SSP/data_bids/sub-SSP054/fmap/sub-SSP054_acq-func_dir-AP_run-01_epi_heudiconv185 (104x104x72x3)
INFO: stdout 2025-01-14T18:28:39.563086:Convert 3 DICOM as /bgfs/bchandrasekaran/krs228/data/SSP/data_bids/sub-SSP054/fmap/sub-SSP054_acq-func_dir-AP_run-01_epi_heudiconv185 (104x104x72x3)
250114-18:28:39,674 nipype.interface INFO:
	 stdout 2025-01-14T18:28:39.674479:Conversion required 0.282705 seconds (0.170000 for core code).
INFO: stdout 2025-01-14T18:28:39.674479:Conversion required 0.282705 seconds (0.170000 for core code).
250114-18:28:39,715 nipype.workflow INFO:
	 [Node] Finished "convert".
INFO: [Node] Finished "convert".
WARNING: Failed to find task field in /bgfs/bchandrasekaran/krs228/data/SSP/data_bids/sub-SSP054/fmap/sub-SSP054_acq-func_dir-AP_run-01_epi.json.
250114-18:28:39,761 nipype.workflow INFO:
	 [Node] Setting-up "embedder" in "/scratch/slurm-4829734/embedmetay620yh1u/embedder".
INFO: [Node] Setting-up "embedder" in "/scratch/slurm-4829734/embedmetay620yh1u/embedder".
250114-18:28:39,771 nipype.workflow INFO:
	 [Node] Running "embedder" ("nipype.interfaces.utility.wrappers.Function")
INFO: [Node] Running "embedder" ("nipype.interfaces.utility.wrappers.Function")
250114-18:28:39,928 nipype.workflow INFO:
	 [Node] Finished "embedder".
INFO: [Node] Finished "embedder".
INFO: Post-treating /bgfs/bchandrasekaran/krs228/data/SSP/data_bids/sub-SSP054/fmap/sub-SSP054_acq-func_dir-AP_run-01_epi.json file
INFO: Converting /bgfs/bchandrasekaran/krs228/data/SSP/data_bids/sub-SSP054/fmap/sub-SSP054_acq-func_dir-PA_run-01_epi (3 DICOMs) -> /bgfs/bchandrasekaran/krs228/data/SSP/data_bids/sub-SSP054/fmap . Converter: dcm2niix . Output types: ('nii.gz',)
250114-18:28:39,949 nipype.workflow INFO:
	 [Node] Setting-up "convert" in "/scratch/slurm-4829734/dcm2niix6rbwf4wn/convert".
INFO: [Node] Setting-up "convert" in "/scratch/slurm-4829734/dcm2niix6rbwf4wn/convert".
250114-18:28:39,953 nipype.workflow INFO:
	 [Node] Running "convert" ("nipype.interfaces.dcm2nii.Dcm2niix"), a CommandLine Interface with command:
dcm2niix -b y -z y -x n -t n -m n -f sub-SSP054_acq-func_dir-PA_run-01_epi_heudiconv829 -o /bgfs/bchandrasekaran/krs228/data/SSP/data_bids/sub-SSP054/fmap -s n -v n /scratch/slurm-4829734/dcm2niix6rbwf4wn/convert
INFO: [Node] Running "convert" ("nipype.interfaces.dcm2nii.Dcm2niix"), a CommandLine Interface with command:
dcm2niix -b y -z y -x n -t n -m n -f sub-SSP054_acq-func_dir-PA_run-01_epi_heudiconv829 -o /bgfs/bchandrasekaran/krs228/data/SSP/data_bids/sub-SSP054/fmap -s n -v n /scratch/slurm-4829734/dcm2niix6rbwf4wn/convert
250114-18:28:40,198 nipype.interface INFO:
	 stdout 2025-01-14T18:28:40.198080:Chris Rorden's dcm2niiX version v1.0.20240202  (JP2:OpenJPEG) (JP-LS:CharLS) GCC8.4.0 x86-64 (64-bit Linux)
INFO: stdout 2025-01-14T18:28:40.198080:Chris Rorden's dcm2niiX version v1.0.20240202  (JP2:OpenJPEG) (JP-LS:CharLS) GCC8.4.0 x86-64 (64-bit Linux)
250114-18:28:40,198 nipype.interface INFO:
	 stdout 2025-01-14T18:28:40.198080:Found 3 DICOM file(s)
INFO: stdout 2025-01-14T18:28:40.198080:Found 3 DICOM file(s)
250114-18:28:40,198 nipype.interface INFO:
	 stdout 2025-01-14T18:28:40.198080:Convert 3 DICOM as /bgfs/bchandrasekaran/krs228/data/SSP/data_bids/sub-SSP054/fmap/sub-SSP054_acq-func_dir-PA_run-01_epi_heudiconv829 (104x104x72x3)
INFO: stdout 2025-01-14T18:28:40.198080:Convert 3 DICOM as /bgfs/bchandrasekaran/krs228/data/SSP/data_bids/sub-SSP054/fmap/sub-SSP054_acq-func_dir-PA_run-01_epi_heudiconv829 (104x104x72x3)
250114-18:28:40,309 nipype.interface INFO:
	 stdout 2025-01-14T18:28:40.309810:Conversion required 0.281551 seconds (0.160000 for core code).
INFO: stdout 2025-01-14T18:28:40.309810:Conversion required 0.281551 seconds (0.160000 for core code).
250114-18:28:40,342 nipype.workflow INFO:
	 [Node] Finished "convert".
INFO: [Node] Finished "convert".
WARNING: Failed to find task field in /bgfs/bchandrasekaran/krs228/data/SSP/data_bids/sub-SSP054/fmap/sub-SSP054_acq-func_dir-PA_run-01_epi.json.
250114-18:28:40,387 nipype.workflow INFO:
	 [Node] Setting-up "embedder" in "/scratch/slurm-4829734/embedmetaldfcrbem/embedder".
INFO: [Node] Setting-up "embedder" in "/scratch/slurm-4829734/embedmetaldfcrbem/embedder".
250114-18:28:40,398 nipype.workflow INFO:
	 [Node] Running "embedder" ("nipype.interfaces.utility.wrappers.Function")
INFO: [Node] Running "embedder" ("nipype.interfaces.utility.wrappers.Function")
250114-18:28:40,555 nipype.workflow INFO:
	 [Node] Finished "embedder".
INFO: [Node] Finished "embedder".
INFO: Post-treating /bgfs/bchandrasekaran/krs228/data/SSP/data_bids/sub-SSP054/fmap/sub-SSP054_acq-func_dir-PA_run-01_epi.json file
INFO: Converting /bgfs/bchandrasekaran/krs228/data/SSP/data_bids/sub-SSP054/func/sub-SSP054_task-rest_run-01_bold (420 DICOMs) -> /bgfs/bchandrasekaran/krs228/data/SSP/data_bids/sub-SSP054/func . Converter: dcm2niix . Output types: ('nii.gz',)
250114-18:28:40,651 nipype.workflow INFO:
	 [Node] Setting-up "convert" in "/scratch/slurm-4829734/dcm2niixhyhzl6zn/convert".
INFO: [Node] Setting-up "convert" in "/scratch/slurm-4829734/dcm2niixhyhzl6zn/convert".
250114-18:28:40,752 nipype.workflow INFO:
	 [Node] Running "convert" ("nipype.interfaces.dcm2nii.Dcm2niix"), a CommandLine Interface with command:
dcm2niix -b y -z y -x n -t n -m n -f sub-SSP054_task-rest_run-01_bold_heudiconv756 -o /bgfs/bchandrasekaran/krs228/data/SSP/data_bids/sub-SSP054/func -s n -v n /scratch/slurm-4829734/dcm2niixhyhzl6zn/convert
INFO: [Node] Running "convert" ("nipype.interfaces.dcm2nii.Dcm2niix"), a CommandLine Interface with command:
dcm2niix -b y -z y -x n -t n -m n -f sub-SSP054_task-rest_run-01_bold_heudiconv756 -o /bgfs/bchandrasekaran/krs228/data/SSP/data_bids/sub-SSP054/func -s n -v n /scratch/slurm-4829734/dcm2niixhyhzl6zn/convert
250114-18:28:50,23 nipype.interface INFO:
	 stdout 2025-01-14T18:28:50.023083:Chris Rorden's dcm2niiX version v1.0.20240202  (JP2:OpenJPEG) (JP-LS:CharLS) GCC8.4.0 x86-64 (64-bit Linux)
INFO: stdout 2025-01-14T18:28:50.023083:Chris Rorden's dcm2niiX version v1.0.20240202  (JP2:OpenJPEG) (JP-LS:CharLS) GCC8.4.0 x86-64 (64-bit Linux)
250114-18:28:50,34 nipype.interface INFO:
	 stdout 2025-01-14T18:28:50.023083:Found 420 DICOM file(s)
INFO: stdout 2025-01-14T18:28:50.023083:Found 420 DICOM file(s)
250114-18:28:50,34 nipype.interface INFO:
	 stdout 2025-01-14T18:28:50.023083:Convert 420 DICOM as /bgfs/bchandrasekaran/krs228/data/SSP/data_bids/sub-SSP054/func/sub-SSP054_task-rest_run-01_bold_heudiconv756 (104x104x72x420)
INFO: stdout 2025-01-14T18:28:50.023083:Convert 420 DICOM as /bgfs/bchandrasekaran/krs228/data/SSP/data_bids/sub-SSP054/func/sub-SSP054_task-rest_run-01_bold_heudiconv756 (104x104x72x420)
250114-18:29:07,357 nipype.interface INFO:
	 stdout 2025-01-14T18:29:07.357338:Conversion required 26.523714 seconds (17.940001 for core code).
INFO: stdout 2025-01-14T18:29:07.357338:Conversion required 26.523714 seconds (17.940001 for core code).
250114-18:29:07,404 nipype.workflow INFO:
	 [Node] Finished "convert".
INFO: [Node] Finished "convert".
250114-18:29:07,471 nipype.workflow INFO:
	 [Node] Setting-up "embedder" in "/scratch/slurm-4829734/embedmeta6cxs3jy6/embedder".
INFO: [Node] Setting-up "embedder" in "/scratch/slurm-4829734/embedmeta6cxs3jy6/embedder".
250114-18:29:07,503 nipype.workflow INFO:
	 [Node] Running "embedder" ("nipype.interfaces.utility.wrappers.Function")
INFO: [Node] Running "embedder" ("nipype.interfaces.utility.wrappers.Function")
250114-18:29:29,892 nipype.workflow INFO:
	 [Node] Finished "embedder".
INFO: [Node] Finished "embedder".
INFO: Post-treating /bgfs/bchandrasekaran/krs228/data/SSP/data_bids/sub-SSP054/func/sub-SSP054_task-rest_run-01_bold.json file
INFO: Converting /bgfs/bchandrasekaran/krs228/data/SSP/data_bids/sub-SSP054/func/sub-SSP054_task-rest_run-01_sbref (1 DICOMs) -> /bgfs/bchandrasekaran/krs228/data/SSP/data_bids/sub-SSP054/func . Converter: dcm2niix . Output types: ('nii.gz',)
250114-18:29:30,46 nipype.workflow INFO:
	 [Node] Setting-up "convert" in "/scratch/slurm-4829734/dcm2niixamrt9ay5/convert".
INFO: [Node] Setting-up "convert" in "/scratch/slurm-4829734/dcm2niixamrt9ay5/convert".
250114-18:29:30,50 nipype.workflow INFO:
	 [Node] Running "convert" ("nipype.interfaces.dcm2nii.Dcm2niix"), a CommandLine Interface with command:
dcm2niix -b y -z y -x n -t n -m n -f sub-SSP054_task-rest_run-01_sbref_heudiconv709 -o /bgfs/bchandrasekaran/krs228/data/SSP/data_bids/sub-SSP054/func -s n -v n /scratch/slurm-4829734/dcm2niixamrt9ay5/convert
INFO: [Node] Running "convert" ("nipype.interfaces.dcm2nii.Dcm2niix"), a CommandLine Interface with command:
dcm2niix -b y -z y -x n -t n -m n -f sub-SSP054_task-rest_run-01_sbref_heudiconv709 -o /bgfs/bchandrasekaran/krs228/data/SSP/data_bids/sub-SSP054/func -s n -v n /scratch/slurm-4829734/dcm2niixamrt9ay5/convert
250114-18:29:30,372 nipype.interface INFO:
	 stdout 2025-01-14T18:29:30.372098:Chris Rorden's dcm2niiX version v1.0.20240202  (JP2:OpenJPEG) (JP-LS:CharLS) GCC8.4.0 x86-64 (64-bit Linux)
INFO: stdout 2025-01-14T18:29:30.372098:Chris Rorden's dcm2niiX version v1.0.20240202  (JP2:OpenJPEG) (JP-LS:CharLS) GCC8.4.0 x86-64 (64-bit Linux)
250114-18:29:30,372 nipype.interface INFO:
	 stdout 2025-01-14T18:29:30.372098:Found 1 DICOM file(s)
INFO: stdout 2025-01-14T18:29:30.372098:Found 1 DICOM file(s)
250114-18:29:30,372 nipype.interface INFO:
	 stdout 2025-01-14T18:29:30.372098:Convert 1 DICOM as /bgfs/bchandrasekaran/krs228/data/SSP/data_bids/sub-SSP054/func/sub-SSP054_task-rest_run-01_sbref_heudiconv709 (104x104x72x1)
INFO: stdout 2025-01-14T18:29:30.372098:Convert 1 DICOM as /bgfs/bchandrasekaran/krs228/data/SSP/data_bids/sub-SSP054/func/sub-SSP054_task-rest_run-01_sbref_heudiconv709 (104x104x72x1)
250114-18:29:30,417 nipype.interface INFO:
	 stdout 2025-01-14T18:29:30.417086:Conversion required 0.149723 seconds (0.070000 for core code).
INFO: stdout 2025-01-14T18:29:30.417086:Conversion required 0.149723 seconds (0.070000 for core code).
250114-18:29:30,468 nipype.workflow INFO:
	 [Node] Finished "convert".
INFO: [Node] Finished "convert".
250114-18:29:30,520 nipype.workflow INFO:
	 [Node] Setting-up "embedder" in "/scratch/slurm-4829734/embedmeta0lskkxej/embedder".
INFO: [Node] Setting-up "embedder" in "/scratch/slurm-4829734/embedmeta0lskkxej/embedder".
250114-18:29:30,530 nipype.workflow INFO:
	 [Node] Running "embedder" ("nipype.interfaces.utility.wrappers.Function")
INFO: [Node] Running "embedder" ("nipype.interfaces.utility.wrappers.Function")
250114-18:29:30,609 nipype.workflow INFO:
	 [Node] Finished "embedder".
INFO: [Node] Finished "embedder".
INFO: Post-treating /bgfs/bchandrasekaran/krs228/data/SSP/data_bids/sub-SSP054/func/sub-SSP054_task-rest_run-01_sbref.json file
INFO: Converting /bgfs/bchandrasekaran/krs228/data/SSP/data_bids/sub-SSP054/func/sub-SSP054_task-badaga_run-01_bold (184 DICOMs) -> /bgfs/bchandrasekaran/krs228/data/SSP/data_bids/sub-SSP054/func . Converter: dcm2niix . Output types: ('nii.gz',)
250114-18:29:30,654 nipype.workflow INFO:
	 [Node] Setting-up "convert" in "/scratch/slurm-4829734/dcm2niixg584elsk/convert".
INFO: [Node] Setting-up "convert" in "/scratch/slurm-4829734/dcm2niixg584elsk/convert".
250114-18:29:30,700 nipype.workflow INFO:
	 [Node] Running "convert" ("nipype.interfaces.dcm2nii.Dcm2niix"), a CommandLine Interface with command:
dcm2niix -b y -z y -x n -t n -m n -f sub-SSP054_task-badaga_run-01_bold_heudiconv540 -o /bgfs/bchandrasekaran/krs228/data/SSP/data_bids/sub-SSP054/func -s n -v n /scratch/slurm-4829734/dcm2niixg584elsk/convert
INFO: [Node] Running "convert" ("nipype.interfaces.dcm2nii.Dcm2niix"), a CommandLine Interface with command:
dcm2niix -b y -z y -x n -t n -m n -f sub-SSP054_task-badaga_run-01_bold_heudiconv540 -o /bgfs/bchandrasekaran/krs228/data/SSP/data_bids/sub-SSP054/func -s n -v n /scratch/slurm-4829734/dcm2niixg584elsk/convert
250114-18:29:34,125 nipype.interface INFO:
	 stdout 2025-01-14T18:29:34.125079:Chris Rorden's dcm2niiX version v1.0.20240202  (JP2:OpenJPEG) (JP-LS:CharLS) GCC8.4.0 x86-64 (64-bit Linux)
INFO: stdout 2025-01-14T18:29:34.125079:Chris Rorden's dcm2niiX version v1.0.20240202  (JP2:OpenJPEG) (JP-LS:CharLS) GCC8.4.0 x86-64 (64-bit Linux)
250114-18:29:34,136 nipype.interface INFO:
	 stdout 2025-01-14T18:29:34.125079:Found 184 DICOM file(s)
INFO: stdout 2025-01-14T18:29:34.125079:Found 184 DICOM file(s)
250114-18:29:34,136 nipype.interface INFO:
	 stdout 2025-01-14T18:29:34.125079:Convert 184 DICOM as /bgfs/bchandrasekaran/krs228/data/SSP/data_bids/sub-SSP054/func/sub-SSP054_task-badaga_run-01_bold_heudiconv540 (104x104x72x184)
INFO: stdout 2025-01-14T18:29:34.125079:Convert 184 DICOM as /bgfs/bchandrasekaran/krs228/data/SSP/data_bids/sub-SSP054/func/sub-SSP054_task-badaga_run-01_bold_heudiconv540 (104x104x72x184)
250114-18:29:41,667 nipype.interface INFO:
	 stdout 2025-01-14T18:29:41.667054:Conversion required 10.771740 seconds (7.790000 for core code).
INFO: stdout 2025-01-14T18:29:41.667054:Conversion required 10.771740 seconds (7.790000 for core code).
250114-18:29:41,706 nipype.workflow INFO:
	 [Node] Finished "convert".
INFO: [Node] Finished "convert".
250114-18:29:41,755 nipype.workflow INFO:
	 [Node] Setting-up "embedder" in "/scratch/slurm-4829734/embedmetafvj05070/embedder".
INFO: [Node] Setting-up "embedder" in "/scratch/slurm-4829734/embedmetafvj05070/embedder".
250114-18:29:41,774 nipype.workflow INFO:
	 [Node] Running "embedder" ("nipype.interfaces.utility.wrappers.Function")
INFO: [Node] Running "embedder" ("nipype.interfaces.utility.wrappers.Function")
250114-18:29:51,500 nipype.workflow INFO:
	 [Node] Finished "embedder".
INFO: [Node] Finished "embedder".
INFO: Post-treating /bgfs/bchandrasekaran/krs228/data/SSP/data_bids/sub-SSP054/func/sub-SSP054_task-badaga_run-01_bold.json file
INFO: Converting /bgfs/bchandrasekaran/krs228/data/SSP/data_bids/sub-SSP054/func/sub-SSP054_task-badaga_run-02_bold (184 DICOMs) -> /bgfs/bchandrasekaran/krs228/data/SSP/data_bids/sub-SSP054/func . Converter: dcm2niix . Output types: ('nii.gz',)
250114-18:29:51,613 nipype.workflow INFO:
	 [Node] Setting-up "convert" in "/scratch/slurm-4829734/dcm2niixkjs45oqp/convert".
INFO: [Node] Setting-up "convert" in "/scratch/slurm-4829734/dcm2niixkjs45oqp/convert".
250114-18:29:51,659 nipype.workflow INFO:
	 [Node] Running "convert" ("nipype.interfaces.dcm2nii.Dcm2niix"), a CommandLine Interface with command:
dcm2niix -b y -z y -x n -t n -m n -f sub-SSP054_task-badaga_run-02_bold_heudiconv989 -o /bgfs/bchandrasekaran/krs228/data/SSP/data_bids/sub-SSP054/func -s n -v n /scratch/slurm-4829734/dcm2niixkjs45oqp/convert
INFO: [Node] Running "convert" ("nipype.interfaces.dcm2nii.Dcm2niix"), a CommandLine Interface with command:
dcm2niix -b y -z y -x n -t n -m n -f sub-SSP054_task-badaga_run-02_bold_heudiconv989 -o /bgfs/bchandrasekaran/krs228/data/SSP/data_bids/sub-SSP054/func -s n -v n /scratch/slurm-4829734/dcm2niixkjs45oqp/convert
250114-18:29:55,983 nipype.interface INFO:
	 stdout 2025-01-14T18:29:55.983086:Chris Rorden's dcm2niiX version v1.0.20240202  (JP2:OpenJPEG) (JP-LS:CharLS) GCC8.4.0 x86-64 (64-bit Linux)
INFO: stdout 2025-01-14T18:29:55.983086:Chris Rorden's dcm2niiX version v1.0.20240202  (JP2:OpenJPEG) (JP-LS:CharLS) GCC8.4.0 x86-64 (64-bit Linux)
250114-18:29:55,994 nipype.interface INFO:
	 stdout 2025-01-14T18:29:55.983086:Found 184 DICOM file(s)
INFO: stdout 2025-01-14T18:29:55.983086:Found 184 DICOM file(s)
250114-18:29:55,994 nipype.interface INFO:
	 stdout 2025-01-14T18:29:55.983086:Convert 184 DICOM as /bgfs/bchandrasekaran/krs228/data/SSP/data_bids/sub-SSP054/func/sub-SSP054_task-badaga_run-02_bold_heudiconv989 (104x104x72x184)
INFO: stdout 2025-01-14T18:29:55.983086:Convert 184 DICOM as /bgfs/bchandrasekaran/krs228/data/SSP/data_bids/sub-SSP054/func/sub-SSP054_task-badaga_run-02_bold_heudiconv989 (104x104x72x184)
250114-18:30:03,871 nipype.interface INFO:
	 stdout 2025-01-14T18:30:03.871894:Conversion required 12.032099 seconds (8.030000 for core code).
INFO: stdout 2025-01-14T18:30:03.871894:Conversion required 12.032099 seconds (8.030000 for core code).
250114-18:30:03,915 nipype.workflow INFO:
	 [Node] Finished "convert".
INFO: [Node] Finished "convert".
250114-18:30:03,962 nipype.workflow INFO:
	 [Node] Setting-up "embedder" in "/scratch/slurm-4829734/embedmetadurrqfgk/embedder".
INFO: [Node] Setting-up "embedder" in "/scratch/slurm-4829734/embedmetadurrqfgk/embedder".
250114-18:30:03,982 nipype.workflow INFO:
	 [Node] Running "embedder" ("nipype.interfaces.utility.wrappers.Function")
INFO: [Node] Running "embedder" ("nipype.interfaces.utility.wrappers.Function")
250114-18:30:13,554 nipype.workflow INFO:
	 [Node] Finished "embedder".
INFO: [Node] Finished "embedder".
INFO: Post-treating /bgfs/bchandrasekaran/krs228/data/SSP/data_bids/sub-SSP054/func/sub-SSP054_task-badaga_run-02_bold.json file
INFO: Converting /bgfs/bchandrasekaran/krs228/data/SSP/data_bids/sub-SSP054/func/sub-SSP054_task-badaga_run-03_bold (184 DICOMs) -> /bgfs/bchandrasekaran/krs228/data/SSP/data_bids/sub-SSP054/func . Converter: dcm2niix . Output types: ('nii.gz',)
250114-18:30:13,649 nipype.workflow INFO:
	 [Node] Setting-up "convert" in "/scratch/slurm-4829734/dcm2niixja4qx8by/convert".
INFO: [Node] Setting-up "convert" in "/scratch/slurm-4829734/dcm2niixja4qx8by/convert".
250114-18:30:13,696 nipype.workflow INFO:
	 [Node] Running "convert" ("nipype.interfaces.dcm2nii.Dcm2niix"), a CommandLine Interface with command:
dcm2niix -b y -z y -x n -t n -m n -f sub-SSP054_task-badaga_run-03_bold_heudiconv154 -o /bgfs/bchandrasekaran/krs228/data/SSP/data_bids/sub-SSP054/func -s n -v n /scratch/slurm-4829734/dcm2niixja4qx8by/convert
INFO: [Node] Running "convert" ("nipype.interfaces.dcm2nii.Dcm2niix"), a CommandLine Interface with command:
dcm2niix -b y -z y -x n -t n -m n -f sub-SSP054_task-badaga_run-03_bold_heudiconv154 -o /bgfs/bchandrasekaran/krs228/data/SSP/data_bids/sub-SSP054/func -s n -v n /scratch/slurm-4829734/dcm2niixja4qx8by/convert
250114-18:30:17,407 nipype.interface INFO:
	 stdout 2025-01-14T18:30:17.407082:Chris Rorden's dcm2niiX version v1.0.20240202  (JP2:OpenJPEG) (JP-LS:CharLS) GCC8.4.0 x86-64 (64-bit Linux)
INFO: stdout 2025-01-14T18:30:17.407082:Chris Rorden's dcm2niiX version v1.0.20240202  (JP2:OpenJPEG) (JP-LS:CharLS) GCC8.4.0 x86-64 (64-bit Linux)
250114-18:30:17,418 nipype.interface INFO:
	 stdout 2025-01-14T18:30:17.407082:Found 184 DICOM file(s)
INFO: stdout 2025-01-14T18:30:17.407082:Found 184 DICOM file(s)
250114-18:30:17,418 nipype.interface INFO:
	 stdout 2025-01-14T18:30:17.407082:Convert 184 DICOM as /bgfs/bchandrasekaran/krs228/data/SSP/data_bids/sub-SSP054/func/sub-SSP054_task-badaga_run-03_bold_heudiconv154 (104x104x72x184)
INFO: stdout 2025-01-14T18:30:17.407082:Convert 184 DICOM as /bgfs/bchandrasekaran/krs228/data/SSP/data_bids/sub-SSP054/func/sub-SSP054_task-badaga_run-03_bold_heudiconv154 (104x104x72x184)
250114-18:30:25,74 nipype.interface INFO:
	 stdout 2025-01-14T18:30:25.074418:Conversion required 11.183986 seconds (7.840000 for core code).
INFO: stdout 2025-01-14T18:30:25.074418:Conversion required 11.183986 seconds (7.840000 for core code).
250114-18:30:25,122 nipype.workflow INFO:
	 [Node] Finished "convert".
INFO: [Node] Finished "convert".
250114-18:30:25,171 nipype.workflow INFO:
	 [Node] Setting-up "embedder" in "/scratch/slurm-4829734/embedmetalwb_k187/embedder".
INFO: [Node] Setting-up "embedder" in "/scratch/slurm-4829734/embedmetalwb_k187/embedder".
250114-18:30:25,190 nipype.workflow INFO:
	 [Node] Running "embedder" ("nipype.interfaces.utility.wrappers.Function")
INFO: [Node] Running "embedder" ("nipype.interfaces.utility.wrappers.Function")
250114-18:30:34,793 nipype.workflow INFO:
	 [Node] Finished "embedder".
INFO: [Node] Finished "embedder".
INFO: Post-treating /bgfs/bchandrasekaran/krs228/data/SSP/data_bids/sub-SSP054/func/sub-SSP054_task-badaga_run-03_bold.json file
INFO: Converting /bgfs/bchandrasekaran/krs228/data/SSP/data_bids/sub-SSP054/func/sub-SSP054_task-badaga_run-01_sbref (1 DICOMs) -> /bgfs/bchandrasekaran/krs228/data/SSP/data_bids/sub-SSP054/func . Converter: dcm2niix . Output types: ('nii.gz',)
250114-18:30:34,865 nipype.workflow INFO:
	 [Node] Setting-up "convert" in "/scratch/slurm-4829734/dcm2niixo7vtfqve/convert".
INFO: [Node] Setting-up "convert" in "/scratch/slurm-4829734/dcm2niixo7vtfqve/convert".
250114-18:30:34,868 nipype.workflow INFO:
	 [Node] Running "convert" ("nipype.interfaces.dcm2nii.Dcm2niix"), a CommandLine Interface with command:
dcm2niix -b y -z y -x n -t n -m n -f sub-SSP054_task-badaga_run-01_sbref_heudiconv179 -o /bgfs/bchandrasekaran/krs228/data/SSP/data_bids/sub-SSP054/func -s n -v n /scratch/slurm-4829734/dcm2niixo7vtfqve/convert
INFO: [Node] Running "convert" ("nipype.interfaces.dcm2nii.Dcm2niix"), a CommandLine Interface with command:
dcm2niix -b y -z y -x n -t n -m n -f sub-SSP054_task-badaga_run-01_sbref_heudiconv179 -o /bgfs/bchandrasekaran/krs228/data/SSP/data_bids/sub-SSP054/func -s n -v n /scratch/slurm-4829734/dcm2niixo7vtfqve/convert
250114-18:30:35,153 nipype.interface INFO:
	 stdout 2025-01-14T18:30:35.153085:Chris Rorden's dcm2niiX version v1.0.20240202  (JP2:OpenJPEG) (JP-LS:CharLS) GCC8.4.0 x86-64 (64-bit Linux)
INFO: stdout 2025-01-14T18:30:35.153085:Chris Rorden's dcm2niiX version v1.0.20240202  (JP2:OpenJPEG) (JP-LS:CharLS) GCC8.4.0 x86-64 (64-bit Linux)
250114-18:30:35,153 nipype.interface INFO:
	 stdout 2025-01-14T18:30:35.153085:Found 1 DICOM file(s)
INFO: stdout 2025-01-14T18:30:35.153085:Found 1 DICOM file(s)
250114-18:30:35,153 nipype.interface INFO:
	 stdout 2025-01-14T18:30:35.153085:Convert 1 DICOM as /bgfs/bchandrasekaran/krs228/data/SSP/data_bids/sub-SSP054/func/sub-SSP054_task-badaga_run-01_sbref_heudiconv179 (104x104x72x1)
INFO: stdout 2025-01-14T18:30:35.153085:Convert 1 DICOM as /bgfs/bchandrasekaran/krs228/data/SSP/data_bids/sub-SSP054/func/sub-SSP054_task-badaga_run-01_sbref_heudiconv179 (104x104x72x1)
250114-18:30:35,187 nipype.interface INFO:
	 stdout 2025-01-14T18:30:35.187704:Conversion required 0.125850 seconds (0.080000 for core code).
INFO: stdout 2025-01-14T18:30:35.187704:Conversion required 0.125850 seconds (0.080000 for core code).
250114-18:30:35,229 nipype.workflow INFO:
	 [Node] Finished "convert".
INFO: [Node] Finished "convert".
250114-18:30:35,279 nipype.workflow INFO:
	 [Node] Setting-up "embedder" in "/scratch/slurm-4829734/embedmetaudv7_tdf/embedder".
INFO: [Node] Setting-up "embedder" in "/scratch/slurm-4829734/embedmetaudv7_tdf/embedder".
250114-18:30:35,290 nipype.workflow INFO:
	 [Node] Running "embedder" ("nipype.interfaces.utility.wrappers.Function")
INFO: [Node] Running "embedder" ("nipype.interfaces.utility.wrappers.Function")
250114-18:30:35,370 nipype.workflow INFO:
	 [Node] Finished "embedder".
INFO: [Node] Finished "embedder".
INFO: Post-treating /bgfs/bchandrasekaran/krs228/data/SSP/data_bids/sub-SSP054/func/sub-SSP054_task-badaga_run-01_sbref.json file
INFO: Converting /bgfs/bchandrasekaran/krs228/data/SSP/data_bids/sub-SSP054/func/sub-SSP054_task-badaga_run-02_sbref (1 DICOMs) -> /bgfs/bchandrasekaran/krs228/data/SSP/data_bids/sub-SSP054/func . Converter: dcm2niix . Output types: ('nii.gz',)
250114-18:30:35,392 nipype.workflow INFO:
	 [Node] Setting-up "convert" in "/scratch/slurm-4829734/dcm2niix3bah6rb6/convert".
INFO: [Node] Setting-up "convert" in "/scratch/slurm-4829734/dcm2niix3bah6rb6/convert".
250114-18:30:35,396 nipype.workflow INFO:
	 [Node] Running "convert" ("nipype.interfaces.dcm2nii.Dcm2niix"), a CommandLine Interface with command:
dcm2niix -b y -z y -x n -t n -m n -f sub-SSP054_task-badaga_run-02_sbref_heudiconv651 -o /bgfs/bchandrasekaran/krs228/data/SSP/data_bids/sub-SSP054/func -s n -v n /scratch/slurm-4829734/dcm2niix3bah6rb6/convert
INFO: [Node] Running "convert" ("nipype.interfaces.dcm2nii.Dcm2niix"), a CommandLine Interface with command:
dcm2niix -b y -z y -x n -t n -m n -f sub-SSP054_task-badaga_run-02_sbref_heudiconv651 -o /bgfs/bchandrasekaran/krs228/data/SSP/data_bids/sub-SSP054/func -s n -v n /scratch/slurm-4829734/dcm2niix3bah6rb6/convert
250114-18:30:35,682 nipype.interface INFO:
	 stdout 2025-01-14T18:30:35.682086:Chris Rorden's dcm2niiX version v1.0.20240202  (JP2:OpenJPEG) (JP-LS:CharLS) GCC8.4.0 x86-64 (64-bit Linux)
INFO: stdout 2025-01-14T18:30:35.682086:Chris Rorden's dcm2niiX version v1.0.20240202  (JP2:OpenJPEG) (JP-LS:CharLS) GCC8.4.0 x86-64 (64-bit Linux)
250114-18:30:35,682 nipype.interface INFO:
	 stdout 2025-01-14T18:30:35.682086:Found 1 DICOM file(s)
INFO: stdout 2025-01-14T18:30:35.682086:Found 1 DICOM file(s)
250114-18:30:35,682 nipype.interface INFO:
	 stdout 2025-01-14T18:30:35.682086:Convert 1 DICOM as /bgfs/bchandrasekaran/krs228/data/SSP/data_bids/sub-SSP054/func/sub-SSP054_task-badaga_run-02_sbref_heudiconv651 (104x104x72x1)
INFO: stdout 2025-01-14T18:30:35.682086:Convert 1 DICOM as /bgfs/bchandrasekaran/krs228/data/SSP/data_bids/sub-SSP054/func/sub-SSP054_task-badaga_run-02_sbref_heudiconv651 (104x104x72x1)
250114-18:30:35,715 nipype.interface INFO:
	 stdout 2025-01-14T18:30:35.715842:Conversion required 0.118067 seconds (0.080000 for core code).
INFO: stdout 2025-01-14T18:30:35.715842:Conversion required 0.118067 seconds (0.080000 for core code).
250114-18:30:35,753 nipype.workflow INFO:
	 [Node] Finished "convert".
INFO: [Node] Finished "convert".
250114-18:30:35,805 nipype.workflow INFO:
	 [Node] Setting-up "embedder" in "/scratch/slurm-4829734/embedmetay8iunw5c/embedder".
INFO: [Node] Setting-up "embedder" in "/scratch/slurm-4829734/embedmetay8iunw5c/embedder".
250114-18:30:35,816 nipype.workflow INFO:
	 [Node] Running "embedder" ("nipype.interfaces.utility.wrappers.Function")
INFO: [Node] Running "embedder" ("nipype.interfaces.utility.wrappers.Function")
250114-18:30:35,894 nipype.workflow INFO:
	 [Node] Finished "embedder".
INFO: [Node] Finished "embedder".
INFO: Post-treating /bgfs/bchandrasekaran/krs228/data/SSP/data_bids/sub-SSP054/func/sub-SSP054_task-badaga_run-02_sbref.json file
INFO: Converting /bgfs/bchandrasekaran/krs228/data/SSP/data_bids/sub-SSP054/func/sub-SSP054_task-badaga_run-03_sbref (1 DICOMs) -> /bgfs/bchandrasekaran/krs228/data/SSP/data_bids/sub-SSP054/func . Converter: dcm2niix . Output types: ('nii.gz',)
250114-18:30:35,916 nipype.workflow INFO:
	 [Node] Setting-up "convert" in "/scratch/slurm-4829734/dcm2niixn27moy85/convert".
INFO: [Node] Setting-up "convert" in "/scratch/slurm-4829734/dcm2niixn27moy85/convert".
250114-18:30:35,920 nipype.workflow INFO:
	 [Node] Running "convert" ("nipype.interfaces.dcm2nii.Dcm2niix"), a CommandLine Interface with command:
dcm2niix -b y -z y -x n -t n -m n -f sub-SSP054_task-badaga_run-03_sbref_heudiconv499 -o /bgfs/bchandrasekaran/krs228/data/SSP/data_bids/sub-SSP054/func -s n -v n /scratch/slurm-4829734/dcm2niixn27moy85/convert
INFO: [Node] Running "convert" ("nipype.interfaces.dcm2nii.Dcm2niix"), a CommandLine Interface with command:
dcm2niix -b y -z y -x n -t n -m n -f sub-SSP054_task-badaga_run-03_sbref_heudiconv499 -o /bgfs/bchandrasekaran/krs228/data/SSP/data_bids/sub-SSP054/func -s n -v n /scratch/slurm-4829734/dcm2niixn27moy85/convert
250114-18:30:36,225 nipype.interface INFO:
	 stdout 2025-01-14T18:30:36.225085:Chris Rorden's dcm2niiX version v1.0.20240202  (JP2:OpenJPEG) (JP-LS:CharLS) GCC8.4.0 x86-64 (64-bit Linux)
INFO: stdout 2025-01-14T18:30:36.225085:Chris Rorden's dcm2niiX version v1.0.20240202  (JP2:OpenJPEG) (JP-LS:CharLS) GCC8.4.0 x86-64 (64-bit Linux)
250114-18:30:36,225 nipype.interface INFO:
	 stdout 2025-01-14T18:30:36.225085:Found 1 DICOM file(s)
INFO: stdout 2025-01-14T18:30:36.225085:Found 1 DICOM file(s)
250114-18:30:36,225 nipype.interface INFO:
	 stdout 2025-01-14T18:30:36.225085:Convert 1 DICOM as /bgfs/bchandrasekaran/krs228/data/SSP/data_bids/sub-SSP054/func/sub-SSP054_task-badaga_run-03_sbref_heudiconv499 (104x104x72x1)
INFO: stdout 2025-01-14T18:30:36.225085:Convert 1 DICOM as /bgfs/bchandrasekaran/krs228/data/SSP/data_bids/sub-SSP054/func/sub-SSP054_task-badaga_run-03_sbref_heudiconv499 (104x104x72x1)
250114-18:30:36,259 nipype.interface INFO:
	 stdout 2025-01-14T18:30:36.259791:Conversion required 0.138089 seconds (0.080000 for core code).
INFO: stdout 2025-01-14T18:30:36.259791:Conversion required 0.138089 seconds (0.080000 for core code).
250114-18:30:36,302 nipype.workflow INFO:
	 [Node] Finished "convert".
INFO: [Node] Finished "convert".
250114-18:30:36,389 nipype.workflow INFO:
	 [Node] Setting-up "embedder" in "/scratch/slurm-4829734/embedmetatpt39taj/embedder".
INFO: [Node] Setting-up "embedder" in "/scratch/slurm-4829734/embedmetatpt39taj/embedder".
250114-18:30:36,403 nipype.workflow INFO:
	 [Node] Running "embedder" ("nipype.interfaces.utility.wrappers.Function")
INFO: [Node] Running "embedder" ("nipype.interfaces.utility.wrappers.Function")
250114-18:30:36,482 nipype.workflow INFO:
	 [Node] Finished "embedder".
INFO: [Node] Finished "embedder".
INFO: Post-treating /bgfs/bchandrasekaran/krs228/data/SSP/data_bids/sub-SSP054/func/sub-SSP054_task-badaga_run-03_sbref.json file
INFO: Converting /bgfs/bchandrasekaran/krs228/data/SSP/data_bids/sub-SSP054/func/sub-SSP054_task-alice_run-01_bold (610 DICOMs) -> /bgfs/bchandrasekaran/krs228/data/SSP/data_bids/sub-SSP054/func . Converter: dcm2niix . Output types: ('nii.gz',)
250114-18:30:36,581 nipype.workflow INFO:
	 [Node] Setting-up "convert" in "/scratch/slurm-4829734/dcm2niixlpweyb9n/convert".
INFO: [Node] Setting-up "convert" in "/scratch/slurm-4829734/dcm2niixlpweyb9n/convert".
250114-18:30:36,734 nipype.workflow INFO:
	 [Node] Running "convert" ("nipype.interfaces.dcm2nii.Dcm2niix"), a CommandLine Interface with command:
dcm2niix -b y -z y -x n -t n -m n -f sub-SSP054_task-alice_run-01_bold_heudiconv864 -o /bgfs/bchandrasekaran/krs228/data/SSP/data_bids/sub-SSP054/func -s n -v n /scratch/slurm-4829734/dcm2niixlpweyb9n/convert
INFO: [Node] Running "convert" ("nipype.interfaces.dcm2nii.Dcm2niix"), a CommandLine Interface with command:
dcm2niix -b y -z y -x n -t n -m n -f sub-SSP054_task-alice_run-01_bold_heudiconv864 -o /bgfs/bchandrasekaran/krs228/data/SSP/data_bids/sub-SSP054/func -s n -v n /scratch/slurm-4829734/dcm2niixlpweyb9n/convert
250114-18:30:49,585 nipype.interface INFO:
	 stdout 2025-01-14T18:30:49.585101:Chris Rorden's dcm2niiX version v1.0.20240202  (JP2:OpenJPEG) (JP-LS:CharLS) GCC8.4.0 x86-64 (64-bit Linux)
INFO: stdout 2025-01-14T18:30:49.585101:Chris Rorden's dcm2niiX version v1.0.20240202  (JP2:OpenJPEG) (JP-LS:CharLS) GCC8.4.0 x86-64 (64-bit Linux)
250114-18:30:49,596 nipype.interface INFO:
	 stdout 2025-01-14T18:30:49.585101:Found 610 DICOM file(s)
INFO: stdout 2025-01-14T18:30:49.585101:Found 610 DICOM file(s)
250114-18:30:49,596 nipype.interface INFO:
	 stdout 2025-01-14T18:30:49.585101:Convert 610 DICOM as /bgfs/bchandrasekaran/krs228/data/SSP/data_bids/sub-SSP054/func/sub-SSP054_task-alice_run-01_bold_heudiconv864 (104x104x72x610)
INFO: stdout 2025-01-14T18:30:49.585101:Convert 610 DICOM as /bgfs/bchandrasekaran/krs228/data/SSP/data_bids/sub-SSP054/func/sub-SSP054_task-alice_run-01_bold_heudiconv864 (104x104x72x610)
250114-18:31:15,768 nipype.interface INFO:
	 stdout 2025-01-14T18:31:15.768588:Conversion required 38.839455 seconds (27.110001 for core code).
INFO: stdout 2025-01-14T18:31:15.768588:Conversion required 38.839455 seconds (27.110001 for core code).
250114-18:31:15,969 nipype.workflow INFO:
	 [Node] Finished "convert".
INFO: [Node] Finished "convert".
250114-18:31:16,71 nipype.workflow INFO:
	 [Node] Setting-up "embedder" in "/scratch/slurm-4829734/embedmetaqc3uxwor/embedder".
INFO: [Node] Setting-up "embedder" in "/scratch/slurm-4829734/embedmetaqc3uxwor/embedder".
250114-18:31:16,113 nipype.workflow INFO:
	 [Node] Running "embedder" ("nipype.interfaces.utility.wrappers.Function")
INFO: [Node] Running "embedder" ("nipype.interfaces.utility.wrappers.Function")
250114-18:31:50,219 nipype.workflow INFO:
	 [Node] Finished "embedder".
INFO: [Node] Finished "embedder".
INFO: Post-treating /bgfs/bchandrasekaran/krs228/data/SSP/data_bids/sub-SSP054/func/sub-SSP054_task-alice_run-01_bold.json file
INFO: Converting /bgfs/bchandrasekaran/krs228/data/SSP/data_bids/sub-SSP054/func/sub-SSP054_task-alice_run-02_bold (610 DICOMs) -> /bgfs/bchandrasekaran/krs228/data/SSP/data_bids/sub-SSP054/func . Converter: dcm2niix . Output types: ('nii.gz',)
250114-18:31:50,509 nipype.workflow INFO:
	 [Node] Setting-up "convert" in "/scratch/slurm-4829734/dcm2niixptpsd1sk/convert".
INFO: [Node] Setting-up "convert" in "/scratch/slurm-4829734/dcm2niixptpsd1sk/convert".
250114-18:31:50,653 nipype.workflow INFO:
	 [Node] Running "convert" ("nipype.interfaces.dcm2nii.Dcm2niix"), a CommandLine Interface with command:
dcm2niix -b y -z y -x n -t n -m n -f sub-SSP054_task-alice_run-02_bold_heudiconv195 -o /bgfs/bchandrasekaran/krs228/data/SSP/data_bids/sub-SSP054/func -s n -v n /scratch/slurm-4829734/dcm2niixptpsd1sk/convert
INFO: [Node] Running "convert" ("nipype.interfaces.dcm2nii.Dcm2niix"), a CommandLine Interface with command:
dcm2niix -b y -z y -x n -t n -m n -f sub-SSP054_task-alice_run-02_bold_heudiconv195 -o /bgfs/bchandrasekaran/krs228/data/SSP/data_bids/sub-SSP054/func -s n -v n /scratch/slurm-4829734/dcm2niixptpsd1sk/convert
250114-18:32:05,734 nipype.interface INFO:
	 stdout 2025-01-14T18:32:05.734084:Chris Rorden's dcm2niiX version v1.0.20240202  (JP2:OpenJPEG) (JP-LS:CharLS) GCC8.4.0 x86-64 (64-bit Linux)
INFO: stdout 2025-01-14T18:32:05.734084:Chris Rorden's dcm2niiX version v1.0.20240202  (JP2:OpenJPEG) (JP-LS:CharLS) GCC8.4.0 x86-64 (64-bit Linux)
250114-18:32:05,745 nipype.interface INFO:
	 stdout 2025-01-14T18:32:05.734084:Found 610 DICOM file(s)
INFO: stdout 2025-01-14T18:32:05.734084:Found 610 DICOM file(s)
250114-18:32:05,745 nipype.interface INFO:
	 stdout 2025-01-14T18:32:05.734084:Convert 610 DICOM as /bgfs/bchandrasekaran/krs228/data/SSP/data_bids/sub-SSP054/func/sub-SSP054_task-alice_run-02_bold_heudiconv195 (104x104x72x610)
INFO: stdout 2025-01-14T18:32:05.734084:Convert 610 DICOM as /bgfs/bchandrasekaran/krs228/data/SSP/data_bids/sub-SSP054/func/sub-SSP054_task-alice_run-02_bold_heudiconv195 (104x104x72x610)
250114-18:32:32,149 nipype.interface INFO:
	 stdout 2025-01-14T18:32:32.149920:Conversion required 41.199581 seconds (27.680000 for core code).
INFO: stdout 2025-01-14T18:32:32.149920:Conversion required 41.199581 seconds (27.680000 for core code).
250114-18:32:32,295 nipype.workflow INFO:
	 [Node] Finished "convert".
INFO: [Node] Finished "convert".
250114-18:32:32,547 nipype.workflow INFO:
	 [Node] Setting-up "embedder" in "/scratch/slurm-4829734/embedmetawiloo9tl/embedder".
INFO: [Node] Setting-up "embedder" in "/scratch/slurm-4829734/embedmetawiloo9tl/embedder".
250114-18:32:32,591 nipype.workflow INFO:
	 [Node] Running "embedder" ("nipype.interfaces.utility.wrappers.Function")
INFO: [Node] Running "embedder" ("nipype.interfaces.utility.wrappers.Function")
250114-18:33:05,223 nipype.workflow INFO:
	 [Node] Finished "embedder".
INFO: [Node] Finished "embedder".
INFO: Post-treating /bgfs/bchandrasekaran/krs228/data/SSP/data_bids/sub-SSP054/func/sub-SSP054_task-alice_run-02_bold.json file
INFO: Converting /bgfs/bchandrasekaran/krs228/data/SSP/data_bids/sub-SSP054/func/sub-SSP054_task-alice_run-01_sbref (1 DICOMs) -> /bgfs/bchandrasekaran/krs228/data/SSP/data_bids/sub-SSP054/func . Converter: dcm2niix . Output types: ('nii.gz',)
250114-18:33:05,439 nipype.workflow INFO:
	 [Node] Setting-up "convert" in "/scratch/slurm-4829734/dcm2niixv5fdjfo7/convert".
INFO: [Node] Setting-up "convert" in "/scratch/slurm-4829734/dcm2niixv5fdjfo7/convert".
250114-18:33:05,444 nipype.workflow INFO:
	 [Node] Running "convert" ("nipype.interfaces.dcm2nii.Dcm2niix"), a CommandLine Interface with command:
dcm2niix -b y -z y -x n -t n -m n -f sub-SSP054_task-alice_run-01_sbref_heudiconv865 -o /bgfs/bchandrasekaran/krs228/data/SSP/data_bids/sub-SSP054/func -s n -v n /scratch/slurm-4829734/dcm2niixv5fdjfo7/convert
INFO: [Node] Running "convert" ("nipype.interfaces.dcm2nii.Dcm2niix"), a CommandLine Interface with command:
dcm2niix -b y -z y -x n -t n -m n -f sub-SSP054_task-alice_run-01_sbref_heudiconv865 -o /bgfs/bchandrasekaran/krs228/data/SSP/data_bids/sub-SSP054/func -s n -v n /scratch/slurm-4829734/dcm2niixv5fdjfo7/convert
250114-18:33:05,823 nipype.interface INFO:
	 stdout 2025-01-14T18:33:05.823082:Chris Rorden's dcm2niiX version v1.0.20240202  (JP2:OpenJPEG) (JP-LS:CharLS) GCC8.4.0 x86-64 (64-bit Linux)
INFO: stdout 2025-01-14T18:33:05.823082:Chris Rorden's dcm2niiX version v1.0.20240202  (JP2:OpenJPEG) (JP-LS:CharLS) GCC8.4.0 x86-64 (64-bit Linux)
250114-18:33:05,823 nipype.interface INFO:
	 stdout 2025-01-14T18:33:05.823082:Found 1 DICOM file(s)
INFO: stdout 2025-01-14T18:33:05.823082:Found 1 DICOM file(s)
250114-18:33:05,823 nipype.interface INFO:
	 stdout 2025-01-14T18:33:05.823082:Convert 1 DICOM as /bgfs/bchandrasekaran/krs228/data/SSP/data_bids/sub-SSP054/func/sub-SSP054_task-alice_run-01_sbref_heudiconv865 (104x104x72x1)
INFO: stdout 2025-01-14T18:33:05.823082:Convert 1 DICOM as /bgfs/bchandrasekaran/krs228/data/SSP/data_bids/sub-SSP054/func/sub-SSP054_task-alice_run-01_sbref_heudiconv865 (104x104x72x1)
250114-18:33:05,856 nipype.interface INFO:
	 stdout 2025-01-14T18:33:05.856948:Conversion required 0.120301 seconds (0.070000 for core code).
INFO: stdout 2025-01-14T18:33:05.856948:Conversion required 0.120301 seconds (0.070000 for core code).
250114-18:33:05,913 nipype.workflow INFO:
	 [Node] Finished "convert".
INFO: [Node] Finished "convert".
250114-18:33:05,960 nipype.workflow INFO:
	 [Node] Setting-up "embedder" in "/scratch/slurm-4829734/embedmetaxduov04s/embedder".
INFO: [Node] Setting-up "embedder" in "/scratch/slurm-4829734/embedmetaxduov04s/embedder".
250114-18:33:05,970 nipype.workflow INFO:
	 [Node] Running "embedder" ("nipype.interfaces.utility.wrappers.Function")
INFO: [Node] Running "embedder" ("nipype.interfaces.utility.wrappers.Function")
250114-18:33:06,49 nipype.workflow INFO:
	 [Node] Finished "embedder".
INFO: [Node] Finished "embedder".
INFO: Post-treating /bgfs/bchandrasekaran/krs228/data/SSP/data_bids/sub-SSP054/func/sub-SSP054_task-alice_run-01_sbref.json file
INFO: Converting /bgfs/bchandrasekaran/krs228/data/SSP/data_bids/sub-SSP054/func/sub-SSP054_task-alice_run-02_sbref (1 DICOMs) -> /bgfs/bchandrasekaran/krs228/data/SSP/data_bids/sub-SSP054/func . Converter: dcm2niix . Output types: ('nii.gz',)
250114-18:33:06,69 nipype.workflow INFO:
	 [Node] Setting-up "convert" in "/scratch/slurm-4829734/dcm2niixjhd8sc68/convert".
INFO: [Node] Setting-up "convert" in "/scratch/slurm-4829734/dcm2niixjhd8sc68/convert".
250114-18:33:06,73 nipype.workflow INFO:
	 [Node] Running "convert" ("nipype.interfaces.dcm2nii.Dcm2niix"), a CommandLine Interface with command:
dcm2niix -b y -z y -x n -t n -m n -f sub-SSP054_task-alice_run-02_sbref_heudiconv775 -o /bgfs/bchandrasekaran/krs228/data/SSP/data_bids/sub-SSP054/func -s n -v n /scratch/slurm-4829734/dcm2niixjhd8sc68/convert
INFO: [Node] Running "convert" ("nipype.interfaces.dcm2nii.Dcm2niix"), a CommandLine Interface with command:
dcm2niix -b y -z y -x n -t n -m n -f sub-SSP054_task-alice_run-02_sbref_heudiconv775 -o /bgfs/bchandrasekaran/krs228/data/SSP/data_bids/sub-SSP054/func -s n -v n /scratch/slurm-4829734/dcm2niixjhd8sc68/convert
250114-18:33:06,432 nipype.interface INFO:
	 stdout 2025-01-14T18:33:06.432089:Chris Rorden's dcm2niiX version v1.0.20240202  (JP2:OpenJPEG) (JP-LS:CharLS) GCC8.4.0 x86-64 (64-bit Linux)
INFO: stdout 2025-01-14T18:33:06.432089:Chris Rorden's dcm2niiX version v1.0.20240202  (JP2:OpenJPEG) (JP-LS:CharLS) GCC8.4.0 x86-64 (64-bit Linux)
250114-18:33:06,432 nipype.interface INFO:
	 stdout 2025-01-14T18:33:06.432089:Found 1 DICOM file(s)
INFO: stdout 2025-01-14T18:33:06.432089:Found 1 DICOM file(s)
250114-18:33:06,432 nipype.interface INFO:
	 stdout 2025-01-14T18:33:06.432089:Convert 1 DICOM as /bgfs/bchandrasekaran/krs228/data/SSP/data_bids/sub-SSP054/func/sub-SSP054_task-alice_run-02_sbref_heudiconv775 (104x104x72x1)
INFO: stdout 2025-01-14T18:33:06.432089:Convert 1 DICOM as /bgfs/bchandrasekaran/krs228/data/SSP/data_bids/sub-SSP054/func/sub-SSP054_task-alice_run-02_sbref_heudiconv775 (104x104x72x1)
250114-18:33:06,465 nipype.interface INFO:
	 stdout 2025-01-14T18:33:06.465213:Conversion required 0.123177 seconds (0.070000 for core code).
INFO: stdout 2025-01-14T18:33:06.465213:Conversion required 0.123177 seconds (0.070000 for core code).
250114-18:33:06,502 nipype.workflow INFO:
	 [Node] Finished "convert".
INFO: [Node] Finished "convert".
250114-18:33:06,548 nipype.workflow INFO:
	 [Node] Setting-up "embedder" in "/scratch/slurm-4829734/embedmetacy1bwf8l/embedder".
INFO: [Node] Setting-up "embedder" in "/scratch/slurm-4829734/embedmetacy1bwf8l/embedder".
250114-18:33:06,557 nipype.workflow INFO:
	 [Node] Running "embedder" ("nipype.interfaces.utility.wrappers.Function")
INFO: [Node] Running "embedder" ("nipype.interfaces.utility.wrappers.Function")
250114-18:33:06,635 nipype.workflow INFO:
	 [Node] Finished "embedder".
INFO: [Node] Finished "embedder".
INFO: Post-treating /bgfs/bchandrasekaran/krs228/data/SSP/data_bids/sub-SSP054/func/sub-SSP054_task-alice_run-02_sbref.json file
INFO: Converting /bgfs/bchandrasekaran/krs228/data/SSP/data_bids/sub-SSP054/dwi/sub-SSP054_dwi (103 DICOMs) -> /bgfs/bchandrasekaran/krs228/data/SSP/data_bids/sub-SSP054/dwi . Converter: dcm2niix . Output types: ('nii.gz',)
250114-18:33:06,669 nipype.workflow INFO:
	 [Node] Setting-up "convert" in "/scratch/slurm-4829734/dcm2niixoaq7k9c8/convert".
INFO: [Node] Setting-up "convert" in "/scratch/slurm-4829734/dcm2niixoaq7k9c8/convert".
250114-18:33:06,697 nipype.workflow INFO:
	 [Node] Running "convert" ("nipype.interfaces.dcm2nii.Dcm2niix"), a CommandLine Interface with command:
dcm2niix -b y -z y -x n -t n -m n -f sub-SSP054_dwi_heudiconv453 -o /bgfs/bchandrasekaran/krs228/data/SSP/data_bids/sub-SSP054/dwi -s n -v n /scratch/slurm-4829734/dcm2niixoaq7k9c8/convert
INFO: [Node] Running "convert" ("nipype.interfaces.dcm2nii.Dcm2niix"), a CommandLine Interface with command:
dcm2niix -b y -z y -x n -t n -m n -f sub-SSP054_dwi_heudiconv453 -o /bgfs/bchandrasekaran/krs228/data/SSP/data_bids/sub-SSP054/dwi -s n -v n /scratch/slurm-4829734/dcm2niixoaq7k9c8/convert
250114-18:33:12,417 nipype.interface INFO:
	 stdout 2025-01-14T18:33:12.417081:Chris Rorden's dcm2niiX version v1.0.20240202  (JP2:OpenJPEG) (JP-LS:CharLS) GCC8.4.0 x86-64 (64-bit Linux)
INFO: stdout 2025-01-14T18:33:12.417081:Chris Rorden's dcm2niiX version v1.0.20240202  (JP2:OpenJPEG) (JP-LS:CharLS) GCC8.4.0 x86-64 (64-bit Linux)
250114-18:33:12,428 nipype.interface INFO:
	 stdout 2025-01-14T18:33:12.417081:Found 103 DICOM file(s)
INFO: stdout 2025-01-14T18:33:12.417081:Found 103 DICOM file(s)
250114-18:33:12,428 nipype.interface INFO:
	 stdout 2025-01-14T18:33:12.417081:Convert 103 DICOM as /bgfs/bchandrasekaran/krs228/data/SSP/data_bids/sub-SSP054/dwi/sub-SSP054_dwi_heudiconv453 (120x120x75x103)
INFO: stdout 2025-01-14T18:33:12.417081:Convert 103 DICOM as /bgfs/bchandrasekaran/krs228/data/SSP/data_bids/sub-SSP054/dwi/sub-SSP054_dwi_heudiconv453 (120x120x75x103)
250114-18:33:22,236 nipype.interface INFO:
	 stdout 2025-01-14T18:33:22.236943:Conversion required 15.265941 seconds (10.110000 for core code).
INFO: stdout 2025-01-14T18:33:22.236943:Conversion required 15.265941 seconds (10.110000 for core code).
250114-18:33:22,282 nipype.workflow INFO:
	 [Node] Finished "convert".
INFO: [Node] Finished "convert".
WARNING: Failed to find task field in /bgfs/bchandrasekaran/krs228/data/SSP/data_bids/sub-SSP054/dwi/sub-SSP054_dwi.json.
250114-18:33:22,341 nipype.workflow INFO:
	 [Node] Setting-up "embedder" in "/scratch/slurm-4829734/embedmetauon58asg/embedder".
INFO: [Node] Setting-up "embedder" in "/scratch/slurm-4829734/embedmetauon58asg/embedder".
250114-18:33:22,357 nipype.workflow INFO:
	 [Node] Running "embedder" ("nipype.interfaces.utility.wrappers.Function")
INFO: [Node] Running "embedder" ("nipype.interfaces.utility.wrappers.Function")
250114-18:33:28,556 nipype.workflow INFO:
	 [Node] Finished "embedder".
INFO: [Node] Finished "embedder".
INFO: Post-treating /bgfs/bchandrasekaran/krs228/data/SSP/data_bids/sub-SSP054/dwi/sub-SSP054_dwi.json file
INFO: Converting /bgfs/bchandrasekaran/krs228/data/SSP/data_bids/sub-SSP054/fmap/sub-SSP054_acq-dwi_dir-AP_run-01_ge (75 DICOMs) -> /bgfs/bchandrasekaran/krs228/data/SSP/data_bids/sub-SSP054/fmap . Converter: dcm2niix . Output types: ('nii.gz',)
250114-18:33:28,634 nipype.workflow INFO:
	 [Node] Setting-up "convert" in "/scratch/slurm-4829734/dcm2niixt90x9tqx/convert".
INFO: [Node] Setting-up "convert" in "/scratch/slurm-4829734/dcm2niixt90x9tqx/convert".
250114-18:33:28,655 nipype.workflow INFO:
	 [Node] Running "convert" ("nipype.interfaces.dcm2nii.Dcm2niix"), a CommandLine Interface with command:
dcm2niix -b y -z y -x n -t n -m n -f sub-SSP054_acq-dwi_dir-AP_run-01_ge_heudiconv048 -o /bgfs/bchandrasekaran/krs228/data/SSP/data_bids/sub-SSP054/fmap -s n -v n /scratch/slurm-4829734/dcm2niixt90x9tqx/convert
INFO: [Node] Running "convert" ("nipype.interfaces.dcm2nii.Dcm2niix"), a CommandLine Interface with command:
dcm2niix -b y -z y -x n -t n -m n -f sub-SSP054_acq-dwi_dir-AP_run-01_ge_heudiconv048 -o /bgfs/bchandrasekaran/krs228/data/SSP/data_bids/sub-SSP054/fmap -s n -v n /scratch/slurm-4829734/dcm2niixt90x9tqx/convert
250114-18:33:30,640 nipype.interface INFO:
	 stdout 2025-01-14T18:33:30.640090:Chris Rorden's dcm2niiX version v1.0.20240202  (JP2:OpenJPEG) (JP-LS:CharLS) GCC8.4.0 x86-64 (64-bit Linux)
INFO: stdout 2025-01-14T18:33:30.640090:Chris Rorden's dcm2niiX version v1.0.20240202  (JP2:OpenJPEG) (JP-LS:CharLS) GCC8.4.0 x86-64 (64-bit Linux)
250114-18:33:30,640 nipype.interface INFO:
	 stdout 2025-01-14T18:33:30.640090:Found 75 DICOM file(s)
INFO: stdout 2025-01-14T18:33:30.640090:Found 75 DICOM file(s)
250114-18:33:30,640 nipype.interface INFO:
	 stdout 2025-01-14T18:33:30.640090:Convert 75 DICOM as /bgfs/bchandrasekaran/krs228/data/SSP/data_bids/sub-SSP054/fmap/sub-SSP054_acq-dwi_dir-AP_run-01_ge_heudiconv048 (120x120x75x1)
INFO: stdout 2025-01-14T18:33:30.640090:Convert 75 DICOM as /bgfs/bchandrasekaran/krs228/data/SSP/data_bids/sub-SSP054/fmap/sub-SSP054_acq-dwi_dir-AP_run-01_ge_heudiconv048 (120x120x75x1)
250114-18:33:30,719 nipype.interface INFO:
	 stdout 2025-01-14T18:33:30.719042:Conversion required 1.786054 seconds (0.200000 for core code).
INFO: stdout 2025-01-14T18:33:30.719042:Conversion required 1.786054 seconds (0.200000 for core code).
250114-18:33:30,760 nipype.workflow INFO:
	 [Node] Finished "convert".
INFO: [Node] Finished "convert".
WARNING: Failed to find task field in /bgfs/bchandrasekaran/krs228/data/SSP/data_bids/sub-SSP054/fmap/sub-SSP054_acq-dwi_dir-AP_run-01_ge.json.
250114-18:33:30,799 nipype.workflow INFO:
	 [Node] Setting-up "embedder" in "/scratch/slurm-4829734/embedmetazu444je4/embedder".
INFO: [Node] Setting-up "embedder" in "/scratch/slurm-4829734/embedmetazu444je4/embedder".
250114-18:33:30,812 nipype.workflow INFO:
	 [Node] Running "embedder" ("nipype.interfaces.utility.wrappers.Function")
INFO: [Node] Running "embedder" ("nipype.interfaces.utility.wrappers.Function")
250114-18:33:32,777 nipype.workflow INFO:
	 [Node] Finished "embedder".
INFO: [Node] Finished "embedder".
INFO: Post-treating /bgfs/bchandrasekaran/krs228/data/SSP/data_bids/sub-SSP054/fmap/sub-SSP054_acq-dwi_dir-AP_run-01_ge.json file
INFO: Converting /bgfs/bchandrasekaran/krs228/data/SSP/data_bids/sub-SSP054/fmap/sub-SSP054_acq-dwi_dir-PA_run-01_ge (75 DICOMs) -> /bgfs/bchandrasekaran/krs228/data/SSP/data_bids/sub-SSP054/fmap . Converter: dcm2niix . Output types: ('nii.gz',)
250114-18:33:32,812 nipype.workflow INFO:
	 [Node] Setting-up "convert" in "/scratch/slurm-4829734/dcm2niixmsnmrzs4/convert".
INFO: [Node] Setting-up "convert" in "/scratch/slurm-4829734/dcm2niixmsnmrzs4/convert".
250114-18:33:32,833 nipype.workflow INFO:
	 [Node] Running "convert" ("nipype.interfaces.dcm2nii.Dcm2niix"), a CommandLine Interface with command:
dcm2niix -b y -z y -x n -t n -m n -f sub-SSP054_acq-dwi_dir-PA_run-01_ge_heudiconv327 -o /bgfs/bchandrasekaran/krs228/data/SSP/data_bids/sub-SSP054/fmap -s n -v n /scratch/slurm-4829734/dcm2niixmsnmrzs4/convert
INFO: [Node] Running "convert" ("nipype.interfaces.dcm2nii.Dcm2niix"), a CommandLine Interface with command:
dcm2niix -b y -z y -x n -t n -m n -f sub-SSP054_acq-dwi_dir-PA_run-01_ge_heudiconv327 -o /bgfs/bchandrasekaran/krs228/data/SSP/data_bids/sub-SSP054/fmap -s n -v n /scratch/slurm-4829734/dcm2niixmsnmrzs4/convert
250114-18:33:34,405 nipype.interface INFO:
	 stdout 2025-01-14T18:33:34.405089:Chris Rorden's dcm2niiX version v1.0.20240202  (JP2:OpenJPEG) (JP-LS:CharLS) GCC8.4.0 x86-64 (64-bit Linux)
INFO: stdout 2025-01-14T18:33:34.405089:Chris Rorden's dcm2niiX version v1.0.20240202  (JP2:OpenJPEG) (JP-LS:CharLS) GCC8.4.0 x86-64 (64-bit Linux)
250114-18:33:34,405 nipype.interface INFO:
	 stdout 2025-01-14T18:33:34.405089:Found 75 DICOM file(s)
INFO: stdout 2025-01-14T18:33:34.405089:Found 75 DICOM file(s)
250114-18:33:34,405 nipype.interface INFO:
	 stdout 2025-01-14T18:33:34.405089:Convert 75 DICOM as /bgfs/bchandrasekaran/krs228/data/SSP/data_bids/sub-SSP054/fmap/sub-SSP054_acq-dwi_dir-PA_run-01_ge_heudiconv327 (120x120x75x1)
INFO: stdout 2025-01-14T18:33:34.405089:Convert 75 DICOM as /bgfs/bchandrasekaran/krs228/data/SSP/data_bids/sub-SSP054/fmap/sub-SSP054_acq-dwi_dir-PA_run-01_ge_heudiconv327 (120x120x75x1)
250114-18:33:34,483 nipype.interface INFO:
	 stdout 2025-01-14T18:33:34.483545:Conversion required 1.376816 seconds (0.190000 for core code).
INFO: stdout 2025-01-14T18:33:34.483545:Conversion required 1.376816 seconds (0.190000 for core code).
250114-18:33:34,525 nipype.workflow INFO:
	 [Node] Finished "convert".
INFO: [Node] Finished "convert".
WARNING: Failed to find task field in /bgfs/bchandrasekaran/krs228/data/SSP/data_bids/sub-SSP054/fmap/sub-SSP054_acq-dwi_dir-PA_run-01_ge.json.
250114-18:33:34,565 nipype.workflow INFO:
	 [Node] Setting-up "embedder" in "/scratch/slurm-4829734/embedmetaiz4sgy0g/embedder".
INFO: [Node] Setting-up "embedder" in "/scratch/slurm-4829734/embedmetaiz4sgy0g/embedder".
250114-18:33:34,578 nipype.workflow INFO:
	 [Node] Running "embedder" ("nipype.interfaces.utility.wrappers.Function")
INFO: [Node] Running "embedder" ("nipype.interfaces.utility.wrappers.Function")
250114-18:33:36,481 nipype.workflow INFO:
	 [Node] Finished "embedder".
INFO: [Node] Finished "embedder".
INFO: Post-treating /bgfs/bchandrasekaran/krs228/data/SSP/data_bids/sub-SSP054/fmap/sub-SSP054_acq-dwi_dir-PA_run-01_ge.json file
INFO: Converting /bgfs/bchandrasekaran/krs228/data/SSP/data_bids/sub-SSP054/anat/sub-SSP054_acq-t1w_echo-1_MPM (1408 DICOMs) -> /bgfs/bchandrasekaran/krs228/data/SSP/data_bids/sub-SSP054/anat . Converter: dcm2niix . Output types: ('nii.gz',)
250114-18:33:36,691 nipype.workflow INFO:
	 [Node] Setting-up "convert" in "/scratch/slurm-4829734/dcm2niix60x7wsfn/convert".
INFO: [Node] Setting-up "convert" in "/scratch/slurm-4829734/dcm2niix60x7wsfn/convert".
250114-18:33:37,24 nipype.workflow INFO:
	 [Node] Running "convert" ("nipype.interfaces.dcm2nii.Dcm2niix"), a CommandLine Interface with command:
dcm2niix -b y -z y -x n -t n -m n -f sub-SSP054_acq-t1w_echo-1_MPM_heudiconv922 -o /bgfs/bchandrasekaran/krs228/data/SSP/data_bids/sub-SSP054/anat -s n -v n /scratch/slurm-4829734/dcm2niix60x7wsfn/convert
INFO: [Node] Running "convert" ("nipype.interfaces.dcm2nii.Dcm2niix"), a CommandLine Interface with command:
dcm2niix -b y -z y -x n -t n -m n -f sub-SSP054_acq-t1w_echo-1_MPM_heudiconv922 -o /bgfs/bchandrasekaran/krs228/data/SSP/data_bids/sub-SSP054/anat -s n -v n /scratch/slurm-4829734/dcm2niix60x7wsfn/convert
250114-18:33:56,658 nipype.interface INFO:
	 stdout 2025-01-14T18:33:56.658101:Chris Rorden's dcm2niiX version v1.0.20240202  (JP2:OpenJPEG) (JP-LS:CharLS) GCC8.4.0 x86-64 (64-bit Linux)
INFO: stdout 2025-01-14T18:33:56.658101:Chris Rorden's dcm2niiX version v1.0.20240202  (JP2:OpenJPEG) (JP-LS:CharLS) GCC8.4.0 x86-64 (64-bit Linux)
250114-18:33:56,669 nipype.interface INFO:
	 stdout 2025-01-14T18:33:56.658101:Found 1408 DICOM file(s)
INFO: stdout 2025-01-14T18:33:56.658101:Found 1408 DICOM file(s)
250114-18:33:56,669 nipype.interface INFO:
	 stdout 2025-01-14T18:33:56.658101:Slices not stacked: echo varies (TE 2.3, 11.5; echo 1, 5). Use 'merge 2D slices' option to force stacking
INFO: stdout 2025-01-14T18:33:56.658101:Slices not stacked: echo varies (TE 2.3, 11.5; echo 1, 5). Use 'merge 2D slices' option to force stacking
250114-18:33:56,669 nipype.interface INFO:
	 stdout 2025-01-14T18:33:56.658101:::autoBids:Siemens CSAseqFname:'%CustomerSeq%\mfc_3dflash' pulseSeq:'' seqName:'fl3dr1n3d8'
INFO: stdout 2025-01-14T18:33:56.658101:::autoBids:Siemens CSAseqFname:'%CustomerSeq%\mfc_3dflash' pulseSeq:'' seqName:'fl3dr1n3d8'
250114-18:33:56,669 nipype.interface INFO:
	 stdout 2025-01-14T18:33:56.658101:Convert 176 DICOM as /bgfs/bchandrasekaran/krs228/data/SSP/data_bids/sub-SSP054/anat/sub-SSP054_acq-t1w_echo-1_MPM_heudiconv922_e1 (224x256x176x1)
INFO: stdout 2025-01-14T18:33:56.658101:Convert 176 DICOM as /bgfs/bchandrasekaran/krs228/data/SSP/data_bids/sub-SSP054/anat/sub-SSP054_acq-t1w_echo-1_MPM_heudiconv922_e1 (224x256x176x1)
250114-18:33:57,535 nipype.interface INFO:
	 stdout 2025-01-14T18:33:57.535071:::autoBids:Siemens CSAseqFname:'%CustomerSeq%\mfc_3dflash' pulseSeq:'' seqName:'fl3dr1n3d8'
INFO: stdout 2025-01-14T18:33:57.535071:::autoBids:Siemens CSAseqFname:'%CustomerSeq%\mfc_3dflash' pulseSeq:'' seqName:'fl3dr1n3d8'
250114-18:33:57,535 nipype.interface INFO:
	 stdout 2025-01-14T18:33:57.535071:Convert 176 DICOM as /bgfs/bchandrasekaran/krs228/data/SSP/data_bids/sub-SSP054/anat/sub-SSP054_acq-t1w_echo-1_MPM_heudiconv922_e5 (224x256x176x1)
INFO: stdout 2025-01-14T18:33:57.535071:Convert 176 DICOM as /bgfs/bchandrasekaran/krs228/data/SSP/data_bids/sub-SSP054/anat/sub-SSP054_acq-t1w_echo-1_MPM_heudiconv922_e5 (224x256x176x1)
250114-18:33:58,382 nipype.interface INFO:
	 stdout 2025-01-14T18:33:58.382076:::autoBids:Siemens CSAseqFname:'%CustomerSeq%\mfc_3dflash' pulseSeq:'' seqName:'fl3dr1n3d8'
INFO: stdout 2025-01-14T18:33:58.382076:::autoBids:Siemens CSAseqFname:'%CustomerSeq%\mfc_3dflash' pulseSeq:'' seqName:'fl3dr1n3d8'
250114-18:33:58,382 nipype.interface INFO:
	 stdout 2025-01-14T18:33:58.382076:Convert 176 DICOM as /bgfs/bchandrasekaran/krs228/data/SSP/data_bids/sub-SSP054/anat/sub-SSP054_acq-t1w_echo-1_MPM_heudiconv922_e2 (224x256x176x1)
INFO: stdout 2025-01-14T18:33:58.382076:Convert 176 DICOM as /bgfs/bchandrasekaran/krs228/data/SSP/data_bids/sub-SSP054/anat/sub-SSP054_acq-t1w_echo-1_MPM_heudiconv922_e2 (224x256x176x1)
250114-18:33:59,304 nipype.interface INFO:
	 stdout 2025-01-14T18:33:59.304079:::autoBids:Siemens CSAseqFname:'%CustomerSeq%\mfc_3dflash' pulseSeq:'' seqName:'fl3dr1n3d8'
INFO: stdout 2025-01-14T18:33:59.304079:::autoBids:Siemens CSAseqFname:'%CustomerSeq%\mfc_3dflash' pulseSeq:'' seqName:'fl3dr1n3d8'
250114-18:33:59,304 nipype.interface INFO:
	 stdout 2025-01-14T18:33:59.304079:Convert 176 DICOM as /bgfs/bchandrasekaran/krs228/data/SSP/data_bids/sub-SSP054/anat/sub-SSP054_acq-t1w_echo-1_MPM_heudiconv922_e6 (224x256x176x1)
INFO: stdout 2025-01-14T18:33:59.304079:Convert 176 DICOM as /bgfs/bchandrasekaran/krs228/data/SSP/data_bids/sub-SSP054/anat/sub-SSP054_acq-t1w_echo-1_MPM_heudiconv922_e6 (224x256x176x1)
250114-18:34:00,187 nipype.interface INFO:
	 stdout 2025-01-14T18:34:00.187071:::autoBids:Siemens CSAseqFname:'%CustomerSeq%\mfc_3dflash' pulseSeq:'' seqName:'fl3dr1n3d8'
INFO: stdout 2025-01-14T18:34:00.187071:::autoBids:Siemens CSAseqFname:'%CustomerSeq%\mfc_3dflash' pulseSeq:'' seqName:'fl3dr1n3d8'
250114-18:34:00,187 nipype.interface INFO:
	 stdout 2025-01-14T18:34:00.187071:Convert 176 DICOM as /bgfs/bchandrasekaran/krs228/data/SSP/data_bids/sub-SSP054/anat/sub-SSP054_acq-t1w_echo-1_MPM_heudiconv922_e4 (224x256x176x1)
INFO: stdout 2025-01-14T18:34:00.187071:Convert 176 DICOM as /bgfs/bchandrasekaran/krs228/data/SSP/data_bids/sub-SSP054/anat/sub-SSP054_acq-t1w_echo-1_MPM_heudiconv922_e4 (224x256x176x1)
250114-18:34:01,59 nipype.interface INFO:
	 stdout 2025-01-14T18:34:01.059079:::autoBids:Siemens CSAseqFname:'%CustomerSeq%\mfc_3dflash' pulseSeq:'' seqName:'fl3dr1n3d8'
INFO: stdout 2025-01-14T18:34:01.059079:::autoBids:Siemens CSAseqFname:'%CustomerSeq%\mfc_3dflash' pulseSeq:'' seqName:'fl3dr1n3d8'
250114-18:34:01,59 nipype.interface INFO:
	 stdout 2025-01-14T18:34:01.059079:Convert 176 DICOM as /bgfs/bchandrasekaran/krs228/data/SSP/data_bids/sub-SSP054/anat/sub-SSP054_acq-t1w_echo-1_MPM_heudiconv922_e7 (224x256x176x1)
INFO: stdout 2025-01-14T18:34:01.059079:Convert 176 DICOM as /bgfs/bchandrasekaran/krs228/data/SSP/data_bids/sub-SSP054/anat/sub-SSP054_acq-t1w_echo-1_MPM_heudiconv922_e7 (224x256x176x1)
250114-18:34:01,951 nipype.interface INFO:
	 stdout 2025-01-14T18:34:01.951081:::autoBids:Siemens CSAseqFname:'%CustomerSeq%\mfc_3dflash' pulseSeq:'' seqName:'fl3dr1n3d8'
INFO: stdout 2025-01-14T18:34:01.951081:::autoBids:Siemens CSAseqFname:'%CustomerSeq%\mfc_3dflash' pulseSeq:'' seqName:'fl3dr1n3d8'
250114-18:34:01,951 nipype.interface INFO:
	 stdout 2025-01-14T18:34:01.951081:Convert 176 DICOM as /bgfs/bchandrasekaran/krs228/data/SSP/data_bids/sub-SSP054/anat/sub-SSP054_acq-t1w_echo-1_MPM_heudiconv922_e8 (224x256x176x1)
INFO: stdout 2025-01-14T18:34:01.951081:Convert 176 DICOM as /bgfs/bchandrasekaran/krs228/data/SSP/data_bids/sub-SSP054/anat/sub-SSP054_acq-t1w_echo-1_MPM_heudiconv922_e8 (224x256x176x1)
250114-18:34:02,798 nipype.interface INFO:
	 stdout 2025-01-14T18:34:02.798071:::autoBids:Siemens CSAseqFname:'%CustomerSeq%\mfc_3dflash' pulseSeq:'' seqName:'fl3dr1n3d8'
INFO: stdout 2025-01-14T18:34:02.798071:::autoBids:Siemens CSAseqFname:'%CustomerSeq%\mfc_3dflash' pulseSeq:'' seqName:'fl3dr1n3d8'
250114-18:34:02,809 nipype.interface INFO:
	 stdout 2025-01-14T18:34:02.798071:Convert 176 DICOM as /bgfs/bchandrasekaran/krs228/data/SSP/data_bids/sub-SSP054/anat/sub-SSP054_acq-t1w_echo-1_MPM_heudiconv922_e3 (224x256x176x1)
INFO: stdout 2025-01-14T18:34:02.798071:Convert 176 DICOM as /bgfs/bchandrasekaran/krs228/data/SSP/data_bids/sub-SSP054/anat/sub-SSP054_acq-t1w_echo-1_MPM_heudiconv922_e3 (224x256x176x1)
250114-18:34:03,535 nipype.interface INFO:
	 stdout 2025-01-14T18:34:03.535879:Conversion required 26.242797 seconds (7.150000 for core code).
INFO: stdout 2025-01-14T18:34:03.535879:Conversion required 26.242797 seconds (7.150000 for core code).
250114-18:34:03,659 nipype.workflow INFO:
	 [Node] Finished "convert".
INFO: [Node] Finished "convert".
WARNING: Failed to find task field in /bgfs/bchandrasekaran/krs228/data/SSP/data_bids/sub-SSP054/anat/sub-SSP054_acq-t1w_echo-1_echo-1_MPM.json.
WARNING: Failed to find task field in /bgfs/bchandrasekaran/krs228/data/SSP/data_bids/sub-SSP054/anat/sub-SSP054_acq-t1w_echo-1_echo-2_MPM.json.
WARNING: Failed to find task field in /bgfs/bchandrasekaran/krs228/data/SSP/data_bids/sub-SSP054/anat/sub-SSP054_acq-t1w_echo-1_echo-3_MPM.json.
WARNING: Failed to find task field in /bgfs/bchandrasekaran/krs228/data/SSP/data_bids/sub-SSP054/anat/sub-SSP054_acq-t1w_echo-1_echo-4_MPM.json.
WARNING: Failed to find task field in /bgfs/bchandrasekaran/krs228/data/SSP/data_bids/sub-SSP054/anat/sub-SSP054_acq-t1w_echo-1_echo-5_MPM.json.
WARNING: Failed to find task field in /bgfs/bchandrasekaran/krs228/data/SSP/data_bids/sub-SSP054/anat/sub-SSP054_acq-t1w_echo-1_echo-6_MPM.json.
WARNING: Failed to find task field in /bgfs/bchandrasekaran/krs228/data/SSP/data_bids/sub-SSP054/anat/sub-SSP054_acq-t1w_echo-1_echo-7_MPM.json.
WARNING: Failed to find task field in /bgfs/bchandrasekaran/krs228/data/SSP/data_bids/sub-SSP054/anat/sub-SSP054_acq-t1w_echo-1_echo-8_MPM.json.
WARNING: For now not embedding BIDS and info generated .nii.gz itself since sequence produced multiple files
INFO: Converting /bgfs/bchandrasekaran/krs228/data/SSP/data_bids/sub-SSP054/anat/sub-SSP054_acq-pd_echo-1_MPM (1408 DICOMs) -> /bgfs/bchandrasekaran/krs228/data/SSP/data_bids/sub-SSP054/anat . Converter: dcm2niix . Output types: ('nii.gz',)
250114-18:34:04,55 nipype.workflow INFO:
	 [Node] Setting-up "convert" in "/scratch/slurm-4829734/dcm2niixce2c9gwz/convert".
INFO: [Node] Setting-up "convert" in "/scratch/slurm-4829734/dcm2niixce2c9gwz/convert".
250114-18:34:04,386 nipype.workflow INFO:
	 [Node] Running "convert" ("nipype.interfaces.dcm2nii.Dcm2niix"), a CommandLine Interface with command:
dcm2niix -b y -z y -x n -t n -m n -f sub-SSP054_acq-pd_echo-1_MPM_heudiconv358 -o /bgfs/bchandrasekaran/krs228/data/SSP/data_bids/sub-SSP054/anat -s n -v n /scratch/slurm-4829734/dcm2niixce2c9gwz/convert
INFO: [Node] Running "convert" ("nipype.interfaces.dcm2nii.Dcm2niix"), a CommandLine Interface with command:
dcm2niix -b y -z y -x n -t n -m n -f sub-SSP054_acq-pd_echo-1_MPM_heudiconv358 -o /bgfs/bchandrasekaran/krs228/data/SSP/data_bids/sub-SSP054/anat -s n -v n /scratch/slurm-4829734/dcm2niixce2c9gwz/convert
250114-18:34:10,99 nipype.interface INFO:
	 stdout 2025-01-14T18:34:10.099082:Chris Rorden's dcm2niiX version v1.0.20240202  (JP2:OpenJPEG) (JP-LS:CharLS) GCC8.4.0 x86-64 (64-bit Linux)
INFO: stdout 2025-01-14T18:34:10.099082:Chris Rorden's dcm2niiX version v1.0.20240202  (JP2:OpenJPEG) (JP-LS:CharLS) GCC8.4.0 x86-64 (64-bit Linux)
250114-18:34:10,110 nipype.interface INFO:
	 stdout 2025-01-14T18:34:10.099082:Found 1408 DICOM file(s)
INFO: stdout 2025-01-14T18:34:10.099082:Found 1408 DICOM file(s)
250114-18:34:10,110 nipype.interface INFO:
	 stdout 2025-01-14T18:34:10.099082:Slices not stacked: echo varies (TE 16.1, 13.8; echo 7, 6). Use 'merge 2D slices' option to force stacking
INFO: stdout 2025-01-14T18:34:10.099082:Slices not stacked: echo varies (TE 16.1, 13.8; echo 7, 6). Use 'merge 2D slices' option to force stacking
250114-18:34:10,110 nipype.interface INFO:
	 stdout 2025-01-14T18:34:10.099082:::autoBids:Siemens CSAseqFname:'%CustomerSeq%\mfc_3dflash' pulseSeq:'' seqName:'fl3dr1n3d8'
INFO: stdout 2025-01-14T18:34:10.099082:::autoBids:Siemens CSAseqFname:'%CustomerSeq%\mfc_3dflash' pulseSeq:'' seqName:'fl3dr1n3d8'
250114-18:34:10,110 nipype.interface INFO:
	 stdout 2025-01-14T18:34:10.099082:Convert 176 DICOM as /bgfs/bchandrasekaran/krs228/data/SSP/data_bids/sub-SSP054/anat/sub-SSP054_acq-pd_echo-1_MPM_heudiconv358_e7 (224x256x176x1)
INFO: stdout 2025-01-14T18:34:10.099082:Convert 176 DICOM as /bgfs/bchandrasekaran/krs228/data/SSP/data_bids/sub-SSP054/anat/sub-SSP054_acq-pd_echo-1_MPM_heudiconv358_e7 (224x256x176x1)
250114-18:34:10,978 nipype.interface INFO:
	 stdout 2025-01-14T18:34:10.978074:::autoBids:Siemens CSAseqFname:'%CustomerSeq%\mfc_3dflash' pulseSeq:'' seqName:'fl3dr1n3d8'
INFO: stdout 2025-01-14T18:34:10.978074:::autoBids:Siemens CSAseqFname:'%CustomerSeq%\mfc_3dflash' pulseSeq:'' seqName:'fl3dr1n3d8'
250114-18:34:10,978 nipype.interface INFO:
	 stdout 2025-01-14T18:34:10.978074:Convert 176 DICOM as /bgfs/bchandrasekaran/krs228/data/SSP/data_bids/sub-SSP054/anat/sub-SSP054_acq-pd_echo-1_MPM_heudiconv358_e6 (224x256x176x1)
INFO: stdout 2025-01-14T18:34:10.978074:Convert 176 DICOM as /bgfs/bchandrasekaran/krs228/data/SSP/data_bids/sub-SSP054/anat/sub-SSP054_acq-pd_echo-1_MPM_heudiconv358_e6 (224x256x176x1)
250114-18:34:11,849 nipype.interface INFO:
	 stdout 2025-01-14T18:34:11.849075:::autoBids:Siemens CSAseqFname:'%CustomerSeq%\mfc_3dflash' pulseSeq:'' seqName:'fl3dr1n3d8'
INFO: stdout 2025-01-14T18:34:11.849075:::autoBids:Siemens CSAseqFname:'%CustomerSeq%\mfc_3dflash' pulseSeq:'' seqName:'fl3dr1n3d8'
250114-18:34:11,849 nipype.interface INFO:
	 stdout 2025-01-14T18:34:11.849075:Convert 176 DICOM as /bgfs/bchandrasekaran/krs228/data/SSP/data_bids/sub-SSP054/anat/sub-SSP054_acq-pd_echo-1_MPM_heudiconv358_e5 (224x256x176x1)
INFO: stdout 2025-01-14T18:34:11.849075:Convert 176 DICOM as /bgfs/bchandrasekaran/krs228/data/SSP/data_bids/sub-SSP054/anat/sub-SSP054_acq-pd_echo-1_MPM_heudiconv358_e5 (224x256x176x1)
250114-18:34:12,705 nipype.interface INFO:
	 stdout 2025-01-14T18:34:12.705075:::autoBids:Siemens CSAseqFname:'%CustomerSeq%\mfc_3dflash' pulseSeq:'' seqName:'fl3dr1n3d8'
INFO: stdout 2025-01-14T18:34:12.705075:::autoBids:Siemens CSAseqFname:'%CustomerSeq%\mfc_3dflash' pulseSeq:'' seqName:'fl3dr1n3d8'
250114-18:34:12,705 nipype.interface INFO:
	 stdout 2025-01-14T18:34:12.705075:Convert 176 DICOM as /bgfs/bchandrasekaran/krs228/data/SSP/data_bids/sub-SSP054/anat/sub-SSP054_acq-pd_echo-1_MPM_heudiconv358_e3 (224x256x176x1)
INFO: stdout 2025-01-14T18:34:12.705075:Convert 176 DICOM as /bgfs/bchandrasekaran/krs228/data/SSP/data_bids/sub-SSP054/anat/sub-SSP054_acq-pd_echo-1_MPM_heudiconv358_e3 (224x256x176x1)
250114-18:34:13,591 nipype.interface INFO:
	 stdout 2025-01-14T18:34:13.591077:::autoBids:Siemens CSAseqFname:'%CustomerSeq%\mfc_3dflash' pulseSeq:'' seqName:'fl3dr1n3d8'
INFO: stdout 2025-01-14T18:34:13.591077:::autoBids:Siemens CSAseqFname:'%CustomerSeq%\mfc_3dflash' pulseSeq:'' seqName:'fl3dr1n3d8'
250114-18:34:13,591 nipype.interface INFO:
	 stdout 2025-01-14T18:34:13.591077:Convert 176 DICOM as /bgfs/bchandrasekaran/krs228/data/SSP/data_bids/sub-SSP054/anat/sub-SSP054_acq-pd_echo-1_MPM_heudiconv358_e4 (224x256x176x1)
INFO: stdout 2025-01-14T18:34:13.591077:Convert 176 DICOM as /bgfs/bchandrasekaran/krs228/data/SSP/data_bids/sub-SSP054/anat/sub-SSP054_acq-pd_echo-1_MPM_heudiconv358_e4 (224x256x176x1)
250114-18:34:14,456 nipype.interface INFO:
	 stdout 2025-01-14T18:34:14.456095:::autoBids:Siemens CSAseqFname:'%CustomerSeq%\mfc_3dflash' pulseSeq:'' seqName:'fl3dr1n3d8'
INFO: stdout 2025-01-14T18:34:14.456095:::autoBids:Siemens CSAseqFname:'%CustomerSeq%\mfc_3dflash' pulseSeq:'' seqName:'fl3dr1n3d8'
250114-18:34:14,456 nipype.interface INFO:
	 stdout 2025-01-14T18:34:14.456095:Convert 176 DICOM as /bgfs/bchandrasekaran/krs228/data/SSP/data_bids/sub-SSP054/anat/sub-SSP054_acq-pd_echo-1_MPM_heudiconv358_e2 (224x256x176x1)
INFO: stdout 2025-01-14T18:34:14.456095:Convert 176 DICOM as /bgfs/bchandrasekaran/krs228/data/SSP/data_bids/sub-SSP054/anat/sub-SSP054_acq-pd_echo-1_MPM_heudiconv358_e2 (224x256x176x1)
250114-18:34:15,321 nipype.interface INFO:
	 stdout 2025-01-14T18:34:15.321076:::autoBids:Siemens CSAseqFname:'%CustomerSeq%\mfc_3dflash' pulseSeq:'' seqName:'fl3dr1n3d8'
INFO: stdout 2025-01-14T18:34:15.321076:::autoBids:Siemens CSAseqFname:'%CustomerSeq%\mfc_3dflash' pulseSeq:'' seqName:'fl3dr1n3d8'
250114-18:34:15,321 nipype.interface INFO:
	 stdout 2025-01-14T18:34:15.321076:Convert 176 DICOM as /bgfs/bchandrasekaran/krs228/data/SSP/data_bids/sub-SSP054/anat/sub-SSP054_acq-pd_echo-1_MPM_heudiconv358_e8 (224x256x176x1)
INFO: stdout 2025-01-14T18:34:15.321076:Convert 176 DICOM as /bgfs/bchandrasekaran/krs228/data/SSP/data_bids/sub-SSP054/anat/sub-SSP054_acq-pd_echo-1_MPM_heudiconv358_e8 (224x256x176x1)
250114-18:34:16,188 nipype.interface INFO:
	 stdout 2025-01-14T18:34:16.188078:::autoBids:Siemens CSAseqFname:'%CustomerSeq%\mfc_3dflash' pulseSeq:'' seqName:'fl3dr1n3d8'
INFO: stdout 2025-01-14T18:34:16.188078:::autoBids:Siemens CSAseqFname:'%CustomerSeq%\mfc_3dflash' pulseSeq:'' seqName:'fl3dr1n3d8'
250114-18:34:16,199 nipype.interface INFO:
	 stdout 2025-01-14T18:34:16.188078:Convert 176 DICOM as /bgfs/bchandrasekaran/krs228/data/SSP/data_bids/sub-SSP054/anat/sub-SSP054_acq-pd_echo-1_MPM_heudiconv358_e1 (224x256x176x1)
INFO: stdout 2025-01-14T18:34:16.188078:Convert 176 DICOM as /bgfs/bchandrasekaran/krs228/data/SSP/data_bids/sub-SSP054/anat/sub-SSP054_acq-pd_echo-1_MPM_heudiconv358_e1 (224x256x176x1)
250114-18:34:16,925 nipype.interface INFO:
	 stdout 2025-01-14T18:34:16.925346:Conversion required 12.274886 seconds (7.150000 for core code).
INFO: stdout 2025-01-14T18:34:16.925346:Conversion required 12.274886 seconds (7.150000 for core code).
250114-18:34:17,52 nipype.workflow INFO:
	 [Node] Finished "convert".
INFO: [Node] Finished "convert".
WARNING: Failed to find task field in /bgfs/bchandrasekaran/krs228/data/SSP/data_bids/sub-SSP054/anat/sub-SSP054_acq-pd_echo-1_echo-1_MPM.json.
WARNING: Failed to find task field in /bgfs/bchandrasekaran/krs228/data/SSP/data_bids/sub-SSP054/anat/sub-SSP054_acq-pd_echo-1_echo-2_MPM.json.
WARNING: Failed to find task field in /bgfs/bchandrasekaran/krs228/data/SSP/data_bids/sub-SSP054/anat/sub-SSP054_acq-pd_echo-1_echo-3_MPM.json.
WARNING: Failed to find task field in /bgfs/bchandrasekaran/krs228/data/SSP/data_bids/sub-SSP054/anat/sub-SSP054_acq-pd_echo-1_echo-4_MPM.json.
WARNING: Failed to find task field in /bgfs/bchandrasekaran/krs228/data/SSP/data_bids/sub-SSP054/anat/sub-SSP054_acq-pd_echo-1_echo-5_MPM.json.
WARNING: Failed to find task field in /bgfs/bchandrasekaran/krs228/data/SSP/data_bids/sub-SSP054/anat/sub-SSP054_acq-pd_echo-1_echo-6_MPM.json.
WARNING: Failed to find task field in /bgfs/bchandrasekaran/krs228/data/SSP/data_bids/sub-SSP054/anat/sub-SSP054_acq-pd_echo-1_echo-7_MPM.json.
WARNING: Failed to find task field in /bgfs/bchandrasekaran/krs228/data/SSP/data_bids/sub-SSP054/anat/sub-SSP054_acq-pd_echo-1_echo-8_MPM.json.
WARNING: For now not embedding BIDS and info generated .nii.gz itself since sequence produced multiple files
INFO: Converting /bgfs/bchandrasekaran/krs228/data/SSP/data_bids/sub-SSP054/anat/sub-SSP054_acq-MTw_echo-1_mt-on_MPM (1056 DICOMs) -> /bgfs/bchandrasekaran/krs228/data/SSP/data_bids/sub-SSP054/anat . Converter: dcm2niix . Output types: ('nii.gz',)
250114-18:34:17,408 nipype.workflow INFO:
	 [Node] Setting-up "convert" in "/scratch/slurm-4829734/dcm2niix_kamocr1/convert".
INFO: [Node] Setting-up "convert" in "/scratch/slurm-4829734/dcm2niix_kamocr1/convert".
250114-18:34:17,659 nipype.workflow INFO:
	 [Node] Running "convert" ("nipype.interfaces.dcm2nii.Dcm2niix"), a CommandLine Interface with command:
dcm2niix -b y -z y -x n -t n -m n -f sub-SSP054_acq-MTw_echo-1_mt-on_MPM_heudiconv238 -o /bgfs/bchandrasekaran/krs228/data/SSP/data_bids/sub-SSP054/anat -s n -v n /scratch/slurm-4829734/dcm2niix_kamocr1/convert
INFO: [Node] Running "convert" ("nipype.interfaces.dcm2nii.Dcm2niix"), a CommandLine Interface with command:
dcm2niix -b y -z y -x n -t n -m n -f sub-SSP054_acq-MTw_echo-1_mt-on_MPM_heudiconv238 -o /bgfs/bchandrasekaran/krs228/data/SSP/data_bids/sub-SSP054/anat -s n -v n /scratch/slurm-4829734/dcm2niix_kamocr1/convert
250114-18:34:21,48 nipype.interface INFO:
	 stdout 2025-01-14T18:34:21.048097:Chris Rorden's dcm2niiX version v1.0.20240202  (JP2:OpenJPEG) (JP-LS:CharLS) GCC8.4.0 x86-64 (64-bit Linux)
INFO: stdout 2025-01-14T18:34:21.048097:Chris Rorden's dcm2niiX version v1.0.20240202  (JP2:OpenJPEG) (JP-LS:CharLS) GCC8.4.0 x86-64 (64-bit Linux)
250114-18:34:21,59 nipype.interface INFO:
	 stdout 2025-01-14T18:34:21.048097:Found 1056 DICOM file(s)
INFO: stdout 2025-01-14T18:34:21.048097:Found 1056 DICOM file(s)
250114-18:34:21,59 nipype.interface INFO:
	 stdout 2025-01-14T18:34:21.048097:Slices not stacked: echo varies (TE 4.6, 13.8; echo 2, 6). Use 'merge 2D slices' option to force stacking
INFO: stdout 2025-01-14T18:34:21.048097:Slices not stacked: echo varies (TE 4.6, 13.8; echo 2, 6). Use 'merge 2D slices' option to force stacking
250114-18:34:21,59 nipype.interface INFO:
	 stdout 2025-01-14T18:34:21.048097:::autoBids:Siemens CSAseqFname:'%CustomerSeq%\mfc_3dflash' pulseSeq:'' seqName:'fl3dr1n3d6'
INFO: stdout 2025-01-14T18:34:21.048097:::autoBids:Siemens CSAseqFname:'%CustomerSeq%\mfc_3dflash' pulseSeq:'' seqName:'fl3dr1n3d6'
250114-18:34:21,59 nipype.interface INFO:
	 stdout 2025-01-14T18:34:21.048097:Convert 176 DICOM as /bgfs/bchandrasekaran/krs228/data/SSP/data_bids/sub-SSP054/anat/sub-SSP054_acq-MTw_echo-1_mt-on_MPM_heudiconv238_e2 (224x256x176x1)
INFO: stdout 2025-01-14T18:34:21.048097:Convert 176 DICOM as /bgfs/bchandrasekaran/krs228/data/SSP/data_bids/sub-SSP054/anat/sub-SSP054_acq-MTw_echo-1_mt-on_MPM_heudiconv238_e2 (224x256x176x1)
250114-18:34:21,937 nipype.interface INFO:
	 stdout 2025-01-14T18:34:21.937077:::autoBids:Siemens CSAseqFname:'%CustomerSeq%\mfc_3dflash' pulseSeq:'' seqName:'fl3dr1n3d6'
INFO: stdout 2025-01-14T18:34:21.937077:::autoBids:Siemens CSAseqFname:'%CustomerSeq%\mfc_3dflash' pulseSeq:'' seqName:'fl3dr1n3d6'
250114-18:34:21,937 nipype.interface INFO:
	 stdout 2025-01-14T18:34:21.937077:Convert 176 DICOM as /bgfs/bchandrasekaran/krs228/data/SSP/data_bids/sub-SSP054/anat/sub-SSP054_acq-MTw_echo-1_mt-on_MPM_heudiconv238_e6 (224x256x176x1)
INFO: stdout 2025-01-14T18:34:21.937077:Convert 176 DICOM as /bgfs/bchandrasekaran/krs228/data/SSP/data_bids/sub-SSP054/anat/sub-SSP054_acq-MTw_echo-1_mt-on_MPM_heudiconv238_e6 (224x256x176x1)
250114-18:34:22,839 nipype.interface INFO:
	 stdout 2025-01-14T18:34:22.839075:::autoBids:Siemens CSAseqFname:'%CustomerSeq%\mfc_3dflash' pulseSeq:'' seqName:'fl3dr1n3d6'
INFO: stdout 2025-01-14T18:34:22.839075:::autoBids:Siemens CSAseqFname:'%CustomerSeq%\mfc_3dflash' pulseSeq:'' seqName:'fl3dr1n3d6'
250114-18:34:22,839 nipype.interface INFO:
	 stdout 2025-01-14T18:34:22.839075:Convert 176 DICOM as /bgfs/bchandrasekaran/krs228/data/SSP/data_bids/sub-SSP054/anat/sub-SSP054_acq-MTw_echo-1_mt-on_MPM_heudiconv238_e4 (224x256x176x1)
INFO: stdout 2025-01-14T18:34:22.839075:Convert 176 DICOM as /bgfs/bchandrasekaran/krs228/data/SSP/data_bids/sub-SSP054/anat/sub-SSP054_acq-MTw_echo-1_mt-on_MPM_heudiconv238_e4 (224x256x176x1)
250114-18:34:23,731 nipype.interface INFO:
	 stdout 2025-01-14T18:34:23.731074:::autoBids:Siemens CSAseqFname:'%CustomerSeq%\mfc_3dflash' pulseSeq:'' seqName:'fl3dr1n3d6'
INFO: stdout 2025-01-14T18:34:23.731074:::autoBids:Siemens CSAseqFname:'%CustomerSeq%\mfc_3dflash' pulseSeq:'' seqName:'fl3dr1n3d6'
250114-18:34:23,731 nipype.interface INFO:
	 stdout 2025-01-14T18:34:23.731074:Convert 176 DICOM as /bgfs/bchandrasekaran/krs228/data/SSP/data_bids/sub-SSP054/anat/sub-SSP054_acq-MTw_echo-1_mt-on_MPM_heudiconv238_e3 (224x256x176x1)
INFO: stdout 2025-01-14T18:34:23.731074:Convert 176 DICOM as /bgfs/bchandrasekaran/krs228/data/SSP/data_bids/sub-SSP054/anat/sub-SSP054_acq-MTw_echo-1_mt-on_MPM_heudiconv238_e3 (224x256x176x1)
250114-18:34:24,619 nipype.interface INFO:
	 stdout 2025-01-14T18:34:24.619074:::autoBids:Siemens CSAseqFname:'%CustomerSeq%\mfc_3dflash' pulseSeq:'' seqName:'fl3dr1n3d6'
INFO: stdout 2025-01-14T18:34:24.619074:::autoBids:Siemens CSAseqFname:'%CustomerSeq%\mfc_3dflash' pulseSeq:'' seqName:'fl3dr1n3d6'
250114-18:34:24,630 nipype.interface INFO:
	 stdout 2025-01-14T18:34:24.619074:Convert 176 DICOM as /bgfs/bchandrasekaran/krs228/data/SSP/data_bids/sub-SSP054/anat/sub-SSP054_acq-MTw_echo-1_mt-on_MPM_heudiconv238_e5 (224x256x176x1)
INFO: stdout 2025-01-14T18:34:24.619074:Convert 176 DICOM as /bgfs/bchandrasekaran/krs228/data/SSP/data_bids/sub-SSP054/anat/sub-SSP054_acq-MTw_echo-1_mt-on_MPM_heudiconv238_e5 (224x256x176x1)
250114-18:34:25,512 nipype.interface INFO:
	 stdout 2025-01-14T18:34:25.512080:::autoBids:Siemens CSAseqFname:'%CustomerSeq%\mfc_3dflash' pulseSeq:'' seqName:'fl3dr1n3d6'
INFO: stdout 2025-01-14T18:34:25.512080:::autoBids:Siemens CSAseqFname:'%CustomerSeq%\mfc_3dflash' pulseSeq:'' seqName:'fl3dr1n3d6'
250114-18:34:25,512 nipype.interface INFO:
	 stdout 2025-01-14T18:34:25.512080:Convert 176 DICOM as /bgfs/bchandrasekaran/krs228/data/SSP/data_bids/sub-SSP054/anat/sub-SSP054_acq-MTw_echo-1_mt-on_MPM_heudiconv238_e1 (224x256x176x1)
INFO: stdout 2025-01-14T18:34:25.512080:Convert 176 DICOM as /bgfs/bchandrasekaran/krs228/data/SSP/data_bids/sub-SSP054/anat/sub-SSP054_acq-MTw_echo-1_mt-on_MPM_heudiconv238_e1 (224x256x176x1)
250114-18:34:26,276 nipype.interface INFO:
	 stdout 2025-01-14T18:34:26.276467:Conversion required 8.361518 seconds (5.600000 for core code).
INFO: stdout 2025-01-14T18:34:26.276467:Conversion required 8.361518 seconds (5.600000 for core code).
250114-18:34:26,376 nipype.workflow INFO:
	 [Node] Finished "convert".
INFO: [Node] Finished "convert".
WARNING: Failed to find task field in /bgfs/bchandrasekaran/krs228/data/SSP/data_bids/sub-SSP054/anat/sub-SSP054_acq-MTw_echo-1_echo-1_mt-on_MPM.json.
WARNING: Failed to find task field in /bgfs/bchandrasekaran/krs228/data/SSP/data_bids/sub-SSP054/anat/sub-SSP054_acq-MTw_echo-1_echo-2_mt-on_MPM.json.
WARNING: Failed to find task field in /bgfs/bchandrasekaran/krs228/data/SSP/data_bids/sub-SSP054/anat/sub-SSP054_acq-MTw_echo-1_echo-3_mt-on_MPM.json.
WARNING: Failed to find task field in /bgfs/bchandrasekaran/krs228/data/SSP/data_bids/sub-SSP054/anat/sub-SSP054_acq-MTw_echo-1_echo-4_mt-on_MPM.json.
WARNING: Failed to find task field in /bgfs/bchandrasekaran/krs228/data/SSP/data_bids/sub-SSP054/anat/sub-SSP054_acq-MTw_echo-1_echo-5_mt-on_MPM.json.
WARNING: Failed to find task field in /bgfs/bchandrasekaran/krs228/data/SSP/data_bids/sub-SSP054/anat/sub-SSP054_acq-MTw_echo-1_echo-6_mt-on_MPM.json.
WARNING: For now not embedding BIDS and info generated .nii.gz itself since sequence produced multiple files
INFO: Converting /bgfs/bchandrasekaran/krs228/data/SSP/data_bids/sub-SSP054/fmap/sub-SSP054_acq-b1_echo-1_MPM (1056 DICOMs) -> /bgfs/bchandrasekaran/krs228/data/SSP/data_bids/sub-SSP054/fmap . Converter: dcm2niix . Output types: ('nii.gz',)
250114-18:34:26,656 nipype.workflow INFO:
	 [Node] Setting-up "convert" in "/scratch/slurm-4829734/dcm2niix0jwh9bel/convert".
INFO: [Node] Setting-up "convert" in "/scratch/slurm-4829734/dcm2niix0jwh9bel/convert".
250114-18:34:26,907 nipype.workflow INFO:
	 [Node] Running "convert" ("nipype.interfaces.dcm2nii.Dcm2niix"), a CommandLine Interface with command:
dcm2niix -b y -z y -x n -t n -m n -f sub-SSP054_acq-b1_echo-1_MPM_heudiconv738 -o /bgfs/bchandrasekaran/krs228/data/SSP/data_bids/sub-SSP054/fmap -s n -v n /scratch/slurm-4829734/dcm2niix0jwh9bel/convert
INFO: [Node] Running "convert" ("nipype.interfaces.dcm2nii.Dcm2niix"), a CommandLine Interface with command:
dcm2niix -b y -z y -x n -t n -m n -f sub-SSP054_acq-b1_echo-1_MPM_heudiconv738 -o /bgfs/bchandrasekaran/krs228/data/SSP/data_bids/sub-SSP054/fmap -s n -v n /scratch/slurm-4829734/dcm2niix0jwh9bel/convert
250114-18:34:30,482 nipype.interface INFO:
	 stdout 2025-01-14T18:34:30.482087:Chris Rorden's dcm2niiX version v1.0.20240202  (JP2:OpenJPEG) (JP-LS:CharLS) GCC8.4.0 x86-64 (64-bit Linux)
INFO: stdout 2025-01-14T18:34:30.482087:Chris Rorden's dcm2niiX version v1.0.20240202  (JP2:OpenJPEG) (JP-LS:CharLS) GCC8.4.0 x86-64 (64-bit Linux)
250114-18:34:30,493 nipype.interface INFO:
	 stdout 2025-01-14T18:34:30.482087:Found 1056 DICOM file(s)
INFO: stdout 2025-01-14T18:34:30.482087:Found 1056 DICOM file(s)
250114-18:34:30,493 nipype.interface INFO:
	 stdout 2025-01-14T18:34:30.482087:Slices not stacked: echo varies (TE 130, 39.06; echo 2, 1). Use 'merge 2D slices' option to force stacking
INFO: stdout 2025-01-14T18:34:30.482087:Slices not stacked: echo varies (TE 130, 39.06; echo 2, 1). Use 'merge 2D slices' option to force stacking
250114-18:34:30,493 nipype.interface INFO:
	 stdout 2025-01-14T18:34:30.482087:Warning: Discrepancy between reported (0.5s) and estimated (12s) repetition time (issue 560).
INFO: stdout 2025-01-14T18:34:30.482087:Warning: Discrepancy between reported (0.5s) and estimated (12s) repetition time (issue 560).
250114-18:34:30,493 nipype.interface INFO:
	 stdout 2025-01-14T18:34:30.482087:Convert 528 DICOM as /bgfs/bchandrasekaran/krs228/data/SSP/data_bids/sub-SSP054/fmap/sub-SSP054_acq-b1_echo-1_MPM_heudiconv738_e2 (48x64x48x11)
INFO: stdout 2025-01-14T18:34:30.482087:Convert 528 DICOM as /bgfs/bchandrasekaran/krs228/data/SSP/data_bids/sub-SSP054/fmap/sub-SSP054_acq-b1_echo-1_MPM_heudiconv738_e2 (48x64x48x11)
250114-18:34:30,790 nipype.interface INFO:
	 stdout 2025-01-14T18:34:30.790078:Warning: Discrepancy between reported (0.5s) and estimated (12s) repetition time (issue 560).
INFO: stdout 2025-01-14T18:34:30.790078:Warning: Discrepancy between reported (0.5s) and estimated (12s) repetition time (issue 560).
250114-18:34:30,790 nipype.interface INFO:
	 stdout 2025-01-14T18:34:30.790078:Convert 528 DICOM as /bgfs/bchandrasekaran/krs228/data/SSP/data_bids/sub-SSP054/fmap/sub-SSP054_acq-b1_echo-1_MPM_heudiconv738_e1 (48x64x48x11)
INFO: stdout 2025-01-14T18:34:30.790078:Convert 528 DICOM as /bgfs/bchandrasekaran/krs228/data/SSP/data_bids/sub-SSP054/fmap/sub-SSP054_acq-b1_echo-1_MPM_heudiconv738_e1 (48x64x48x11)
250114-18:34:30,887 nipype.interface INFO:
	 stdout 2025-01-14T18:34:30.887354:Conversion required 3.717469 seconds (0.950000 for core code).
INFO: stdout 2025-01-14T18:34:30.887354:Conversion required 3.717469 seconds (0.950000 for core code).
250114-18:34:30,958 nipype.workflow INFO:
	 [Node] Finished "convert".
INFO: [Node] Finished "convert".
WARNING: Failed to find task field in /bgfs/bchandrasekaran/krs228/data/SSP/data_bids/sub-SSP054/fmap/sub-SSP054_acq-b1_echo-1_echo-1_MPM.json.
WARNING: Failed to find task field in /bgfs/bchandrasekaran/krs228/data/SSP/data_bids/sub-SSP054/fmap/sub-SSP054_acq-b1_echo-1_echo-2_MPM.json.
WARNING: For now not embedding BIDS and info generated .nii.gz itself since sequence produced multiple files
INFO: Converting /bgfs/bchandrasekaran/krs228/data/SSP/data_bids/sub-SSP054/fmap/sub-SSP054_desc-fmap_echo-1_part-mag_gre_MPM (128 DICOMs) -> /bgfs/bchandrasekaran/krs228/data/SSP/data_bids/sub-SSP054/fmap . Converter: dcm2niix . Output types: ('nii.gz',)
250114-18:34:31,29 nipype.workflow INFO:
	 [Node] Setting-up "convert" in "/scratch/slurm-4829734/dcm2niixmhbsi64z/convert".
INFO: [Node] Setting-up "convert" in "/scratch/slurm-4829734/dcm2niixmhbsi64z/convert".
250114-18:34:31,62 nipype.workflow INFO:
	 [Node] Running "convert" ("nipype.interfaces.dcm2nii.Dcm2niix"), a CommandLine Interface with command:
dcm2niix -b y -z y -x n -t n -m n -f sub-SSP054_desc-fmap_echo-1_part-mag_gre_MPM_heudiconv607 -o /bgfs/bchandrasekaran/krs228/data/SSP/data_bids/sub-SSP054/fmap -s n -v n /scratch/slurm-4829734/dcm2niixmhbsi64z/convert
INFO: [Node] Running "convert" ("nipype.interfaces.dcm2nii.Dcm2niix"), a CommandLine Interface with command:
dcm2niix -b y -z y -x n -t n -m n -f sub-SSP054_desc-fmap_echo-1_part-mag_gre_MPM_heudiconv607 -o /bgfs/bchandrasekaran/krs228/data/SSP/data_bids/sub-SSP054/fmap -s n -v n /scratch/slurm-4829734/dcm2niixmhbsi64z/convert
250114-18:34:31,738 nipype.interface INFO:
	 stdout 2025-01-14T18:34:31.738083:Chris Rorden's dcm2niiX version v1.0.20240202  (JP2:OpenJPEG) (JP-LS:CharLS) GCC8.4.0 x86-64 (64-bit Linux)
INFO: stdout 2025-01-14T18:34:31.738083:Chris Rorden's dcm2niiX version v1.0.20240202  (JP2:OpenJPEG) (JP-LS:CharLS) GCC8.4.0 x86-64 (64-bit Linux)
250114-18:34:31,738 nipype.interface INFO:
	 stdout 2025-01-14T18:34:31.738083:Found 128 DICOM file(s)
INFO: stdout 2025-01-14T18:34:31.738083:Found 128 DICOM file(s)
250114-18:34:31,738 nipype.interface INFO:
	 stdout 2025-01-14T18:34:31.738083:Slices not stacked: echo varies (TE 10, 12.46; echo 1, 2). Use 'merge 2D slices' option to force stacking
INFO: stdout 2025-01-14T18:34:31.738083:Slices not stacked: echo varies (TE 10, 12.46; echo 1, 2). Use 'merge 2D slices' option to force stacking
250114-18:34:31,738 nipype.interface INFO:
	 stdout 2025-01-14T18:34:31.738083:Convert 64 DICOM as /bgfs/bchandrasekaran/krs228/data/SSP/data_bids/sub-SSP054/fmap/sub-SSP054_desc-fmap_echo-1_part-mag_gre_MPM_heudiconv607_e1 (64x64x64x1)
INFO: stdout 2025-01-14T18:34:31.738083:Convert 64 DICOM as /bgfs/bchandrasekaran/krs228/data/SSP/data_bids/sub-SSP054/fmap/sub-SSP054_desc-fmap_echo-1_part-mag_gre_MPM_heudiconv607_e1 (64x64x64x1)
250114-18:34:31,786 nipype.interface INFO:
	 stdout 2025-01-14T18:34:31.786068:Convert 64 DICOM as /bgfs/bchandrasekaran/krs228/data/SSP/data_bids/sub-SSP054/fmap/sub-SSP054_desc-fmap_echo-1_part-mag_gre_MPM_heudiconv607_e2 (64x64x64x1)
INFO: stdout 2025-01-14T18:34:31.786068:Convert 64 DICOM as /bgfs/bchandrasekaran/krs228/data/SSP/data_bids/sub-SSP054/fmap/sub-SSP054_desc-fmap_echo-1_part-mag_gre_MPM_heudiconv607_e2 (64x64x64x1)
250114-18:34:31,793 nipype.interface INFO:
	 stdout 2025-01-14T18:34:31.793777:Conversion required 0.471389 seconds (0.120000 for core code).
INFO: stdout 2025-01-14T18:34:31.793777:Conversion required 0.471389 seconds (0.120000 for core code).
250114-18:34:31,832 nipype.workflow INFO:
	 [Node] Finished "convert".
INFO: [Node] Finished "convert".
WARNING: Failed to find task field in /bgfs/bchandrasekaran/krs228/data/SSP/data_bids/sub-SSP054/fmap/sub-SSP054_desc-fmap_echo-1_echo-1_part-mag_gre_MPM.json.
WARNING: Failed to find task field in /bgfs/bchandrasekaran/krs228/data/SSP/data_bids/sub-SSP054/fmap/sub-SSP054_desc-fmap_echo-1_echo-2_part-mag_gre_MPM.json.
WARNING: For now not embedding BIDS and info generated .nii.gz itself since sequence produced multiple files
INFO: Converting /bgfs/bchandrasekaran/krs228/data/SSP/data_bids/sub-SSP054/fmap/sub-SSP054_desc-fmap_echo-1_MPM (64 DICOMs) -> /bgfs/bchandrasekaran/krs228/data/SSP/data_bids/sub-SSP054/fmap . Converter: dcm2niix . Output types: ('nii.gz',)
250114-18:34:31,894 nipype.workflow INFO:
	 [Node] Setting-up "convert" in "/scratch/slurm-4829734/dcm2niixgakcw1r5/convert".
INFO: [Node] Setting-up "convert" in "/scratch/slurm-4829734/dcm2niixgakcw1r5/convert".
250114-18:34:31,912 nipype.workflow INFO:
	 [Node] Running "convert" ("nipype.interfaces.dcm2nii.Dcm2niix"), a CommandLine Interface with command:
dcm2niix -b y -z y -x n -t n -m n -f sub-SSP054_desc-fmap_echo-1_MPM_heudiconv671 -o /bgfs/bchandrasekaran/krs228/data/SSP/data_bids/sub-SSP054/fmap -s n -v n /scratch/slurm-4829734/dcm2niixgakcw1r5/convert
INFO: [Node] Running "convert" ("nipype.interfaces.dcm2nii.Dcm2niix"), a CommandLine Interface with command:
dcm2niix -b y -z y -x n -t n -m n -f sub-SSP054_desc-fmap_echo-1_MPM_heudiconv671 -o /bgfs/bchandrasekaran/krs228/data/SSP/data_bids/sub-SSP054/fmap -s n -v n /scratch/slurm-4829734/dcm2niixgakcw1r5/convert
250114-18:34:32,379 nipype.interface INFO:
	 stdout 2025-01-14T18:34:32.379080:Chris Rorden's dcm2niiX version v1.0.20240202  (JP2:OpenJPEG) (JP-LS:CharLS) GCC8.4.0 x86-64 (64-bit Linux)
INFO: stdout 2025-01-14T18:34:32.379080:Chris Rorden's dcm2niiX version v1.0.20240202  (JP2:OpenJPEG) (JP-LS:CharLS) GCC8.4.0 x86-64 (64-bit Linux)
250114-18:34:32,379 nipype.interface INFO:
	 stdout 2025-01-14T18:34:32.379080:Found 64 DICOM file(s)
INFO: stdout 2025-01-14T18:34:32.379080:Found 64 DICOM file(s)
250114-18:34:32,379 nipype.interface INFO:
	 stdout 2025-01-14T18:34:32.379080:Convert 64 DICOM as /bgfs/bchandrasekaran/krs228/data/SSP/data_bids/sub-SSP054/fmap/sub-SSP054_desc-fmap_echo-1_MPM_heudiconv671_e2_ph (64x64x64x1)
INFO: stdout 2025-01-14T18:34:32.379080:Convert 64 DICOM as /bgfs/bchandrasekaran/krs228/data/SSP/data_bids/sub-SSP054/fmap/sub-SSP054_desc-fmap_echo-1_MPM_heudiconv671_e2_ph (64x64x64x1)
250114-18:34:32,384 nipype.interface INFO:
	 stdout 2025-01-14T18:34:32.384710:Conversion required 0.212440 seconds (0.060000 for core code).
INFO: stdout 2025-01-14T18:34:32.384710:Conversion required 0.212440 seconds (0.060000 for core code).
250114-18:34:32,415 nipype.workflow INFO:
	 [Node] Finished "convert".
INFO: [Node] Finished "convert".
WARNING: Failed to find task field in /bgfs/bchandrasekaran/krs228/data/SSP/data_bids/sub-SSP054/fmap/sub-SSP054_desc-fmap_echo-1_MPM.json.
250114-18:34:32,445 nipype.workflow INFO:
	 [Node] Setting-up "embedder" in "/scratch/slurm-4829734/embedmeta283ytymg/embedder".
INFO: [Node] Setting-up "embedder" in "/scratch/slurm-4829734/embedmeta283ytymg/embedder".
250114-18:34:32,456 nipype.workflow INFO:
	 [Node] Running "embedder" ("nipype.interfaces.utility.wrappers.Function")
INFO: [Node] Running "embedder" ("nipype.interfaces.utility.wrappers.Function")
250114-18:34:33,846 nipype.workflow INFO:
	 [Node] Finished "embedder".
INFO: [Node] Finished "embedder".
INFO: Post-treating /bgfs/bchandrasekaran/krs228/data/SSP/data_bids/sub-SSP054/fmap/sub-SSP054_desc-fmap_echo-1_MPM.json file
INFO: Adding "IntendedFor" to the fieldmaps in /bgfs/bchandrasekaran/krs228/data/SSP/data_bids/sub-SSP054.
Traceback (most recent call last):
  File "/bgfs/bchandrasekaran/krs228/software/miniconda3/envs/py3/bin/heudiconv", line 8, in <module>
    sys.exit(main())
  File "/bgfs/bchandrasekaran/krs228/software/miniconda3/envs/py3/lib/python3.9/site-packages/heudiconv/cli/run.py", line 24, in main
    workflow(**kwargs)
  File "/bgfs/bchandrasekaran/krs228/software/miniconda3/envs/py3/lib/python3.9/site-packages/heudiconv/main.py", line 379, in workflow
    prep_conversion(sid,
  File "/bgfs/bchandrasekaran/krs228/software/miniconda3/envs/py3/lib/python3.9/site-packages/heudiconv/convert.py", line 207, in prep_conversion
    convert(cinfo,
  File "/bgfs/bchandrasekaran/krs228/software/miniconda3/envs/py3/lib/python3.9/site-packages/heudiconv/convert.py", line 602, in convert
    populate_intended_for(session_path, **populate_intended_for_opts)
  File "/bgfs/bchandrasekaran/krs228/software/miniconda3/envs/py3/lib/python3.9/site-packages/heudiconv/bids.py", line 904, in populate_intended_for
    compatible_fmaps = find_compatible_fmaps_for_session(
  File "/bgfs/bchandrasekaran/krs228/software/miniconda3/envs/py3/lib/python3.9/site-packages/heudiconv/bids.py", line 757, in find_compatible_fmaps_for_session
    compatible_fmaps = {
  File "/bgfs/bchandrasekaran/krs228/software/miniconda3/envs/py3/lib/python3.9/site-packages/heudiconv/bids.py", line 758, in <dictcomp>
    j: find_compatible_fmaps_for_run(j, fmap_groups, matching_parameters)
  File "/bgfs/bchandrasekaran/krs228/software/miniconda3/envs/py3/lib/python3.9/site-packages/heudiconv/bids.py", line 699, in find_compatible_fmaps_for_run
    fm_info = get_key_info_for_fmap_assignment(fm_group[0], param)
  File "/bgfs/bchandrasekaran/krs228/software/miniconda3/envs/py3/lib/python3.9/site-packages/heudiconv/bids.py", line 661, in get_key_info_for_fmap_assignment
    return key_info
UnboundLocalError: local variable 'key_info' referenced before assignment
